<?xml version="1.0" encoding="UTF-8"?>
<coverage generated="1754398612872" clover="3.2.0">
  <project timestamp="1754398612872" name="All files">
    <metrics statements="7553" coveredstatements="1314" conditionals="5113" coveredconditionals="635" methods="1517" coveredmethods="275" elements="14183" coveredelements="2224" complexity="0" loc="7553" ncloc="7553" packages="7" files="100" classes="100"/>
    <package name="src">
      <metrics statements="31" coveredstatements="0" conditionals="12" coveredconditionals="0" methods="9" coveredmethods="0"/>
      <file name="App.js" path="/home/runner/work/sgex/sgex/src/App.js">
        <metrics statements="8" coveredstatements="0" conditionals="4" coveredconditionals="0" methods="3" coveredmethods="0"/>
        <line num="35" count="0" type="stmt"/>
        <line num="38" count="0" type="cond" truecount="0" falsecount="4"/>
        <line num="40" count="0" type="stmt"/>
        <line num="41" count="0" type="stmt"/>
        <line num="42" count="0" type="stmt"/>
        <line num="47" count="0" type="stmt"/>
        <line num="48" count="0" type="stmt"/>
        <line num="52" count="0" type="stmt"/>
      </file>
      <file name="index.js" path="/home/runner/work/sgex/sgex/src/index.js">
        <metrics statements="3" coveredstatements="0" conditionals="0" coveredconditionals="0" methods="0" coveredmethods="0"/>
        <line num="7" count="0" type="stmt"/>
        <line num="8" count="0" type="stmt"/>
        <line num="17" count="0" type="stmt"/>
      </file>
      <file name="reportWebVitals.js" path="/home/runner/work/sgex/sgex/src/reportWebVitals.js">
        <metrics statements="8" coveredstatements="0" conditionals="4" coveredconditionals="0" methods="2" coveredmethods="0"/>
        <line num="1" count="0" type="stmt"/>
        <line num="2" count="0" type="cond" truecount="0" falsecount="4"/>
        <line num="3" count="0" type="stmt"/>
        <line num="4" count="0" type="stmt"/>
        <line num="5" count="0" type="stmt"/>
        <line num="6" count="0" type="stmt"/>
        <line num="7" count="0" type="stmt"/>
        <line num="8" count="0" type="stmt"/>
      </file>
      <file name="setupProxy.js" path="/home/runner/work/sgex/sgex/src/setupProxy.js">
        <metrics statements="12" coveredstatements="0" conditionals="4" coveredconditionals="0" methods="4" coveredmethods="0"/>
        <line num="13" count="0" type="stmt"/>
        <line num="15" count="0" type="stmt"/>
        <line num="17" count="0" type="stmt"/>
        <line num="33" count="0" type="stmt"/>
        <line num="35" count="0" type="stmt"/>
        <line num="36" count="0" type="stmt"/>
        <line num="37" count="0" type="stmt"/>
        <line num="40" count="0" type="stmt"/>
        <line num="41" count="0" type="cond" truecount="0" falsecount="2"/>
        <line num="42" count="0" type="stmt"/>
        <line num="46" count="0" type="stmt"/>
        <line num="47" count="0" type="stmt"/>
      </file>
    </package>
    <package name="src.components">
      <metrics statements="4606" coveredstatements="183" conditionals="3322" coveredconditionals="96" methods="958" coveredmethods="35"/>
      <file name="ActorEditor.js" path="/home/runner/work/sgex/sgex/src/components/ActorEditor.js">
        <metrics statements="187" coveredstatements="0" conditionals="157" coveredconditionals="0" methods="83" coveredmethods="0"/>
        <line num="7" count="0" type="stmt"/>
        <line num="8" count="0" type="stmt"/>
        <line num="15" count="0" type="stmt"/>
        <line num="16" count="0" type="stmt"/>
        <line num="17" count="0" type="stmt"/>
        <line num="21" count="0" type="stmt"/>
        <line num="24" count="0" type="stmt"/>
        <line num="25" count="0" type="stmt"/>
        <line num="26" count="0" type="stmt"/>
        <line num="27" count="0" type="stmt"/>
        <line num="28" count="0" type="stmt"/>
        <line num="29" count="0" type="stmt"/>
        <line num="30" count="0" type="stmt"/>
        <line num="31" count="0" type="stmt"/>
        <line num="32" count="0" type="stmt"/>
        <line num="35" count="0" type="stmt"/>
        <line num="36" count="0" type="stmt"/>
        <line num="37" count="0" type="stmt"/>
        <line num="39" count="0" type="stmt"/>
        <line num="40" count="0" type="cond" truecount="0" falsecount="2"/>
        <line num="42" count="0" type="stmt"/>
        <line num="43" count="0" type="cond" truecount="0" falsecount="2"/>
        <line num="44" count="0" type="stmt"/>
        <line num="47" count="0" type="stmt"/>
        <line num="51" count="0" type="stmt"/>
        <line num="55" count="0" type="stmt"/>
        <line num="58" count="0" type="stmt"/>
        <line num="59" count="0" type="stmt"/>
        <line num="62" count="0" type="stmt"/>
        <line num="65" count="0" type="stmt"/>
        <line num="69" count="0" type="stmt"/>
        <line num="70" count="0" type="stmt"/>
        <line num="76" count="0" type="cond" truecount="0" falsecount="2"/>
        <line num="77" count="0" type="stmt"/>
        <line num="78" count="0" type="stmt"/>
        <line num="79" count="0" type="stmt"/>
        <line num="80" count="0" type="stmt"/>
        <line num="86" count="0" type="stmt"/>
        <line num="87" count="0" type="stmt"/>
        <line num="88" count="0" type="stmt"/>
        <line num="89" count="0" type="cond" truecount="0" falsecount="2"/>
        <line num="90" count="0" type="stmt"/>
        <line num="93" count="0" type="cond" truecount="0" falsecount="2"/>
        <line num="94" count="0" type="stmt"/>
        <line num="97" count="0" type="stmt"/>
        <line num="98" count="0" type="stmt"/>
        <line num="103" count="0" type="cond" truecount="0" falsecount="1"/>
        <line num="104" count="0" type="stmt"/>
        <line num="111" count="0" type="stmt"/>
        <line num="112" count="0" type="stmt"/>
        <line num="114" count="0" type="stmt"/>
        <line num="119" count="0" type="stmt"/>
        <line num="120" count="0" type="cond" truecount="0" falsecount="2"/>
        <line num="122" count="0" type="stmt"/>
        <line num="124" count="0" type="cond" truecount="0" falsecount="2"/>
        <line num="125" count="0" type="stmt"/>
        <line num="126" count="0" type="stmt"/>
        <line num="127" count="0" type="cond" truecount="0" falsecount="2"/>
        <line num="128" count="0" type="cond" truecount="0" falsecount="2"/>
        <line num="129" count="0" type="cond" truecount="0" falsecount="2"/>
        <line num="130" count="0" type="cond" truecount="0" falsecount="2"/>
        <line num="131" count="0" type="cond" truecount="0" falsecount="2"/>
        <line num="132" count="0" type="stmt"/>
        <line num="134" count="0" type="stmt"/>
        <line num="135" count="0" type="stmt"/>
        <line num="138" count="0" type="stmt"/>
        <line num="139" count="0" type="stmt"/>
        <line num="143" count="0" type="stmt"/>
        <line num="144" count="0" type="cond" truecount="0" falsecount="2"/>
        <line num="145" count="0" type="stmt"/>
        <line num="148" count="0" type="stmt"/>
        <line num="150" count="0" type="stmt"/>
        <line num="151" count="0" type="stmt"/>
        <line num="153" count="0" type="cond" truecount="0" falsecount="2"/>
        <line num="155" count="0" type="stmt"/>
        <line num="158" count="0" type="stmt"/>
        <line num="161" count="0" type="cond" truecount="0" falsecount="2"/>
        <line num="162" count="0" type="cond" truecount="0" falsecount="4"/>
        <line num="165" count="0" type="stmt"/>
        <line num="168" count="0" type="stmt"/>
        <line num="169" count="0" type="stmt"/>
        <line num="172" count="0" type="stmt"/>
        <line num="176" count="0" type="stmt"/>
        <line num="177" count="0" type="cond" truecount="0" falsecount="2"/>
        <line num="179" count="0" type="stmt"/>
        <line num="180" count="0" type="stmt"/>
        <line num="181" count="0" type="stmt"/>
        <line num="182" count="0" type="stmt"/>
        <line num="184" count="0" type="stmt"/>
        <line num="185" count="0" type="stmt"/>
        <line num="190" count="0" type="stmt"/>
        <line num="191" count="0" type="stmt"/>
        <line num="199" count="0" type="stmt"/>
        <line num="203" count="0" type="stmt"/>
        <line num="204" count="0" type="stmt"/>
        <line num="205" count="0" type="cond" truecount="0" falsecount="2"/>
        <line num="206" count="0" type="stmt"/>
        <line num="207" count="0" type="stmt"/>
        <line num="208" count="0" type="stmt"/>
        <line num="211" count="0" type="cond" truecount="0" falsecount="4"/>
        <line num="216" count="0" type="stmt"/>
        <line num="217" count="0" type="cond" truecount="0" falsecount="2"/>
        <line num="218" count="0" type="stmt"/>
        <line num="219" count="0" type="cond" truecount="0" falsecount="2"/>
        <line num="220" count="0" type="stmt"/>
        <line num="223" count="0" type="cond" truecount="0" falsecount="2"/>
        <line num="224" count="0" type="stmt"/>
        <line num="225" count="0" type="cond" truecount="0" falsecount="4"/>
        <line num="234" count="0" type="stmt"/>
        <line num="235" count="0" type="cond" truecount="0" falsecount="4"/>
        <line num="236" count="0" type="stmt"/>
        <line num="240" count="0" type="cond" truecount="0" falsecount="4"/>
        <line num="241" count="0" type="stmt"/>
        <line num="253" count="0" type="cond" truecount="0" falsecount="2"/>
        <line num="254" count="0" type="stmt"/>
        <line num="266" count="0" type="stmt"/>
        <line num="274" count="0" type="stmt"/>
        <line num="314" count="0" type="stmt"/>
        <line num="324" count="0" type="stmt"/>
        <line num="327" count="0" type="stmt"/>
        <line num="340" count="0" type="stmt"/>
        <line num="350" count="0" type="stmt"/>
        <line num="356" count="0" type="stmt"/>
        <line num="377" count="0" type="stmt"/>
        <line num="383" count="0" type="stmt"/>
        <line num="389" count="0" type="stmt"/>
        <line num="395" count="0" type="stmt"/>
        <line num="450" count="0" type="stmt"/>
        <line num="451" count="0" type="stmt"/>
        <line num="455" count="0" type="stmt"/>
        <line num="467" count="0" type="stmt"/>
        <line num="468" count="0" type="stmt"/>
        <line num="485" count="0" type="stmt"/>
        <line num="486" count="0" type="stmt"/>
        <line num="495" count="0" type="stmt"/>
        <line num="510" count="0" type="stmt"/>
        <line num="522" count="0" type="stmt"/>
        <line num="535" count="0" type="stmt"/>
        <line num="552" count="0" type="stmt"/>
        <line num="553" count="0" type="stmt"/>
        <line num="561" count="0" type="stmt"/>
        <line num="570" count="0" type="stmt"/>
        <line num="575" count="0" type="stmt"/>
        <line num="587" count="0" type="stmt"/>
        <line num="596" count="0" type="stmt"/>
        <line num="606" count="0" type="stmt"/>
        <line num="619" count="0" type="stmt"/>
        <line num="627" count="0" type="stmt"/>
        <line num="632" count="0" type="stmt"/>
        <line num="644" count="0" type="stmt"/>
        <line num="653" count="0" type="stmt"/>
        <line num="663" count="0" type="stmt"/>
        <line num="676" count="0" type="stmt"/>
        <line num="684" count="0" type="stmt"/>
        <line num="689" count="0" type="stmt"/>
        <line num="701" count="0" type="stmt"/>
        <line num="710" count="0" type="stmt"/>
        <line num="720" count="0" type="stmt"/>
        <line num="731" count="0" type="stmt"/>
        <line num="732" count="0" type="stmt"/>
        <line num="742" count="0" type="stmt"/>
        <line num="756" count="0" type="stmt"/>
        <line num="768" count="0" type="stmt"/>
        <line num="783" count="0" type="stmt"/>
        <line num="791" count="0" type="stmt"/>
        <line num="796" count="0" type="stmt"/>
        <line num="807" count="0" type="stmt"/>
        <line num="823" count="0" type="stmt"/>
        <line num="833" count="0" type="stmt"/>
        <line num="844" count="0" type="stmt"/>
        <line num="845" count="0" type="stmt"/>
        <line num="854" count="0" type="stmt"/>
        <line num="862" count="0" type="stmt"/>
        <line num="876" count="0" type="stmt"/>
        <line num="886" count="0" type="stmt"/>
        <line num="894" count="0" type="stmt"/>
        <line num="900" count="0" type="cond" truecount="0" falsecount="2"/>
        <line num="901" count="0" type="stmt"/>
        <line num="902" count="0" type="stmt"/>
        <line num="916" count="0" type="cond" truecount="0" falsecount="2"/>
        <line num="917" count="0" type="stmt"/>
        <line num="918" count="0" type="stmt"/>
        <line num="929" count="0" type="cond" truecount="0" falsecount="2"/>
        <line num="930" count="0" type="stmt"/>
        <line num="931" count="0" type="stmt"/>
        <line num="946" count="0" type="stmt"/>
        <line num="948" count="0" type="stmt"/>
      </file>
      <file name="AssetEditorTest.js" path="/home/runner/work/sgex/sgex/src/components/AssetEditorTest.js">
        <metrics statements="11" coveredstatements="0" conditionals="2" coveredconditionals="0" methods="3" coveredmethods="0"/>
        <line num="7" count="0" type="stmt"/>
        <line num="8" count="0" type="stmt"/>
        <line num="10" count="0" type="stmt"/>
        <line num="13" count="0" type="stmt"/>
        <line num="19" count="0" type="stmt"/>
        <line num="25" count="0" type="stmt"/>
        <line num="26" count="0" type="stmt"/>
        <line num="27" count="0" type="stmt"/>
        <line num="30" count="0" type="stmt"/>
        <line num="32" count="0" type="stmt"/>
        <line num="63" count="0" type="stmt"/>
      </file>
      <file name="BPMNEditor.js" path="/home/runner/work/sgex/sgex/src/components/BPMNEditor.js">
        <metrics statements="127" coveredstatements="0" conditionals="74" coveredconditionals="0" methods="19" coveredmethods="0"/>
        <line num="8" count="0" type="stmt"/>
        <line num="9" count="0" type="stmt"/>
        <line num="10" count="0" type="stmt"/>
        <line num="11" count="0" type="stmt"/>
        <line num="12" count="0" type="stmt"/>
        <line num="14" count="0" type="stmt"/>
        <line num="15" count="0" type="stmt"/>
        <line num="16" count="0" type="stmt"/>
        <line num="17" count="0" type="stmt"/>
        <line num="18" count="0" type="stmt"/>
        <line num="19" count="0" type="stmt"/>
        <line num="22" count="0" type="stmt"/>
        <line num="24" count="0" type="stmt"/>
        <line num="25" count="0" type="cond" truecount="0" falsecount="5"/>
        <line num="26" count="0" type="stmt"/>
        <line num="27" count="0" type="stmt"/>
        <line num="30" count="0" type="stmt"/>
        <line num="32" count="0" type="stmt"/>
        <line num="38" count="0" type="cond" truecount="0" falsecount="2"/>
        <line num="39" count="0" type="stmt"/>
        <line num="42" count="0" type="stmt"/>
        <line num="43" count="0" type="stmt"/>
        <line num="46" count="0" type="stmt"/>
        <line num="47" count="0" type="cond" truecount="0" falsecount="2"/>
        <line num="48" count="0" type="stmt"/>
        <line num="49" count="0" type="stmt"/>
        <line num="51" count="0" type="stmt"/>
        <line num="53" count="0" type="stmt"/>
        <line num="59" count="0" type="stmt"/>
        <line num="60" count="0" type="stmt"/>
        <line num="61" count="0" type="cond" truecount="0" falsecount="4"/>
        <line num="62" count="0" type="stmt"/>
        <line num="63" count="0" type="stmt"/>
        <line num="66" count="0" type="stmt"/>
        <line num="67" count="0" type="stmt"/>
        <line num="68" count="0" type="stmt"/>
        <line num="71" count="0" type="cond" truecount="0" falsecount="2"/>
        <line num="72" count="0" type="stmt"/>
        <line num="73" count="0" type="stmt"/>
        <line num="74" count="0" type="stmt"/>
        <line num="81" count="0" type="cond" truecount="0" falsecount="2"/>
        <line num="82" count="0" type="stmt"/>
        <line num="85" count="0" type="stmt"/>
        <line num="86" count="0" type="stmt"/>
        <line num="87" count="0" type="stmt"/>
        <line num="89" count="0" type="stmt"/>
        <line num="95" count="0" type="stmt"/>
        <line num="119" count="0" type="stmt"/>
        <line num="120" count="0" type="stmt"/>
        <line num="122" count="0" type="stmt"/>
        <line num="123" count="0" type="stmt"/>
        <line num="124" count="0" type="stmt"/>
        <line num="128" count="0" type="stmt"/>
        <line num="132" count="0" type="stmt"/>
        <line num="133" count="0" type="cond" truecount="0" falsecount="2"/>
        <line num="134" count="0" type="stmt"/>
        <line num="136" count="0" type="stmt"/>
        <line num="138" count="0" type="stmt"/>
        <line num="141" count="0" type="stmt"/>
        <line num="145" count="0" type="stmt"/>
        <line num="147" count="0" type="stmt"/>
        <line num="148" count="0" type="cond" truecount="0" falsecount="2"/>
        <line num="149" count="0" type="stmt"/>
        <line num="156" count="0" type="stmt"/>
        <line num="157" count="0" type="stmt"/>
        <line num="158" count="0" type="cond" truecount="0" falsecount="2"/>
        <line num="160" count="0" type="stmt"/>
        <line num="165" count="0" type="stmt"/>
        <line num="166" count="0" type="cond" truecount="0" falsecount="5"/>
        <line num="167" count="0" type="stmt"/>
        <line num="170" count="0" type="stmt"/>
        <line num="172" count="0" type="stmt"/>
        <line num="175" count="0" type="cond" truecount="0" falsecount="4"/>
        <line num="176" count="0" type="stmt"/>
        <line num="179" count="0" type="stmt"/>
        <line num="180" count="0" type="stmt"/>
        <line num="181" count="0" type="stmt"/>
        <line num="186" count="0" type="stmt"/>
        <line num="188" count="0" type="stmt"/>
        <line num="192" count="0" type="stmt"/>
        <line num="205" count="0" type="stmt"/>
        <line num="206" count="0" type="stmt"/>
        <line num="210" count="0" type="stmt"/>
        <line num="212" count="0" type="stmt"/>
        <line num="213" count="0" type="stmt"/>
        <line num="218" count="0" type="stmt"/>
        <line num="219" count="0" type="stmt"/>
        <line num="220" count="0" type="stmt"/>
        <line num="221" count="0" type="stmt"/>
        <line num="222" count="0" type="stmt"/>
        <line num="225" count="0" type="stmt"/>
        <line num="226" count="0" type="stmt"/>
        <line num="228" count="0" type="cond" truecount="0" falsecount="4"/>
        <line num="229" count="0" type="stmt"/>
        <line num="232" count="0" type="stmt"/>
        <line num="236" count="0" type="cond" truecount="0" falsecount="2"/>
        <line num="237" count="0" type="stmt"/>
        <line num="238" count="0" type="stmt"/>
        <line num="239" count="0" type="stmt"/>
        <line num="240" count="0" type="stmt"/>
        <line num="244" count="0" type="stmt"/>
        <line num="245" count="0" type="cond" truecount="0" falsecount="4"/>
        <line num="246" count="0" type="stmt"/>
        <line num="247" count="0" type="stmt"/>
        <line num="248" count="0" type="cond" truecount="0" falsecount="2"/>
        <line num="249" count="0" type="stmt"/>
        <line num="250" count="0" type="stmt"/>
        <line num="253" count="0" type="stmt"/>
        <line num="258" count="0" type="cond" truecount="0" falsecount="2"/>
        <line num="259" count="0" type="stmt"/>
        <line num="300" count="0" type="stmt"/>
        <line num="303" count="0" type="stmt"/>
        <line num="304" count="0" type="stmt"/>
        <line num="306" count="0" type="stmt"/>
        <line num="308" count="0" type="stmt"/>
        <line num="309" count="0" type="stmt"/>
        <line num="310" count="0" type="stmt"/>
        <line num="315" count="0" type="stmt"/>
        <line num="316" count="0" type="stmt"/>
        <line num="317" count="0" type="stmt"/>
        <line num="321" count="0" type="cond" truecount="0" falsecount="4"/>
        <line num="322" count="0" type="stmt"/>
        <line num="323" count="0" type="stmt"/>
        <line num="327" count="0" type="stmt"/>
        <line num="329" count="0" type="stmt"/>
        <line num="364" count="0" type="stmt"/>
        <line num="367" count="0" type="stmt"/>
      </file>
      <file name="BPMNPreview.js" path="/home/runner/work/sgex/sgex/src/components/BPMNPreview.js">
        <metrics statements="54" coveredstatements="0" conditionals="26" coveredconditionals="0" methods="4" coveredmethods="0"/>
        <line num="6" count="0" type="stmt"/>
        <line num="7" count="0" type="stmt"/>
        <line num="8" count="0" type="stmt"/>
        <line num="9" count="0" type="stmt"/>
        <line num="10" count="0" type="stmt"/>
        <line num="12" count="0" type="stmt"/>
        <line num="13" count="0" type="stmt"/>
        <line num="14" count="0" type="cond" truecount="0" falsecount="5"/>
        <line num="16" count="0" type="stmt"/>
        <line num="17" count="0" type="stmt"/>
        <line num="18" count="0" type="stmt"/>
        <line num="21" count="0" type="cond" truecount="0" falsecount="2"/>
        <line num="22" count="0" type="stmt"/>
        <line num="25" count="0" type="cond" truecount="0" falsecount="2"/>
        <line num="26" count="0" type="stmt"/>
        <line num="27" count="0" type="cond" truecount="0" falsecount="2"/>
        <line num="28" count="0" type="cond" truecount="0" falsecount="2"/>
        <line num="32" count="0" type="cond" truecount="0" falsecount="2"/>
        <line num="34" count="0" type="stmt"/>
        <line num="35" count="0" type="stmt"/>
        <line num="85" count="0" type="stmt"/>
        <line num="86" count="0" type="stmt"/>
        <line num="88" count="0" type="stmt"/>
        <line num="90" count="0" type="stmt"/>
        <line num="91" count="0" type="stmt"/>
        <line num="143" count="0" type="stmt"/>
        <line num="144" count="0" type="stmt"/>
        <line num="146" count="0" type="stmt"/>
        <line num="148" count="0" type="stmt"/>
        <line num="151" count="0" type="stmt"/>
        <line num="154" count="0" type="stmt"/>
        <line num="155" count="0" type="stmt"/>
        <line num="157" count="0" type="stmt"/>
        <line num="159" count="0" type="stmt"/>
        <line num="160" count="0" type="stmt"/>
        <line num="161" count="0" type="stmt"/>
        <line num="165" count="0" type="stmt"/>
        <line num="166" count="0" type="stmt"/>
        <line num="167" count="0" type="stmt"/>
        <line num="172" count="0" type="stmt"/>
        <line num="173" count="0" type="cond" truecount="0" falsecount="2"/>
        <line num="174" count="0" type="stmt"/>
        <line num="175" count="0" type="stmt"/>
        <line num="177" count="0" type="stmt"/>
        <line num="179" count="0" type="stmt"/>
        <line num="184" count="0" type="cond" truecount="0" falsecount="5"/>
        <line num="185" count="0" type="stmt"/>
        <line num="187" count="0" type="stmt"/>
        <line num="190" count="0" type="stmt"/>
        <line num="193" count="0" type="cond" truecount="0" falsecount="2"/>
        <line num="194" count="0" type="stmt"/>
        <line num="204" count="0" type="cond" truecount="0" falsecount="2"/>
        <line num="205" count="0" type="stmt"/>
        <line num="214" count="0" type="stmt"/>
      </file>
      <file name="BPMNPreview_old.js" path="/home/runner/work/sgex/sgex/src/components/BPMNPreview_old.js">
        <metrics statements="40" coveredstatements="0" conditionals="17" coveredconditionals="0" methods="7" coveredmethods="0"/>
        <line num="6" count="0" type="stmt"/>
        <line num="7" count="0" type="stmt"/>
        <line num="8" count="0" type="stmt"/>
        <line num="9" count="0" type="stmt"/>
        <line num="10" count="0" type="stmt"/>
        <line num="12" count="0" type="stmt"/>
        <line num="13" count="0" type="stmt"/>
        <line num="14" count="0" type="cond" truecount="0" falsecount="5"/>
        <line num="16" count="0" type="stmt"/>
        <line num="17" count="0" type="stmt"/>
        <line num="18" count="0" type="stmt"/>
        <line num="21" count="0" type="cond" truecount="0" falsecount="2"/>
        <line num="22" count="0" type="stmt"/>
        <line num="25" count="0" type="cond" truecount="0" falsecount="2"/>
        <line num="26" count="0" type="stmt"/>
        <line num="27" count="0" type="cond" truecount="0" falsecount="2"/>
        <line num="30" count="0" type="stmt"/>
        <line num="80" count="0" type="stmt"/>
        <line num="86" count="0" type="stmt"/>
        <line num="89" count="0" type="stmt"/>
        <line num="90" count="0" type="stmt"/>
        <line num="91" count="0" type="stmt"/>
        <line num="94" count="0" type="stmt"/>
        <line num="97" count="0" type="stmt"/>
        <line num="98" count="0" type="stmt"/>
        <line num="100" count="0" type="stmt"/>
        <line num="101" count="0" type="stmt"/>
        <line num="103" count="0" type="stmt"/>
        <line num="104" count="0" type="stmt"/>
        <line num="105" count="0" type="stmt"/>
        <line num="110" count="0" type="stmt"/>
        <line num="111" count="0" type="stmt"/>
        <line num="114" count="0" type="stmt"/>
        <line num="115" count="0" type="stmt"/>
        <line num="116" count="0" type="cond" truecount="0" falsecount="2"/>
        <line num="117" count="0" type="stmt"/>
        <line num="118" count="0" type="stmt"/>
        <line num="120" count="0" type="stmt"/>
        <line num="122" count="0" type="stmt"/>
        <line num="127" count="0" type="stmt"/>
      </file>
      <file name="BPMNSource.js" path="/home/runner/work/sgex/sgex/src/components/BPMNSource.js">
        <metrics statements="89" coveredstatements="0" conditionals="52" coveredconditionals="0" methods="16" coveredmethods="0"/>
        <line num="7" count="0" type="stmt"/>
        <line num="8" count="0" type="stmt"/>
        <line num="9" count="0" type="stmt"/>
        <line num="11" count="0" type="cond" truecount="0" falsecount="2"/>
        <line num="14" count="0" type="stmt"/>
        <line num="16" count="0" type="stmt"/>
        <line num="17" count="0" type="stmt"/>
        <line num="18" count="0" type="stmt"/>
        <line num="19" count="0" type="stmt"/>
        <line num="22" count="0" type="stmt"/>
        <line num="23" count="0" type="stmt"/>
        <line num="24" count="0" type="cond" truecount="0" falsecount="4"/>
        <line num="25" count="0" type="stmt"/>
        <line num="27" count="0" type="cond" truecount="0" falsecount="2"/>
        <line num="28" count="0" type="cond" truecount="0" falsecount="2"/>
        <line num="30" count="0" type="stmt"/>
        <line num="31" count="0" type="stmt"/>
        <line num="36" count="0" type="stmt"/>
        <line num="40" count="0" type="stmt"/>
        <line num="41" count="0" type="stmt"/>
        <line num="42" count="0" type="cond" truecount="0" falsecount="4"/>
        <line num="43" count="0" type="stmt"/>
        <line num="46" count="0" type="stmt"/>
        <line num="47" count="0" type="stmt"/>
        <line num="48" count="0" type="stmt"/>
        <line num="50" count="0" type="cond" truecount="0" falsecount="2"/>
        <line num="51" count="0" type="stmt"/>
        <line num="52" count="0" type="cond" truecount="0" falsecount="2"/>
        <line num="54" count="0" type="stmt"/>
        <line num="57" count="0" type="stmt"/>
        <line num="59" count="0" type="stmt"/>
        <line num="61" count="0" type="stmt"/>
        <line num="62" count="0" type="stmt"/>
        <line num="64" count="0" type="stmt"/>
        <line num="67" count="0" type="cond" truecount="0" falsecount="2"/>
        <line num="68" count="0" type="stmt"/>
        <line num="69" count="0" type="cond" truecount="0" falsecount="2"/>
        <line num="70" count="0" type="stmt"/>
        <line num="71" count="0" type="cond" truecount="0" falsecount="2"/>
        <line num="72" count="0" type="stmt"/>
        <line num="74" count="0" type="stmt"/>
        <line num="77" count="0" type="stmt"/>
        <line num="81" count="0" type="stmt"/>
        <line num="84" count="0" type="stmt"/>
        <line num="85" count="0" type="stmt"/>
        <line num="86" count="0" type="stmt"/>
        <line num="88" count="0" type="stmt"/>
        <line num="89" count="0" type="stmt"/>
        <line num="90" count="0" type="stmt"/>
        <line num="91" count="0" type="stmt"/>
        <line num="92" count="0" type="stmt"/>
        <line num="95" count="0" type="stmt"/>
        <line num="96" count="0" type="stmt"/>
        <line num="100" count="0" type="stmt"/>
        <line num="101" count="0" type="stmt"/>
        <line num="102" count="0" type="stmt"/>
        <line num="103" count="0" type="stmt"/>
        <line num="104" count="0" type="stmt"/>
        <line num="105" count="0" type="stmt"/>
        <line num="106" count="0" type="stmt"/>
        <line num="107" count="0" type="stmt"/>
        <line num="108" count="0" type="stmt"/>
        <line num="109" count="0" type="stmt"/>
        <line num="112" count="0" type="stmt"/>
        <line num="113" count="0" type="stmt"/>
        <line num="123" count="0" type="stmt"/>
        <line num="124" count="0" type="cond" truecount="0" falsecount="2"/>
        <line num="125" count="0" type="cond" truecount="0" falsecount="2"/>
        <line num="128" count="0" type="stmt"/>
        <line num="131" count="0" type="stmt"/>
        <line num="132" count="0" type="stmt"/>
        <line num="134" count="0" type="stmt"/>
        <line num="136" count="0" type="stmt"/>
        <line num="139" count="0" type="stmt"/>
        <line num="140" count="0" type="cond" truecount="0" falsecount="2"/>
        <line num="141" count="0" type="cond" truecount="0" falsecount="2"/>
        <line num="144" count="0" type="stmt"/>
        <line num="145" count="0" type="stmt"/>
        <line num="147" count="0" type="stmt"/>
        <line num="151" count="0" type="stmt"/>
        <line num="152" count="0" type="cond" truecount="0" falsecount="5"/>
        <line num="153" count="0" type="stmt"/>
        <line num="157" count="0" type="cond" truecount="0" falsecount="5"/>
        <line num="158" count="0" type="stmt"/>
        <line num="170" count="0" type="stmt"/>
        <line num="175" count="0" type="stmt"/>
        <line num="179" count="0" type="stmt"/>
        <line num="183" count="0" type="stmt"/>
        <line num="235" count="0" type="stmt"/>
      </file>
      <file name="BPMNViewer.js" path="/home/runner/work/sgex/sgex/src/components/BPMNViewer.js">
        <metrics statements="179" coveredstatements="0" conditionals="157" coveredconditionals="0" methods="25" coveredmethods="0"/>
        <line num="8" count="0" type="stmt"/>
        <line num="9" count="0" type="stmt"/>
        <line num="10" count="0" type="stmt"/>
        <line num="11" count="0" type="stmt"/>
        <line num="12" count="0" type="stmt"/>
        <line num="15" count="0" type="stmt"/>
        <line num="17" count="0" type="stmt"/>
        <line num="18" count="0" type="stmt"/>
        <line num="20" count="0" type="cond" truecount="0" falsecount="2"/>
        <line num="23" count="0" type="cond" truecount="0" falsecount="2"/>
        <line num="24" count="0" type="cond" truecount="0" falsecount="2"/>
        <line num="25" count="0" type="cond" truecount="0" falsecount="2"/>
        <line num="26" count="0" type="stmt"/>
        <line num="28" count="0" type="stmt"/>
        <line num="36" count="0" type="stmt"/>
        <line num="37" count="0" type="cond" truecount="0" falsecount="2"/>
        <line num="43" count="0" type="stmt"/>
        <line num="44" count="0" type="stmt"/>
        <line num="45" count="0" type="stmt"/>
        <line num="46" count="0" type="stmt"/>
        <line num="47" count="0" type="stmt"/>
        <line num="50" count="0" type="stmt"/>
        <line num="51" count="0" type="stmt"/>
        <line num="52" count="0" type="cond" truecount="0" falsecount="4"/>
        <line num="53" count="0" type="stmt"/>
        <line num="55" count="0" type="cond" truecount="0" falsecount="2"/>
        <line num="56" count="0" type="cond" truecount="0" falsecount="2"/>
        <line num="58" count="0" type="stmt"/>
        <line num="59" count="0" type="stmt"/>
        <line num="64" count="0" type="stmt"/>
        <line num="68" count="0" type="stmt"/>
        <line num="69" count="0" type="stmt"/>
        <line num="78" count="0" type="cond" truecount="0" falsecount="5"/>
        <line num="79" count="0" type="stmt"/>
        <line num="84" count="0" type="stmt"/>
        <line num="88" count="0" type="cond" truecount="0" falsecount="2"/>
        <line num="89" count="0" type="stmt"/>
        <line num="90" count="0" type="cond" truecount="0" falsecount="2"/>
        <line num="91" count="0" type="stmt"/>
        <line num="92" count="0" type="stmt"/>
        <line num="93" count="0" type="stmt"/>
        <line num="95" count="0" type="stmt"/>
        <line num="114" count="0" type="stmt"/>
        <line num="115" count="0" type="stmt"/>
        <line num="118" count="0" type="cond" truecount="0" falsecount="2"/>
        <line num="120" count="0" type="cond" truecount="0" falsecount="2"/>
        <line num="122" count="0" type="stmt"/>
        <line num="123" count="0" type="stmt"/>
        <line num="124" count="0" type="stmt"/>
        <line num="174" count="0" type="stmt"/>
        <line num="178" count="0" type="cond" truecount="0" falsecount="4"/>
        <line num="179" count="0" type="stmt"/>
        <line num="182" count="0" type="cond" truecount="0" falsecount="4"/>
        <line num="183" count="0" type="stmt"/>
        <line num="188" count="0" type="cond" truecount="0" falsecount="4"/>
        <line num="189" count="0" type="stmt"/>
        <line num="192" count="0" type="cond" truecount="0" falsecount="4"/>
        <line num="193" count="0" type="stmt"/>
        <line num="197" count="0" type="stmt"/>
        <line num="198" count="0" type="stmt"/>
        <line num="201" count="0" type="stmt"/>
        <line num="202" count="0" type="stmt"/>
        <line num="203" count="0" type="stmt"/>
        <line num="204" count="0" type="stmt"/>
        <line num="206" count="0" type="stmt"/>
        <line num="209" count="0" type="stmt"/>
        <line num="211" count="0" type="stmt"/>
        <line num="212" count="0" type="stmt"/>
        <line num="228" count="0" type="cond" truecount="0" falsecount="2"/>
        <line num="229" count="0" type="stmt"/>
        <line num="230" count="0" type="cond" truecount="0" falsecount="2"/>
        <line num="231" count="0" type="stmt"/>
        <line num="232" count="0" type="cond" truecount="0" falsecount="2"/>
        <line num="233" count="0" type="stmt"/>
        <line num="234" count="0" type="cond" truecount="0" falsecount="2"/>
        <line num="235" count="0" type="stmt"/>
        <line num="237" count="0" type="stmt"/>
        <line num="240" count="0" type="stmt"/>
        <line num="244" count="0" type="stmt"/>
        <line num="245" count="0" type="cond" truecount="0" falsecount="2"/>
        <line num="246" count="0" type="stmt"/>
        <line num="247" count="0" type="stmt"/>
        <line num="252" count="0" type="stmt"/>
        <line num="253" count="0" type="stmt"/>
        <line num="254" count="0" type="stmt"/>
        <line num="262" count="0" type="cond" truecount="0" falsecount="5"/>
        <line num="263" count="0" type="stmt"/>
        <line num="265" count="0" type="stmt"/>
        <line num="267" count="0" type="stmt"/>
        <line num="268" count="0" type="stmt"/>
        <line num="276" count="0" type="stmt"/>
        <line num="279" count="0" type="stmt"/>
        <line num="280" count="0" type="stmt"/>
        <line num="282" count="0" type="stmt"/>
        <line num="284" count="0" type="stmt"/>
        <line num="285" count="0" type="stmt"/>
        <line num="293" count="0" type="cond" truecount="0" falsecount="2"/>
        <line num="294" count="0" type="stmt"/>
        <line num="295" count="0" type="stmt"/>
        <line num="298" count="0" type="stmt"/>
        <line num="299" count="0" type="cond" truecount="0" falsecount="4"/>
        <line num="300" count="0" type="stmt"/>
        <line num="301" count="0" type="stmt"/>
        <line num="302" count="0" type="stmt"/>
        <line num="305" count="0" type="stmt"/>
        <line num="306" count="0" type="stmt"/>
        <line num="308" count="0" type="stmt"/>
        <line num="309" count="0" type="stmt"/>
        <line num="310" count="0" type="stmt"/>
        <line num="315" count="0" type="stmt"/>
        <line num="316" count="0" type="stmt"/>
        <line num="320" count="0" type="stmt"/>
        <line num="331" count="0" type="cond" truecount="0" falsecount="1"/>
        <line num="332" count="0" type="stmt"/>
        <line num="334" count="0" type="cond" truecount="0" falsecount="2"/>
        <line num="335" count="0" type="stmt"/>
        <line num="336" count="0" type="stmt"/>
        <line num="337" count="0" type="cond" truecount="0" falsecount="2"/>
        <line num="338" count="0" type="stmt"/>
        <line num="339" count="0" type="stmt"/>
        <line num="341" count="0" type="stmt"/>
        <line num="342" count="0" type="stmt"/>
        <line num="343" count="0" type="stmt"/>
        <line num="347" count="0" type="cond" truecount="0" falsecount="2"/>
        <line num="348" count="0" type="stmt"/>
        <line num="349" count="0" type="stmt"/>
        <line num="351" count="0" type="stmt"/>
        <line num="354" count="0" type="stmt"/>
        <line num="355" count="0" type="cond" truecount="0" falsecount="2"/>
        <line num="356" count="0" type="stmt"/>
        <line num="357" count="0" type="stmt"/>
        <line num="359" count="0" type="stmt"/>
        <line num="361" count="0" type="stmt"/>
        <line num="366" count="0" type="stmt"/>
        <line num="367" count="0" type="cond" truecount="0" falsecount="2"/>
        <line num="368" count="0" type="stmt"/>
        <line num="369" count="0" type="stmt"/>
        <line num="372" count="0" type="cond" truecount="0" falsecount="2"/>
        <line num="373" count="0" type="stmt"/>
        <line num="374" count="0" type="cond" truecount="0" falsecount="2"/>
        <line num="378" count="0" type="stmt"/>
        <line num="390" count="0" type="stmt"/>
        <line num="391" count="0" type="stmt"/>
        <line num="401" count="0" type="stmt"/>
        <line num="402" count="0" type="stmt"/>
        <line num="403" count="0" type="stmt"/>
        <line num="406" count="0" type="cond" truecount="0" falsecount="2"/>
        <line num="407" count="0" type="stmt"/>
        <line num="409" count="0" type="stmt"/>
        <line num="413" count="0" type="stmt"/>
        <line num="414" count="0" type="stmt"/>
        <line num="418" count="0" type="stmt"/>
        <line num="419" count="0" type="stmt"/>
        <line num="421" count="0" type="stmt"/>
        <line num="426" count="0" type="stmt"/>
        <line num="427" count="0" type="cond" truecount="0" falsecount="2"/>
        <line num="428" count="0" type="stmt"/>
        <line num="430" count="0" type="stmt"/>
        <line num="433" count="0" type="stmt"/>
        <line num="434" count="0" type="stmt"/>
        <line num="439" count="0" type="stmt"/>
        <line num="441" count="0" type="stmt"/>
        <line num="442" count="0" type="stmt"/>
        <line num="445" count="0" type="cond" truecount="0" falsecount="2"/>
        <line num="447" count="0" type="cond" truecount="0" falsecount="8"/>
        <line num="449" count="0" type="stmt"/>
        <line num="450" count="0" type="stmt"/>
        <line num="454" count="0" type="cond" truecount="0" falsecount="5"/>
        <line num="455" count="0" type="stmt"/>
        <line num="460" count="0" type="stmt"/>
        <line num="466" count="0" type="stmt"/>
        <line num="467" count="0" type="stmt"/>
        <line num="469" count="0" type="cond" truecount="0" falsecount="5"/>
        <line num="470" count="0" type="cond" truecount="0" falsecount="6"/>
        <line num="472" count="0" type="stmt"/>
        <line num="474" count="0" type="stmt"/>
        <line num="477" count="0" type="stmt"/>
        <line num="544" count="0" type="stmt"/>
        <line num="550" count="0" type="stmt"/>
      </file>
      <file name="BPMNViewerEnhanced.js" path="/home/runner/work/sgex/sgex/src/components/BPMNViewerEnhanced.js">
        <metrics statements="165" coveredstatements="0" conditionals="100" coveredconditionals="0" methods="23" coveredmethods="0"/>
        <line num="7" count="0" type="stmt"/>
        <line num="126" count="0" type="stmt"/>
        <line num="127" count="0" type="stmt"/>
        <line num="128" count="0" type="stmt"/>
        <line num="129" count="0" type="stmt"/>
        <line num="130" count="0" type="stmt"/>
        <line num="131" count="0" type="stmt"/>
        <line num="133" count="0" type="cond" truecount="0" falsecount="2"/>
        <line num="135" count="0" type="stmt"/>
        <line num="136" count="0" type="stmt"/>
        <line num="138" count="0" type="stmt"/>
        <line num="139" count="0" type="stmt"/>
        <line num="140" count="0" type="stmt"/>
        <line num="141" count="0" type="stmt"/>
        <line num="142" count="0" type="stmt"/>
        <line num="145" count="0" type="stmt"/>
        <line num="146" count="0" type="stmt"/>
        <line num="147" count="0" type="stmt"/>
        <line num="149" count="0" type="cond" truecount="0" falsecount="2"/>
        <line num="151" count="0" type="stmt"/>
        <line num="152" count="0" type="cond" truecount="0" falsecount="5"/>
        <line num="153" count="0" type="stmt"/>
        <line num="158" count="0" type="stmt"/>
        <line num="160" count="0" type="stmt"/>
        <line num="162" count="0" type="stmt"/>
        <line num="163" count="0" type="cond" truecount="0" falsecount="5"/>
        <line num="164" count="0" type="stmt"/>
        <line num="165" count="0" type="stmt"/>
        <line num="167" count="0" type="stmt"/>
        <line num="168" count="0" type="stmt"/>
        <line num="174" count="0" type="stmt"/>
        <line num="179" count="0" type="stmt"/>
        <line num="180" count="0" type="stmt"/>
        <line num="181" count="0" type="cond" truecount="0" falsecount="4"/>
        <line num="182" count="0" type="stmt"/>
        <line num="183" count="0" type="cond" truecount="0" falsecount="2"/>
        <line num="184" count="0" type="cond" truecount="0" falsecount="2"/>
        <line num="186" count="0" type="stmt"/>
        <line num="187" count="0" type="stmt"/>
        <line num="192" count="0" type="stmt"/>
        <line num="196" count="0" type="stmt"/>
        <line num="197" count="0" type="stmt"/>
        <line num="199" count="0" type="cond" truecount="0" falsecount="5"/>
        <line num="200" count="0" type="stmt"/>
        <line num="201" count="0" type="stmt"/>
        <line num="204" count="0" type="stmt"/>
        <line num="205" count="0" type="stmt"/>
        <line num="206" count="0" type="stmt"/>
        <line num="207" count="0" type="stmt"/>
        <line num="210" count="0" type="cond" truecount="0" falsecount="2"/>
        <line num="211" count="0" type="stmt"/>
        <line num="212" count="0" type="stmt"/>
        <line num="214" count="0" type="stmt"/>
        <line num="216" count="0" type="stmt"/>
        <line num="220" count="0" type="cond" truecount="0" falsecount="2"/>
        <line num="221" count="0" type="stmt"/>
        <line num="224" count="0" type="cond" truecount="0" falsecount="2"/>
        <line num="225" count="0" type="stmt"/>
        <line num="228" count="0" type="cond" truecount="0" falsecount="4"/>
        <line num="229" count="0" type="stmt"/>
        <line num="232" count="0" type="stmt"/>
        <line num="240" count="0" type="stmt"/>
        <line num="242" count="0" type="stmt"/>
        <line num="246" count="0" type="stmt"/>
        <line num="249" count="0" type="stmt"/>
        <line num="252" count="0" type="cond" truecount="0" falsecount="4"/>
        <line num="253" count="0" type="stmt"/>
        <line num="254" count="0" type="stmt"/>
        <line num="255" count="0" type="cond" truecount="0" falsecount="2"/>
        <line num="256" count="0" type="stmt"/>
        <line num="257" count="0" type="stmt"/>
        <line num="260" count="0" type="stmt"/>
        <line num="263" count="0" type="stmt"/>
        <line num="266" count="0" type="stmt"/>
        <line num="268" count="0" type="stmt"/>
        <line num="271" count="0" type="stmt"/>
        <line num="273" count="0" type="stmt"/>
        <line num="274" count="0" type="stmt"/>
        <line num="278" count="0" type="stmt"/>
        <line num="279" count="0" type="stmt"/>
        <line num="282" count="0" type="stmt"/>
        <line num="284" count="0" type="stmt"/>
        <line num="285" count="0" type="stmt"/>
        <line num="287" count="0" type="stmt"/>
        <line num="290" count="0" type="stmt"/>
        <line num="291" count="0" type="cond" truecount="0" falsecount="2"/>
        <line num="292" count="0" type="stmt"/>
        <line num="293" count="0" type="cond" truecount="0" falsecount="2"/>
        <line num="294" count="0" type="stmt"/>
        <line num="295" count="0" type="cond" truecount="0" falsecount="2"/>
        <line num="296" count="0" type="stmt"/>
        <line num="297" count="0" type="cond" truecount="0" falsecount="2"/>
        <line num="298" count="0" type="stmt"/>
        <line num="300" count="0" type="stmt"/>
        <line num="303" count="0" type="stmt"/>
        <line num="304" count="0" type="stmt"/>
        <line num="309" count="0" type="stmt"/>
        <line num="311" count="0" type="stmt"/>
        <line num="312" count="0" type="cond" truecount="0" falsecount="2"/>
        <line num="313" count="0" type="stmt"/>
        <line num="314" count="0" type="stmt"/>
        <line num="316" count="0" type="stmt"/>
        <line num="318" count="0" type="stmt"/>
        <line num="324" count="0" type="stmt"/>
        <line num="325" count="0" type="cond" truecount="0" falsecount="2"/>
        <line num="326" count="0" type="stmt"/>
        <line num="327" count="0" type="stmt"/>
        <line num="328" count="0" type="stmt"/>
        <line num="329" count="0" type="stmt"/>
        <line num="333" count="0" type="stmt"/>
        <line num="334" count="0" type="cond" truecount="0" falsecount="2"/>
        <line num="335" count="0" type="stmt"/>
        <line num="336" count="0" type="stmt"/>
        <line num="337" count="0" type="stmt"/>
        <line num="338" count="0" type="stmt"/>
        <line num="342" count="0" type="stmt"/>
        <line num="343" count="0" type="cond" truecount="0" falsecount="2"/>
        <line num="344" count="0" type="stmt"/>
        <line num="345" count="0" type="stmt"/>
        <line num="346" count="0" type="stmt"/>
        <line num="350" count="0" type="stmt"/>
        <line num="351" count="0" type="cond" truecount="0" falsecount="2"/>
        <line num="352" count="0" type="stmt"/>
        <line num="353" count="0" type="stmt"/>
        <line num="354" count="0" type="stmt"/>
        <line num="358" count="0" type="stmt"/>
        <line num="359" count="0" type="cond" truecount="0" falsecount="2"/>
        <line num="360" count="0" type="stmt"/>
        <line num="361" count="0" type="stmt"/>
        <line num="362" count="0" type="stmt"/>
        <line num="363" count="0" type="stmt"/>
        <line num="364" count="0" type="stmt"/>
        <line num="365" count="0" type="stmt"/>
        <line num="366" count="0" type="stmt"/>
        <line num="367" count="0" type="stmt"/>
        <line num="368" count="0" type="stmt"/>
        <line num="369" count="0" type="stmt"/>
        <line num="370" count="0" type="stmt"/>
        <line num="372" count="0" type="stmt"/>
        <line num="373" count="0" type="stmt"/>
        <line num="378" count="0" type="stmt"/>
        <line num="379" count="0" type="cond" truecount="0" falsecount="2"/>
        <line num="380" count="0" type="stmt"/>
        <line num="381" count="0" type="stmt"/>
        <line num="384" count="0" type="cond" truecount="0" falsecount="2"/>
        <line num="385" count="0" type="stmt"/>
        <line num="386" count="0" type="cond" truecount="0" falsecount="2"/>
        <line num="390" count="0" type="stmt"/>
        <line num="401" count="0" type="stmt"/>
        <line num="402" count="0" type="stmt"/>
        <line num="403" count="0" type="stmt"/>
        <line num="404" count="0" type="stmt"/>
        <line num="407" count="0" type="stmt"/>
        <line num="410" count="0" type="cond" truecount="0" falsecount="2"/>
        <line num="412" count="0" type="stmt"/>
        <line num="413" count="0" type="stmt"/>
        <line num="418" count="0" type="stmt"/>
        <line num="419" count="0" type="stmt"/>
        <line num="428" count="0" type="cond" truecount="0" falsecount="5"/>
        <line num="429" count="0" type="stmt"/>
        <line num="430" count="0" type="stmt"/>
        <line num="433" count="0" type="stmt"/>
        <line num="456" count="0" type="stmt"/>
        <line num="460" count="0" type="stmt"/>
        <line num="464" count="0" type="stmt"/>
      </file>
      <file name="BPMNViewerTestComponent.js" path="/home/runner/work/sgex/sgex/src/components/BPMNViewerTestComponent.js">
        <metrics statements="6" coveredstatements="0" conditionals="0" coveredconditionals="0" methods="2" coveredmethods="0"/>
        <line num="5" count="0" type="stmt"/>
        <line num="6" count="0" type="stmt"/>
        <line num="8" count="0" type="stmt"/>
        <line num="10" count="0" type="stmt"/>
        <line num="34" count="0" type="stmt"/>
        <line num="37" count="0" type="stmt"/>
      </file>
      <file name="BranchListing.js" path="/home/runner/work/sgex/sgex/src/components/BranchListing.js">
        <metrics statements="277" coveredstatements="0" conditionals="151" coveredconditionals="0" methods="52" coveredmethods="0"/>
        <line num="11" count="0" type="stmt"/>
        <line num="12" count="0" type="stmt"/>
        <line num="13" count="0" type="stmt"/>
        <line num="14" count="0" type="stmt"/>
        <line num="15" count="0" type="stmt"/>
        <line num="16" count="0" type="stmt"/>
        <line num="18" count="0" type="stmt"/>
        <line num="19" count="0" type="stmt"/>
        <line num="20" count="0" type="stmt"/>
        <line num="21" count="0" type="stmt"/>
        <line num="22" count="0" type="stmt"/>
        <line num="23" count="0" type="stmt"/>
        <line num="24" count="0" type="stmt"/>
        <line num="25" count="0" type="stmt"/>
        <line num="26" count="0" type="stmt"/>
        <line num="27" count="0" type="stmt"/>
        <line num="28" count="0" type="stmt"/>
        <line num="29" count="0" type="stmt"/>
        <line num="30" count="0" type="stmt"/>
        <line num="31" count="0" type="stmt"/>
        <line num="32" count="0" type="stmt"/>
        <line num="33" count="0" type="stmt"/>
        <line num="36" count="0" type="stmt"/>
        <line num="38" count="0" type="stmt"/>
        <line num="39" count="0" type="stmt"/>
        <line num="40" count="0" type="stmt"/>
        <line num="43" count="0" type="stmt"/>
        <line num="44" count="0" type="stmt"/>
        <line num="47" count="0" type="stmt"/>
        <line num="53" count="0" type="stmt"/>
        <line num="54" count="0" type="stmt"/>
        <line num="55" count="0" type="stmt"/>
        <line num="57" count="0" type="stmt"/>
        <line num="59" count="0" type="stmt"/>
        <line num="62" count="0" type="stmt"/>
        <line num="63" count="0" type="stmt"/>
        <line num="64" count="0" type="stmt"/>
        <line num="65" count="0" type="stmt"/>
        <line num="67" count="0" type="stmt"/>
        <line num="71" count="0" type="stmt"/>
        <line num="74" count="0" type="stmt"/>
        <line num="75" count="0" type="stmt"/>
        <line num="80" count="0" type="cond" truecount="0" falsecount="2"/>
        <line num="81" count="0" type="stmt"/>
        <line num="84" count="0" type="stmt"/>
        <line num="89" count="0" type="cond" truecount="0" falsecount="2"/>
        <line num="90" count="0" type="stmt"/>
        <line num="93" count="0" type="stmt"/>
        <line num="94" count="0" type="cond" truecount="0" falsecount="2"/>
        <line num="95" count="0" type="stmt"/>
        <line num="98" count="0" type="stmt"/>
        <line num="99" count="0" type="stmt"/>
        <line num="108" count="0" type="stmt"/>
        <line num="109" count="0" type="stmt"/>
        <line num="114" count="0" type="stmt"/>
        <line num="117" count="0" type="stmt"/>
        <line num="118" count="0" type="stmt"/>
        <line num="123" count="0" type="cond" truecount="0" falsecount="2"/>
        <line num="124" count="0" type="stmt"/>
        <line num="127" count="0" type="stmt"/>
        <line num="132" count="0" type="cond" truecount="0" falsecount="2"/>
        <line num="133" count="0" type="stmt"/>
        <line num="136" count="0" type="stmt"/>
        <line num="137" count="0" type="stmt"/>
        <line num="145" count="0" type="stmt"/>
        <line num="146" count="0" type="stmt"/>
        <line num="151" count="0" type="stmt"/>
        <line num="152" count="0" type="cond" truecount="0" falsecount="2"/>
        <line num="154" count="0" type="stmt"/>
        <line num="155" count="0" type="stmt"/>
        <line num="157" count="0" type="stmt"/>
        <line num="158" count="0" type="stmt"/>
        <line num="161" count="0" type="stmt"/>
        <line num="162" count="0" type="stmt"/>
        <line num="166" count="0" type="stmt"/>
        <line num="167" count="0" type="stmt"/>
        <line num="169" count="0" type="cond" truecount="0" falsecount="2"/>
        <line num="171" count="0" type="stmt"/>
        <line num="172" count="0" type="stmt"/>
        <line num="175" count="0" type="stmt"/>
        <line num="182" count="0" type="stmt"/>
        <line num="183" count="0" type="stmt"/>
        <line num="185" count="0" type="cond" truecount="0" falsecount="2"/>
        <line num="186" count="0" type="stmt"/>
        <line num="189" count="0" type="cond" truecount="0" falsecount="4"/>
        <line num="190" count="0" type="stmt"/>
        <line num="193" count="0" type="stmt"/>
        <line num="194" count="0" type="cond" truecount="0" falsecount="2"/>
        <line num="196" count="0" type="cond" truecount="0" falsecount="2"/>
        <line num="200" count="0" type="stmt"/>
        <line num="201" count="0" type="stmt"/>
        <line num="202" count="0" type="stmt"/>
        <line num="203" count="0" type="stmt"/>
        <line num="205" count="0" type="cond" truecount="0" falsecount="2"/>
        <line num="206" count="0" type="cond" truecount="0" falsecount="2"/>
        <line num="207" count="0" type="cond" truecount="0" falsecount="2"/>
        <line num="208" count="0" type="cond" truecount="0" falsecount="4"/>
        <line num="209" count="0" type="cond" truecount="0" falsecount="2"/>
        <line num="213" count="0" type="stmt"/>
        <line num="214" count="0" type="cond" truecount="0" falsecount="4"/>
        <line num="216" count="0" type="stmt"/>
        <line num="218" count="0" type="stmt"/>
        <line num="219" count="0" type="stmt"/>
        <line num="234" count="0" type="cond" truecount="0" falsecount="2"/>
        <line num="235" count="0" type="stmt"/>
        <line num="239" count="0" type="stmt"/>
        <line num="242" count="0" type="cond" truecount="0" falsecount="2"/>
        <line num="243" count="0" type="stmt"/>
        <line num="244" count="0" type="stmt"/>
        <line num="248" count="0" type="stmt"/>
        <line num="249" count="0" type="stmt"/>
        <line num="251" count="0" type="stmt"/>
        <line num="253" count="0" type="stmt"/>
        <line num="254" count="0" type="stmt"/>
        <line num="256" count="0" type="stmt"/>
        <line num="261" count="0" type="stmt"/>
        <line num="262" count="0" type="cond" truecount="0" falsecount="2"/>
        <line num="264" count="0" type="stmt"/>
        <line num="266" count="0" type="stmt"/>
        <line num="268" count="0" type="stmt"/>
        <line num="270" count="0" type="stmt"/>
        <line num="271" count="0" type="stmt"/>
        <line num="273" count="0" type="stmt"/>
        <line num="275" count="0" type="stmt"/>
        <line num="277" count="0" type="stmt"/>
        <line num="282" count="0" type="stmt"/>
        <line num="283" count="0" type="cond" truecount="0" falsecount="2"/>
        <line num="284" count="0" type="stmt"/>
        <line num="285" count="0" type="stmt"/>
        <line num="288" count="0" type="stmt"/>
        <line num="289" count="0" type="stmt"/>
        <line num="290" count="0" type="cond" truecount="0" falsecount="2"/>
        <line num="291" count="0" type="stmt"/>
        <line num="293" count="0" type="stmt"/>
        <line num="294" count="0" type="cond" truecount="0" falsecount="2"/>
        <line num="295" count="0" type="stmt"/>
        <line num="298" count="0" type="stmt"/>
        <line num="301" count="0" type="stmt"/>
        <line num="302" count="0" type="stmt"/>
        <line num="307" count="0" type="stmt"/>
        <line num="308" count="0" type="stmt"/>
        <line num="309" count="0" type="cond" truecount="0" falsecount="2"/>
        <line num="310" count="0" type="stmt"/>
        <line num="311" count="0" type="stmt"/>
        <line num="313" count="0" type="stmt"/>
        <line num="318" count="0" type="stmt"/>
        <line num="319" count="0" type="stmt"/>
        <line num="320" count="0" type="stmt"/>
        <line num="321" count="0" type="cond" truecount="0" falsecount="2"/>
        <line num="322" count="0" type="stmt"/>
        <line num="323" count="0" type="cond" truecount="0" falsecount="2"/>
        <line num="324" count="0" type="stmt"/>
        <line num="326" count="0" type="stmt"/>
        <line num="329" count="0" type="stmt"/>
        <line num="334" count="0" type="stmt"/>
        <line num="335" count="0" type="stmt"/>
        <line num="338" count="0" type="stmt"/>
        <line num="339" count="0" type="stmt"/>
        <line num="340" count="0" type="stmt"/>
        <line num="343" count="0" type="stmt"/>
        <line num="347" count="0" type="stmt"/>
        <line num="348" count="0" type="stmt"/>
        <line num="349" count="0" type="stmt"/>
        <line num="351" count="0" type="stmt"/>
        <line num="354" count="0" type="stmt"/>
        <line num="355" count="0" type="stmt"/>
        <line num="356" count="0" type="stmt"/>
        <line num="357" count="0" type="stmt"/>
        <line num="358" count="0" type="stmt"/>
        <line num="359" count="0" type="stmt"/>
        <line num="360" count="0" type="stmt"/>
        <line num="365" count="0" type="stmt"/>
        <line num="366" count="0" type="stmt"/>
        <line num="367" count="0" type="cond" truecount="0" falsecount="4"/>
        <line num="369" count="0" type="stmt"/>
        <line num="371" count="0" type="stmt"/>
        <line num="374" count="0" type="stmt"/>
        <line num="375" count="0" type="stmt"/>
        <line num="376" count="0" type="stmt"/>
        <line num="382" count="0" type="stmt"/>
        <line num="493" count="0" type="stmt"/>
        <line num="494" count="0" type="stmt"/>
        <line num="495" count="0" type="stmt"/>
        <line num="496" count="0" type="stmt"/>
        <line num="499" count="0" type="stmt"/>
        <line num="501" count="0" type="cond" truecount="0" falsecount="4"/>
        <line num="502" count="0" type="stmt"/>
        <line num="505" count="0" type="stmt"/>
        <line num="506" count="0" type="cond" truecount="0" falsecount="2"/>
        <line num="507" count="0" type="stmt"/>
        <line num="510" count="0" type="stmt"/>
        <line num="511" count="0" type="stmt"/>
        <line num="514" count="0" type="stmt"/>
        <line num="517" count="0" type="cond" truecount="0" falsecount="2"/>
        <line num="518" count="0" type="stmt"/>
        <line num="522" count="0" type="stmt"/>
        <line num="523" count="0" type="stmt"/>
        <line num="527" count="0" type="stmt"/>
        <line num="530" count="0" type="cond" truecount="0" falsecount="2"/>
        <line num="531" count="0" type="stmt"/>
        <line num="533" count="0" type="stmt"/>
        <line num="534" count="0" type="cond" truecount="0" falsecount="2"/>
        <line num="535" count="0" type="stmt"/>
        <line num="536" count="0" type="stmt"/>
        <line num="537" count="0" type="stmt"/>
        <line num="539" count="0" type="stmt"/>
        <line num="540" count="0" type="stmt"/>
        <line num="543" count="0" type="stmt"/>
        <line num="544" count="0" type="stmt"/>
        <line num="545" count="0" type="stmt"/>
        <line num="561" count="0" type="stmt"/>
        <line num="562" count="0" type="stmt"/>
        <line num="564" count="0" type="stmt"/>
        <line num="567" count="0" type="stmt"/>
        <line num="570" count="0" type="cond" truecount="0" falsecount="2"/>
        <line num="571" count="0" type="stmt"/>
        <line num="575" count="0" type="stmt"/>
        <line num="577" count="0" type="stmt"/>
        <line num="578" count="0" type="stmt"/>
        <line num="581" count="0" type="cond" truecount="0" falsecount="4"/>
        <line num="582" count="0" type="stmt"/>
        <line num="585" count="0" type="stmt"/>
        <line num="586" count="0" type="cond" truecount="0" falsecount="2"/>
        <line num="587" count="0" type="stmt"/>
        <line num="588" count="0" type="stmt"/>
        <line num="589" count="0" type="stmt"/>
        <line num="590" count="0" type="stmt"/>
        <line num="591" count="0" type="cond" truecount="0" falsecount="2"/>
        <line num="592" count="0" type="stmt"/>
        <line num="594" count="0" type="stmt"/>
        <line num="600" count="0" type="stmt"/>
        <line num="601" count="0" type="stmt"/>
        <line num="603" count="0" type="stmt"/>
        <line num="609" count="0" type="cond" truecount="0" falsecount="4"/>
        <line num="610" count="0" type="stmt"/>
        <line num="611" count="0" type="stmt"/>
        <line num="653" count="0" type="stmt"/>
        <line num="654" count="0" type="stmt"/>
        <line num="657" count="0" type="stmt"/>
        <line num="658" count="0" type="stmt"/>
        <line num="662" count="0" type="stmt"/>
        <line num="666" count="0" type="stmt"/>
        <line num="667" count="0" type="cond" truecount="0" falsecount="2"/>
        <line num="668" count="0" type="stmt"/>
        <line num="669" count="0" type="cond" truecount="0" falsecount="2"/>
        <line num="672" count="0" type="stmt"/>
        <line num="673" count="0" type="stmt"/>
        <line num="674" count="0" type="stmt"/>
        <line num="679" count="0" type="stmt"/>
        <line num="680" count="0" type="cond" truecount="0" falsecount="3"/>
        <line num="684" count="0" type="stmt"/>
        <line num="685" count="0" type="stmt"/>
        <line num="686" count="0" type="stmt"/>
        <line num="688" count="0" type="cond" truecount="0" falsecount="2"/>
        <line num="689" count="0" type="stmt"/>
        <line num="700" count="0" type="cond" truecount="0" falsecount="2"/>
        <line num="701" count="0" type="stmt"/>
        <line num="715" count="0" type="stmt"/>
        <line num="789" count="0" type="stmt"/>
        <line num="842" count="0" type="stmt"/>
        <line num="843" count="0" type="stmt"/>
        <line num="857" count="0" type="stmt"/>
        <line num="858" count="0" type="stmt"/>
        <line num="865" count="0" type="stmt"/>
        <line num="866" count="0" type="stmt"/>
        <line num="887" count="0" type="stmt"/>
        <line num="888" count="0" type="stmt"/>
        <line num="890" count="0" type="stmt"/>
        <line num="933" count="0" type="stmt"/>
        <line num="966" count="0" type="stmt"/>
        <line num="975" count="0" type="stmt"/>
        <line num="985" count="0" type="stmt"/>
        <line num="997" count="0" type="stmt"/>
        <line num="1064" count="0" type="stmt"/>
        <line num="1112" count="0" type="stmt"/>
        <line num="1122" count="0" type="stmt"/>
        <line num="1134" count="0" type="stmt"/>
      </file>
      <file name="BranchSelector.js" path="/home/runner/work/sgex/sgex/src/components/BranchSelector.js">
        <metrics statements="91" coveredstatements="0" conditionals="56" coveredconditionals="0" methods="16" coveredmethods="0"/>
        <line num="5" count="0" type="stmt"/>
        <line num="11" count="0" type="stmt"/>
        <line num="12" count="0" type="stmt"/>
        <line num="13" count="0" type="stmt"/>
        <line num="14" count="0" type="stmt"/>
        <line num="15" count="0" type="stmt"/>
        <line num="16" count="0" type="stmt"/>
        <line num="17" count="0" type="stmt"/>
        <line num="18" count="0" type="stmt"/>
        <line num="21" count="0" type="stmt"/>
        <line num="22" count="0" type="stmt"/>
        <line num="24" count="0" type="cond" truecount="0" falsecount="2"/>
        <line num="25" count="0" type="stmt"/>
        <line num="26" count="0" type="stmt"/>
        <line num="30" count="0" type="cond" truecount="0" falsecount="2"/>
        <line num="31" count="0" type="cond" truecount="0" falsecount="2"/>
        <line num="32" count="0" type="stmt"/>
        <line num="33" count="0" type="stmt"/>
        <line num="34" count="0" type="cond" truecount="0" falsecount="2"/>
        <line num="35" count="0" type="stmt"/>
        <line num="37" count="0" type="stmt"/>
        <line num="39" count="0" type="stmt"/>
        <line num="40" count="0" type="stmt"/>
        <line num="43" count="0" type="stmt"/>
        <line num="46" count="0" type="stmt"/>
        <line num="49" count="0" type="stmt"/>
        <line num="52" count="0" type="stmt"/>
        <line num="53" count="0" type="stmt"/>
        <line num="54" count="0" type="cond" truecount="0" falsecount="2"/>
        <line num="57" count="0" type="cond" truecount="0" falsecount="2"/>
        <line num="58" count="0" type="stmt"/>
        <line num="63" count="0" type="stmt"/>
        <line num="70" count="0" type="stmt"/>
        <line num="71" count="0" type="stmt"/>
        <line num="72" count="0" type="stmt"/>
        <line num="74" count="0" type="cond" truecount="0" falsecount="2"/>
        <line num="75" count="0" type="stmt"/>
        <line num="77" count="0" type="stmt"/>
        <line num="80" count="0" type="cond" truecount="0" falsecount="2"/>
        <line num="81" count="0" type="cond" truecount="0" falsecount="3"/>
        <line num="82" count="0" type="stmt"/>
        <line num="84" count="0" type="cond" truecount="0" falsecount="4"/>
        <line num="85" count="0" type="stmt"/>
        <line num="89" count="0" type="stmt"/>
        <line num="90" count="0" type="stmt"/>
        <line num="92" count="0" type="stmt"/>
        <line num="96" count="0" type="cond" truecount="0" falsecount="2"/>
        <line num="97" count="0" type="stmt"/>
        <line num="101" count="0" type="stmt"/>
        <line num="102" count="0" type="cond" truecount="0" falsecount="2"/>
        <line num="103" count="0" type="stmt"/>
        <line num="107" count="0" type="stmt"/>
        <line num="108" count="0" type="cond" truecount="0" falsecount="2"/>
        <line num="109" count="0" type="stmt"/>
        <line num="110" count="0" type="stmt"/>
        <line num="114" count="0" type="stmt"/>
        <line num="115" count="0" type="cond" truecount="0" falsecount="2"/>
        <line num="116" count="0" type="stmt"/>
        <line num="117" count="0" type="stmt"/>
        <line num="120" count="0" type="cond" truecount="0" falsecount="2"/>
        <line num="121" count="0" type="stmt"/>
        <line num="122" count="0" type="stmt"/>
        <line num="125" count="0" type="stmt"/>
        <line num="126" count="0" type="stmt"/>
        <line num="127" count="0" type="stmt"/>
        <line num="129" count="0" type="cond" truecount="0" falsecount="2"/>
        <line num="130" count="0" type="cond" truecount="0" falsecount="2"/>
        <line num="132" count="0" type="stmt"/>
        <line num="135" count="0" type="stmt"/>
        <line num="136" count="0" type="stmt"/>
        <line num="139" count="0" type="stmt"/>
        <line num="142" count="0" type="stmt"/>
        <line num="143" count="0" type="stmt"/>
        <line num="145" count="0" type="stmt"/>
        <line num="146" count="0" type="stmt"/>
        <line num="148" count="0" type="stmt"/>
        <line num="152" count="0" type="cond" truecount="0" falsecount="2"/>
        <line num="153" count="0" type="stmt"/>
        <line num="161" count="0" type="cond" truecount="0" falsecount="2"/>
        <line num="162" count="0" type="stmt"/>
        <line num="170" count="0" type="stmt"/>
        <line num="176" count="0" type="stmt"/>
        <line num="180" count="0" type="stmt"/>
        <line num="188" count="0" type="stmt"/>
        <line num="204" count="0" type="stmt"/>
        <line num="205" count="0" type="stmt"/>
        <line num="206" count="0" type="stmt"/>
        <line num="219" count="0" type="stmt"/>
        <line num="236" count="0" type="stmt"/>
        <line num="237" count="0" type="stmt"/>
        <line num="238" count="0" type="stmt"/>
      </file>
      <file name="BusinessProcessSelection.js" path="/home/runner/work/sgex/sgex/src/components/BusinessProcessSelection.js">
        <metrics statements="95" coveredstatements="0" conditionals="64" coveredconditionals="0" methods="14" coveredmethods="0"/>
        <line num="10" count="0" type="stmt"/>
        <line num="11" count="0" type="stmt"/>
        <line num="12" count="0" type="stmt"/>
        <line num="21" count="0" type="stmt"/>
        <line num="24" count="0" type="stmt"/>
        <line num="37" count="0" type="cond" truecount="0" falsecount="2"/>
        <line num="39" count="0" type="stmt"/>
        <line num="40" count="0" type="stmt"/>
        <line num="41" count="0" type="stmt"/>
        <line num="42" count="0" type="stmt"/>
        <line num="45" count="0" type="stmt"/>
        <line num="46" count="0" type="stmt"/>
        <line num="47" count="0" type="cond" truecount="0" falsecount="4"/>
        <line num="48" count="0" type="stmt"/>
        <line num="50" count="0" type="cond" truecount="0" falsecount="2"/>
        <line num="51" count="0" type="cond" truecount="0" falsecount="2"/>
        <line num="53" count="0" type="stmt"/>
        <line num="54" count="0" type="stmt"/>
        <line num="59" count="0" type="stmt"/>
        <line num="63" count="0" type="stmt"/>
        <line num="64" count="0" type="stmt"/>
        <line num="65" count="0" type="cond" truecount="0" falsecount="2"/>
        <line num="66" count="0" type="stmt"/>
        <line num="67" count="0" type="stmt"/>
        <line num="70" count="0" type="stmt"/>
        <line num="71" count="0" type="stmt"/>
        <line num="72" count="0" type="stmt"/>
        <line num="75" count="0" type="stmt"/>
        <line num="84" count="0" type="stmt"/>
        <line num="91" count="0" type="cond" truecount="0" falsecount="2"/>
        <line num="92" count="0" type="stmt"/>
        <line num="93" count="0" type="cond" truecount="0" falsecount="2"/>
        <line num="95" count="0" type="stmt"/>
        <line num="104" count="0" type="stmt"/>
        <line num="105" count="0" type="stmt"/>
        <line num="117" count="0" type="stmt"/>
        <line num="120" count="0" type="cond" truecount="0" falsecount="4"/>
        <line num="121" count="0" type="stmt"/>
        <line num="122" count="0" type="stmt"/>
        <line num="146" count="0" type="stmt"/>
        <line num="148" count="0" type="stmt"/>
        <line num="151" count="0" type="stmt"/>
        <line num="153" count="0" type="stmt"/>
        <line num="156" count="0" type="cond" truecount="0" falsecount="4"/>
        <line num="157" count="0" type="stmt"/>
        <line num="158" count="0" type="stmt"/>
        <line num="182" count="0" type="stmt"/>
        <line num="183" count="0" type="stmt"/>
        <line num="184" count="0" type="stmt"/>
        <line num="188" count="0" type="cond" truecount="0" falsecount="4"/>
        <line num="189" count="0" type="stmt"/>
        <line num="190" count="0" type="cond" truecount="0" falsecount="2"/>
        <line num="191" count="0" type="stmt"/>
        <line num="193" count="0" type="stmt"/>
        <line num="196" count="0" type="stmt"/>
        <line num="197" count="0" type="stmt"/>
        <line num="201" count="0" type="stmt"/>
        <line num="204" count="0" type="stmt"/>
        <line num="205" count="0" type="cond" truecount="0" falsecount="2"/>
        <line num="207" count="0" type="stmt"/>
        <line num="208" count="0" type="stmt"/>
        <line num="211" count="0" type="cond" truecount="0" falsecount="2"/>
        <line num="212" count="0" type="stmt"/>
        <line num="213" count="0" type="cond" truecount="0" falsecount="2"/>
        <line num="214" count="0" type="stmt"/>
        <line num="216" count="0" type="stmt"/>
        <line num="225" count="0" type="stmt"/>
        <line num="228" count="0" type="stmt"/>
        <line num="229" count="0" type="cond" truecount="0" falsecount="2"/>
        <line num="230" count="0" type="stmt"/>
        <line num="231" count="0" type="cond" truecount="0" falsecount="2"/>
        <line num="232" count="0" type="stmt"/>
        <line num="234" count="0" type="stmt"/>
        <line num="243" count="0" type="stmt"/>
        <line num="246" count="0" type="stmt"/>
        <line num="247" count="0" type="cond" truecount="0" falsecount="2"/>
        <line num="248" count="0" type="stmt"/>
        <line num="249" count="0" type="cond" truecount="0" falsecount="2"/>
        <line num="250" count="0" type="stmt"/>
        <line num="252" count="0" type="stmt"/>
        <line num="260" count="0" type="stmt"/>
        <line num="263" count="0" type="cond" truecount="0" falsecount="2"/>
        <line num="264" count="0" type="stmt"/>
        <line num="274" count="0" type="cond" truecount="0" falsecount="2"/>
        <line num="275" count="0" type="stmt"/>
        <line num="281" count="0" type="stmt"/>
        <line num="284" count="0" type="stmt"/>
        <line num="293" count="0" type="cond" truecount="0" falsecount="4"/>
        <line num="294" count="0" type="stmt"/>
        <line num="295" count="0" type="stmt"/>
        <line num="298" count="0" type="stmt"/>
        <line num="330" count="0" type="stmt"/>
        <line num="352" count="0" type="stmt"/>
        <line num="360" count="0" type="stmt"/>
        <line num="369" count="0" type="stmt"/>
      </file>
      <file name="CollaborationModal.js" path="/home/runner/work/sgex/sgex/src/components/CollaborationModal.js">
        <metrics statements="16" coveredstatements="0" conditionals="4" coveredconditionals="0" methods="9" coveredmethods="0"/>
        <line num="5" count="0" type="stmt"/>
        <line num="6" count="0" type="stmt"/>
        <line num="9" count="0" type="stmt"/>
        <line num="11" count="0" type="stmt"/>
        <line num="117" count="0" type="stmt"/>
        <line num="118" count="0" type="stmt"/>
        <line num="121" count="0" type="stmt"/>
        <line num="122" count="0" type="stmt"/>
        <line num="125" count="0" type="stmt"/>
        <line num="126" count="0" type="stmt"/>
        <line num="129" count="0" type="stmt"/>
        <line num="130" count="0" type="cond" truecount="0" falsecount="2"/>
        <line num="131" count="0" type="stmt"/>
        <line num="135" count="0" type="stmt"/>
        <line num="165" count="0" type="stmt"/>
        <line num="168" count="0" type="stmt"/>
      </file>
      <file name="CommitDiffModal.js" path="/home/runner/work/sgex/sgex/src/components/CommitDiffModal.js">
        <metrics statements="34" coveredstatements="0" conditionals="39" coveredconditionals="0" methods="7" coveredmethods="0"/>
        <line num="5" count="0" type="stmt"/>
        <line num="6" count="0" type="stmt"/>
        <line num="7" count="0" type="stmt"/>
        <line num="8" count="0" type="stmt"/>
        <line num="10" count="0" type="stmt"/>
        <line num="11" count="0" type="stmt"/>
        <line num="12" count="0" type="stmt"/>
        <line num="14" count="0" type="stmt"/>
        <line num="15" count="0" type="stmt"/>
        <line num="16" count="0" type="stmt"/>
        <line num="18" count="0" type="stmt"/>
        <line num="19" count="0" type="stmt"/>
        <line num="21" count="0" type="stmt"/>
        <line num="25" count="0" type="stmt"/>
        <line num="26" count="0" type="cond" truecount="0" falsecount="4"/>
        <line num="27" count="0" type="stmt"/>
        <line num="31" count="0" type="stmt"/>
        <line num="32" count="0" type="cond" truecount="0" falsecount="5"/>
        <line num="34" count="0" type="stmt"/>
        <line num="36" count="0" type="stmt"/>
        <line num="38" count="0" type="stmt"/>
        <line num="40" count="0" type="stmt"/>
        <line num="42" count="0" type="stmt"/>
        <line num="46" count="0" type="stmt"/>
        <line num="47" count="0" type="cond" truecount="0" falsecount="5"/>
        <line num="49" count="0" type="stmt"/>
        <line num="51" count="0" type="stmt"/>
        <line num="53" count="0" type="stmt"/>
        <line num="55" count="0" type="stmt"/>
        <line num="57" count="0" type="stmt"/>
        <line num="61" count="0" type="cond" truecount="0" falsecount="2"/>
        <line num="63" count="0" type="stmt"/>
        <line num="65" count="0" type="stmt"/>
        <line num="130" count="0" type="stmt"/>
      </file>
      <file name="CommitsSlider.js" path="/home/runner/work/sgex/sgex/src/components/CommitsSlider.js">
        <metrics statements="54" coveredstatements="0" conditionals="42" coveredconditionals="0" methods="10" coveredmethods="0"/>
        <line num="5" count="0" type="stmt"/>
        <line num="6" count="0" type="stmt"/>
        <line num="7" count="0" type="stmt"/>
        <line num="8" count="0" type="stmt"/>
        <line num="9" count="0" type="stmt"/>
        <line num="10" count="0" type="stmt"/>
        <line num="11" count="0" type="stmt"/>
        <line num="13" count="0" type="cond" truecount="0" falsecount="2"/>
        <line num="14" count="0" type="stmt"/>
        <line num="15" count="0" type="cond" truecount="0" falsecount="3"/>
        <line num="18" count="0" type="cond" truecount="0" falsecount="2"/>
        <line num="19" count="0" type="cond" truecount="0" falsecount="2"/>
        <line num="21" count="0" type="stmt"/>
        <line num="22" count="0" type="stmt"/>
        <line num="24" count="0" type="stmt"/>
        <line num="25" count="0" type="stmt"/>
[...]
        <line num="121" count="1" type="stmt"/>
        <line num="149" count="3" type="stmt"/>
        <line num="156" count="4" type="stmt"/>
        <line num="163" count="0" type="cond" truecount="0" falsecount="2"/>
        <line num="170" count="0" type="stmt"/>
        <line num="177" count="0" type="stmt"/>
        <line num="184" count="6" type="stmt"/>
        <line num="187" count="6" type="cond" truecount="2" falsecount="0"/>
        <line num="188" count="3" type="stmt"/>
        <line num="191" count="3" type="stmt"/>
        <line num="193" count="3" type="stmt"/>
        <line num="194" count="3" type="cond" truecount="2" falsecount="0"/>
        <line num="196" count="1" type="stmt"/>
        <line num="197" count="2" type="cond" truecount="2" falsecount="0"/>
        <line num="199" count="1" type="stmt"/>
        <line num="200" count="1" type="cond" truecount="1" falsecount="1"/>
        <line num="201" count="1" type="cond" truecount="1" falsecount="1"/>
        <line num="203" count="1" type="stmt"/>
        <line num="204" count="1" type="stmt"/>
        <line num="206" count="1" type="cond" truecount="1" falsecount="1"/>
        <line num="207" count="1" type="stmt"/>
        <line num="208" count="0" type="cond" truecount="0" falsecount="2"/>
        <line num="209" count="0" type="stmt"/>
        <line num="213" count="0" type="stmt"/>
        <line num="217" count="0" type="stmt"/>
        <line num="221" count="3" type="stmt"/>
        <line num="223" count="3" type="stmt"/>
        <line num="227" count="3" type="stmt"/>
        <line num="234" count="1" type="cond" truecount="1" falsecount="1"/>
        <line num="235" count="0" type="stmt"/>
        <line num="238" count="1" type="stmt"/>
        <line num="239" count="1" type="cond" truecount="2" falsecount="0"/>
        <line num="247" count="1" type="stmt"/>
        <line num="248" count="1" type="stmt"/>
        <line num="249" count="1" type="stmt"/>
        <line num="251" count="0" type="stmt"/>
        <line num="259" count="1" type="stmt"/>
        <line num="260" count="1" type="stmt"/>
        <line num="262" count="0" type="stmt"/>
        <line num="271" count="3" type="cond" truecount="2" falsecount="0"/>
        <line num="272" count="2" type="stmt"/>
        <line num="275" count="1" type="stmt"/>
        <line num="276" count="1" type="stmt"/>
        <line num="284" count="3" type="stmt"/>
        <line num="291" count="3" type="stmt"/>
        <line num="300" count="3" type="cond" truecount="3" falsecount="1"/>
        <line num="302" count="1" type="stmt"/>
        <line num="310" count="1" type="stmt"/>
        <line num="317" count="1" type="stmt"/>
        <line num="320" count="0" type="stmt"/>
        <line num="333" count="2" type="stmt"/>
        <line num="335" count="2" type="stmt"/>
        <line num="356" count="2" type="cond" truecount="1" falsecount="1"/>
        <line num="363" count="0" type="stmt"/>
        <line num="364" count="0" type="stmt"/>
        <line num="371" count="0" type="stmt"/>
        <line num="372" count="0" type="stmt"/>
        <line num="379" count="0" type="stmt"/>
        <line num="380" count="0" type="stmt"/>
        <line num="387" count="0" type="stmt"/>
        <line num="390" count="0" type="stmt"/>
        <line num="391" count="0" type="stmt"/>
        <line num="399" count="0" type="stmt"/>
        <line num="407" count="0" type="stmt"/>
        <line num="408" count="0" type="stmt"/>
        <line num="409" count="0" type="stmt"/>
        <line num="411" count="0" type="stmt"/>
        <line num="420" count="0" type="stmt"/>
        <line num="421" count="0" type="stmt"/>
        <line num="426" count="1" type="stmt"/>
      </file>
      <file name="whoDigitalLibraryService.js" path="/home/runner/work/sgex/sgex/src/services/whoDigitalLibraryService.js">
        <metrics statements="113" coveredstatements="48" conditionals="116" coveredconditionals="54" methods="18" coveredmethods="10"/>
        <line num="11" count="1" type="stmt"/>
        <line num="12" count="1" type="cond" truecount="1" falsecount="1"/>
        <line num="13" count="1" type="stmt"/>
        <line num="14" count="1" type="stmt"/>
        <line num="15" count="1" type="stmt"/>
        <line num="28" count="3" type="stmt"/>
        <line num="29" count="3" type="stmt"/>
        <line num="36" count="3" type="stmt"/>
        <line num="38" count="3" type="stmt"/>
        <line num="48" count="2" type="cond" truecount="1" falsecount="1"/>
        <line num="50" count="0" type="cond" truecount="0" falsecount="2"/>
        <line num="52" count="0" type="stmt"/>
        <line num="53" count="0" type="stmt"/>
        <line num="54" count="0" type="cond" truecount="0" falsecount="2"/>
        <line num="56" count="0" type="stmt"/>
        <line num="57" count="0" type="stmt"/>
        <line num="58" count="0" type="cond" truecount="0" falsecount="2"/>
        <line num="59" count="0" type="stmt"/>
        <line num="60" count="0" type="cond" truecount="0" falsecount="2"/>
        <line num="61" count="0" type="stmt"/>
        <line num="63" count="0" type="stmt"/>
        <line num="67" count="2" type="stmt"/>
        <line num="68" count="2" type="stmt"/>
        <line num="70" count="1" type="stmt"/>
        <line num="73" count="1" type="cond" truecount="3" falsecount="1"/>
        <line num="74" count="0" type="cond" truecount="0" falsecount="2"/>
        <line num="76" count="0" type="stmt"/>
        <line num="77" count="0" type="stmt"/>
        <line num="79" count="0" type="stmt"/>
        <line num="84" count="1" type="cond" truecount="4" falsecount="1"/>
        <line num="87" count="0" type="stmt"/>
        <line num="90" count="1" type="stmt"/>
        <line num="100" count="0" type="stmt"/>
        <line num="101" count="0" type="stmt"/>
        <line num="103" count="0" type="stmt"/>
        <line num="112" count="0" type="cond" truecount="0" falsecount="2"/>
        <line num="114" count="0" type="cond" truecount="0" falsecount="2"/>
        <line num="115" count="0" type="stmt"/>
        <line num="116" count="0" type="cond" truecount="0" falsecount="2"/>
        <line num="117" count="0" type="stmt"/>
        <line num="119" count="0" type="stmt"/>
        <line num="123" count="0" type="stmt"/>
        <line num="124" count="0" type="stmt"/>
        <line num="126" count="0" type="stmt"/>
        <line num="127" count="0" type="stmt"/>
        <line num="137" count="2" type="cond" truecount="5" falsecount="0"/>
        <line num="138" count="1" type="stmt"/>
        <line num="147" count="1" type="stmt"/>
        <line num="148" count="1" type="cond" truecount="1" falsecount="1"/>
        <line num="149" count="1" type="cond" truecount="1" falsecount="1"/>
        <line num="152" count="1" type="stmt"/>
        <line num="167" count="3" type="cond" truecount="3" falsecount="1"/>
        <line num="168" count="0" type="stmt"/>
        <line num="171" count="3" type="stmt"/>
        <line num="174" count="3" type="stmt"/>
        <line num="175" count="77" type="stmt"/>
        <line num="176" count="77" type="cond" truecount="4" falsecount="0"/>
        <line num="177" count="13" type="cond" truecount="1" falsecount="1"/>
        <line num="178" count="13" type="cond" truecount="2" falsecount="0"/>
        <line num="179" count="4" type="stmt"/>
        <line num="183" count="3" type="stmt"/>
        <line num="250" count="3" type="stmt"/>
        <line num="259" count="5" type="cond" truecount="2" falsecount="0"/>
        <line num="261" count="3" type="stmt"/>
        <line num="270" count="3" type="cond" truecount="1" falsecount="1"/>
        <line num="271" count="3" type="stmt"/>
        <line num="280" count="0" type="cond" truecount="0" falsecount="4"/>
        <line num="281" count="0" type="stmt"/>
        <line num="284" count="0" type="stmt"/>
        <line num="286" count="0" type="stmt"/>
        <line num="289" count="0" type="stmt"/>
        <line num="291" count="0" type="stmt"/>
        <line num="292" count="0" type="cond" truecount="0" falsecount="2"/>
        <line num="293" count="0" type="stmt"/>
        <line num="295" count="0" type="cond" truecount="0" falsecount="2"/>
        <line num="296" count="0" type="cond" truecount="0" falsecount="2"/>
        <line num="297" count="0" type="stmt"/>
        <line num="299" count="0" type="stmt"/>
        <line num="304" count="0" type="stmt"/>
        <line num="306" count="0" type="stmt"/>
        <line num="307" count="0" type="stmt"/>
        <line num="317" count="0" type="stmt"/>
        <line num="320" count="0" type="stmt"/>
        <line num="321" count="0" type="stmt"/>
        <line num="323" count="0" type="stmt"/>
        <line num="326" count="0" type="cond" truecount="0" falsecount="6"/>
        <line num="330" count="0" type="stmt"/>
        <line num="331" count="0" type="stmt"/>
        <line num="334" count="0" type="stmt"/>
        <line num="343" count="0" type="stmt"/>
        <line num="411" count="0" type="stmt"/>
        <line num="413" count="0" type="stmt"/>
        <line num="429" count="0" type="stmt"/>
        <line num="432" count="0" type="stmt"/>
        <line num="536" count="0" type="stmt"/>
        <line num="539" count="0" type="stmt"/>
        <line num="540" count="0" type="cond" truecount="0" falsecount="4"/>
        <line num="541" count="0" type="stmt"/>
        <line num="546" count="0" type="cond" truecount="0" falsecount="2"/>
        <line num="547" count="0" type="stmt"/>
        <line num="584" count="0" type="stmt"/>
        <line num="594" count="4" type="cond" truecount="1" falsecount="1"/>
        <line num="596" count="4" type="cond" truecount="1" falsecount="1"/>
        <line num="597" count="4" type="cond" truecount="1" falsecount="2"/>
        <line num="598" count="4" type="cond" truecount="1" falsecount="2"/>
        <line num="599" count="4" type="cond" truecount="1" falsecount="1"/>
        <line num="600" count="4" type="stmt"/>
        <line num="602" count="4" type="cond" truecount="4" falsecount="0"/>
        <line num="604" count="1" type="stmt"/>
        <line num="607" count="1" type="stmt"/>
        <line num="610" count="1" type="stmt"/>
        <line num="613" count="1" type="stmt"/>
        <line num="619" count="1" type="stmt"/>
      </file>
    </package>
    <package name="src.utils">
      <metrics statements="150" coveredstatements="114" conditionals="80" coveredconditionals="53" methods="45" coveredmethods="32"/>
      <file name="concurrency.js" path="/home/runner/work/sgex/sgex/src/utils/concurrency.js">
        <metrics statements="42" coveredstatements="26" conditionals="24" coveredconditionals="15" methods="8" coveredmethods="4"/>
        <line num="22" count="5" type="stmt"/>
        <line num="24" count="5" type="cond" truecount="4" falsecount="0"/>
        <line num="25" count="1" type="stmt"/>
        <line num="28" count="4" type="stmt"/>
        <line num="29" count="4" type="stmt"/>
        <line num="30" count="4" type="stmt"/>
        <line num="33" count="38" type="stmt"/>
        <line num="36" count="4" type="stmt"/>
        <line num="37" count="12" type="stmt"/>
        <line num="38" count="38" type="stmt"/>
        <line num="41" count="38" type="cond" truecount="1" falsecount="1"/>
        <line num="42" count="0" type="stmt"/>
        <line num="45" count="38" type="stmt"/>
        <line num="46" count="38" type="stmt"/>
        <line num="47" count="37" type="stmt"/>
        <line num="49" count="37" type="stmt"/>
        <line num="52" count="37" type="cond" truecount="2" falsecount="0"/>
        <line num="53" count="3" type="stmt"/>
        <line num="55" count="37" type="cond" truecount="1" falsecount="1"/>
        <line num="56" count="0" type="stmt"/>
        <line num="60" count="1" type="stmt"/>
        <line num="62" count="1" type="stmt"/>
        <line num="65" count="1" type="cond" truecount="1" falsecount="1"/>
        <line num="66" count="0" type="stmt"/>
        <line num="68" count="1" type="cond" truecount="1" falsecount="1"/>
        <line num="69" count="0" type="stmt"/>
        <line num="76" count="4" type="stmt"/>
        <line num="78" count="12" type="stmt"/>
        <line num="81" count="4" type="stmt"/>
        <line num="83" count="4" type="stmt"/>
        <line num="92" count="0" type="stmt"/>
        <line num="93" count="0" type="stmt"/>
        <line num="94" count="0" type="stmt"/>
        <line num="103" count="0" type="stmt"/>
        <line num="106" count="0" type="stmt"/>
        <line num="109" count="0" type="cond" truecount="0" falsecount="2"/>
        <line num="110" count="0" type="stmt"/>
        <line num="111" count="0" type="stmt"/>
        <line num="112" count="0" type="cond" truecount="0" falsecount="2"/>
        <line num="113" count="0" type="stmt"/>
        <line num="118" count="0" type="stmt"/>
        <line num="121" count="0" type="stmt"/>
      </file>
      <file name="logger.js" path="/home/runner/work/sgex/sgex/src/utils/logger.js">
        <metrics statements="56" coveredstatements="46" conditionals="23" coveredconditionals="16" methods="22" coveredmethods="16"/>
        <line num="9" count="15" type="stmt"/>
        <line num="12" count="15" type="stmt"/>
        <line num="20" count="15" type="cond" truecount="1" falsecount="1"/>
        <line num="23" count="15" type="stmt"/>
        <line num="26" count="15" type="stmt"/>
        <line num="34" count="147" type="cond" truecount="2" falsecount="0"/>
        <line num="35" count="14" type="stmt"/>
        <line num="36" count="14" type="stmt"/>
        <line num="37" count="14" type="cond" truecount="4" falsecount="0"/>
        <line num="38" count="1" type="stmt"/>
        <line num="43" count="14" type="stmt"/>
        <line num="52" count="4" type="stmt"/>
        <line num="53" count="4" type="cond" truecount="1" falsecount="1"/>
        <line num="54" count="4" type="stmt"/>
        <line num="55" count="4" type="stmt"/>
        <line num="56" count="4" type="stmt"/>
        <line num="69" count="19" type="stmt"/>
        <line num="70" count="19" type="stmt"/>
        <line num="71" count="5" type="stmt"/>
        <line num="72" count="1" type="stmt"/>
        <line num="73" count="8" type="stmt"/>
        <line num="74" count="18" type="stmt"/>
        <line num="77" count="11" type="cond" truecount="1" falsecount="1"/>
        <line num="78" count="11" type="stmt"/>
        <line num="79" count="1" type="stmt"/>
        <line num="81" count="0" type="cond" truecount="0" falsecount="2"/>
        <line num="82" count="0" type="stmt"/>
        <line num="83" count="0" type="stmt"/>
        <line num="85" count="1" type="stmt"/>
        <line num="87" count="19" type="stmt"/>
        <line num="89" count="38" type="stmt"/>
        <line num="91" count="0" type="stmt"/>
        <line num="93" count="34" type="stmt"/>
        <line num="103" count="147" type="stmt"/>
        <line num="105" count="147" type="cond" truecount="2" falsecount="0"/>
        <line num="106" count="12" type="stmt"/>
        <line num="107" count="12" type="stmt"/>
        <line num="110" count="12" type="stmt"/>
        <line num="113" count="12" type="cond" truecount="4" falsecount="1"/>
        <line num="115" count="6" type="stmt"/>
        <line num="116" count="6" type="stmt"/>
        <line num="118" count="1" type="stmt"/>
        <line num="119" count="1" type="stmt"/>
        <line num="121" count="3" type="stmt"/>
        <line num="122" count="3" type="stmt"/>
        <line num="124" count="2" type="stmt"/>
        <line num="125" count="2" type="stmt"/>
        <line num="127" count="0" type="stmt"/>
        <line num="128" count="0" type="stmt"/>
        <line num="137" count="0" type="stmt"/>
        <line num="138" count="0" type="stmt"/>
        <line num="145" count="0" type="stmt"/>
        <line num="146" count="0" type="stmt"/>
        <line num="151" count="14" type="stmt"/>
        <line num="154" count="14" type="cond" truecount="1" falsecount="1"/>
        <line num="155" count="14" type="stmt"/>
      </file>
      <file name="navigationUtils.js" path="/home/runner/work/sgex/sgex/src/utils/navigationUtils.js">
        <metrics statements="20" coveredstatements="18" conditionals="16" coveredconditionals="15" methods="5" coveredmethods="3"/>
        <line num="10" count="1" type="stmt"/>
        <line num="11" count="8" type="cond" truecount="2" falsecount="0"/>
        <line num="19" count="1" type="stmt"/>
        <line num="20" count="6" type="cond" truecount="2" falsecount="0"/>
        <line num="21" count="6" type="stmt"/>
        <line num="24" count="6" type="cond" truecount="2" falsecount="0"/>
        <line num="27" count="6" type="cond" truecount="2" falsecount="0"/>
        <line num="28" count="1" type="stmt"/>
        <line num="32" count="5" type="cond" truecount="2" falsecount="0"/>
        <line num="34" count="5" type="stmt"/>
        <line num="44" count="1" type="cond" truecount="1" falsecount="0"/>
        <line num="45" count="3" type="cond" truecount="2" falsecount="0"/>
        <line num="47" count="1" type="stmt"/>
        <line num="48" count="1" type="stmt"/>
        <line num="51" count="2" type="cond" truecount="2" falsecount="0"/>
        <line num="52" count="1" type="stmt"/>
        <line num="54" count="1" type="stmt"/>
        <line num="66" count="1" type="cond" truecount="0" falsecount="1"/>
        <line num="67" count="0" type="stmt"/>
        <line num="68" count="0" type="stmt"/>
      </file>
      <file name="repositoryCompatibilityCache.js" path="/home/runner/work/sgex/sgex/src/utils/repositoryCompatibilityCache.js">
        <metrics statements="23" coveredstatements="23" conditionals="7" coveredconditionals="7" methods="9" coveredmethods="9"/>
        <line num="8" count="10" type="stmt"/>
        <line num="9" count="10" type="stmt"/>
        <line num="19" count="471" type="stmt"/>
        <line num="28" count="7" type="stmt"/>
        <line num="38" count="240" type="stmt"/>
        <line num="39" count="240" type="stmt"/>
        <line num="41" count="240" type="cond" truecount="2" falsecount="0"/>
        <line num="42" count="233" type="stmt"/>
        <line num="45" count="7" type="cond" truecount="2" falsecount="0"/>
        <line num="46" count="1" type="stmt"/>
        <line num="47" count="1" type="stmt"/>
        <line num="50" count="6" type="stmt"/>
        <line num="60" count="231" type="stmt"/>
        <line num="61" count="231" type="stmt"/>
        <line num="71" count="35" type="stmt"/>
        <line num="78" count="6" type="stmt"/>
        <line num="79" count="6" type="stmt"/>
        <line num="80" count="8" type="cond" truecount="2" falsecount="0"/>
        <line num="81" count="2" type="stmt"/>
        <line num="91" count="5" type="stmt"/>
        <line num="92" count="5" type="stmt"/>
        <line num="95" count="6" type="stmt"/>
        <line num="105" count="8" type="stmt"/>
      </file>
      <file name="themeUtils.js" path="/home/runner/work/sgex/sgex/src/utils/themeUtils.js">
        <metrics statements="9" coveredstatements="1" conditionals="10" coveredconditionals="0" methods="1" coveredmethods="0"/>
        <line num="7" count="1" type="stmt"/>
        <line num="8" count="0" type="stmt"/>
        <line num="11" count="0" type="cond" truecount="0" falsecount="2"/>
        <line num="14" count="0" type="cond" truecount="0" falsecount="2"/>
        <line num="17" count="0" type="cond" truecount="0" falsecount="2"/>
        <line num="20" count="0" type="stmt"/>
        <line num="21" count="0" type="cond" truecount="0" falsecount="2"/>
        <line num="24" count="0" type="cond" truecount="0" falsecount="2"/>
        <line num="27" count="0" type="stmt"/>
      </file>
    </package>
  </project>
</coverage>
