TN:
SF:src/App.js
FN:33,App
FN:36,(anonymous_1)
FN:43,(anonymous_2)
FNF:3
FNH:0
FNDA:0,App
FNDA:0,(anonymous_1)
FNDA:0,(anonymous_2)
DA:34,0
DA:36,0
DA:37,0
DA:38,0
DA:43,0
DA:44,0
DA:48,0
LF:7
LH:0
BRF:0
BRH:0
end_of_record
TN:
SF:src/index.js
FNF:0
FNH:0
DA:7,0
DA:8,0
DA:17,0
LF:3
LH:0
BRF:0
BRH:0
end_of_record
TN:
SF:src/reportWebVitals.js
FN:1,(anonymous_0)
FN:3,(anonymous_1)
FNF:2
FNH:0
FNDA:0,(anonymous_0)
FNDA:0,(anonymous_1)
DA:1,0
DA:2,0
DA:3,0
DA:4,0
DA:5,0
DA:6,0
DA:7,0
DA:8,0
LF:8
LH:0
BRDA:2,0,0,0
BRDA:2,0,1,0
BRDA:2,1,0,0
BRDA:2,1,1,0
BRF:4
BRH:0
end_of_record
TN:
SF:src/setupProxy.js
FN:15,(anonymous_0)
FN:32,(anonymous_1)
FN:39,(anonymous_2)
FN:45,(anonymous_3)
FNF:4
FNH:0
FNDA:0,(anonymous_0)
FNDA:0,(anonymous_1)
FNDA:0,(anonymous_2)
FNDA:0,(anonymous_3)
DA:13,0
DA:15,0
DA:17,0
DA:33,0
DA:35,0
DA:36,0
DA:37,0
DA:40,0
DA:41,0
DA:42,0
DA:46,0
DA:47,0
LF:12
LH:0
BRDA:41,0,0,0
BRDA:41,0,1,0
BRDA:51,1,0,0
BRDA:51,1,1,0
BRF:4
BRH:0
end_of_record
TN:
SF:src/components/ActorEditor.js
FN:7,(anonymous_0)
FN:15,(anonymous_1)
FN:35,(anonymous_2)
FN:36,(anonymous_3)
FN:69,(anonymous_4)
FN:70,(anonymous_5)
FN:77,(anonymous_6)
FN:86,(anonymous_7)
FN:87,(anonymous_8)
FN:103,(anonymous_9)
FN:104,(anonymous_10)
FN:111,(anonymous_11)
FN:112,(anonymous_12)
FN:114,(anonymous_13)
FN:119,(anonymous_14)
FN:126,(anonymous_15)
FN:143,(anonymous_16)
FN:176,(anonymous_17)
FN:190,(anonymous_18)
FN:203,(anonymous_19)
FN:216,(anonymous_20)
FN:234,(anonymous_21)
FN:274,(anonymous_22)
FN:314,(anonymous_23)
FN:323,(anonymous_24)
FN:327,(anonymous_25)
FN:339,(anonymous_26)
FN:350,(anonymous_27)
FN:356,(anonymous_28)
FN:377,(anonymous_29)
FN:383,(anonymous_30)
FN:389,(anonymous_31)
FN:395,(anonymous_32)
FN:450,(anonymous_33)
FN:451,(anonymous_34)
FN:455,(anonymous_35)
FN:466,(anonymous_36)
FN:485,(anonymous_37)
FN:495,(anonymous_38)
FN:510,(anonymous_39)
FN:522,(anonymous_40)
FN:535,(anonymous_41)
FN:552,(anonymous_42)
FN:561,(anonymous_43)
FN:569,(anonymous_44)
FN:575,(anonymous_45)
FN:587,(anonymous_46)
FN:596,(anonymous_47)
FN:606,(anonymous_48)
FN:619,(anonymous_49)
FN:626,(anonymous_50)
FN:632,(anonymous_51)
FN:644,(anonymous_52)
FN:653,(anonymous_53)
FN:663,(anonymous_54)
FN:676,(anonymous_55)
FN:683,(anonymous_56)
FN:689,(anonymous_57)
FN:701,(anonymous_58)
FN:710,(anonymous_59)
FN:720,(anonymous_60)
FN:731,(anonymous_61)
FN:742,(anonymous_62)
FN:756,(anonymous_63)
FN:768,(anonymous_64)
FN:783,(anonymous_65)
FN:790,(anonymous_66)
FN:796,(anonymous_67)
FN:807,(anonymous_68)
FN:823,(anonymous_69)
FN:833,(anonymous_70)
FN:844,(anonymous_71)
FN:854,(anonymous_72)
FN:862,(anonymous_73)
FN:876,(anonymous_74)
FN:886,(anonymous_75)
FN:893,(anonymous_76)
FN:899,(anonymous_77)
FN:915,(anonymous_78)
FN:928,(anonymous_79)
FN:946,(anonymous_80)
FN:948,(anonymous_81)
FN:948,(anonymous_82)
FNF:83
FNH:0
FNDA:0,(anonymous_0)
FNDA:0,(anonymous_1)
FNDA:0,(anonymous_2)
FNDA:0,(anonymous_3)
FNDA:0,(anonymous_4)
FNDA:0,(anonymous_5)
FNDA:0,(anonymous_6)
FNDA:0,(anonymous_7)
FNDA:0,(anonymous_8)
FNDA:0,(anonymous_9)
FNDA:0,(anonymous_10)
FNDA:0,(anonymous_11)
FNDA:0,(anonymous_12)
FNDA:0,(anonymous_13)
FNDA:0,(anonymous_14)
FNDA:0,(anonymous_15)
FNDA:0,(anonymous_16)
FNDA:0,(anonymous_17)
FNDA:0,(anonymous_18)
FNDA:0,(anonymous_19)
FNDA:0,(anonymous_20)
FNDA:0,(anonymous_21)
FNDA:0,(anonymous_22)
FNDA:0,(anonymous_23)
FNDA:0,(anonymous_24)
FNDA:0,(anonymous_25)
FNDA:0,(anonymous_26)
FNDA:0,(anonymous_27)
FNDA:0,(anonymous_28)
FNDA:0,(anonymous_29)
FNDA:0,(anonymous_30)
FNDA:0,(anonymous_31)
FNDA:0,(anonymous_32)
FNDA:0,(anonymous_33)
FNDA:0,(anonymous_34)
FNDA:0,(anonymous_35)
FNDA:0,(anonymous_36)
FNDA:0,(anonymous_37)
FNDA:0,(anonymous_38)
FNDA:0,(anonymous_39)
FNDA:0,(anonymous_40)
FNDA:0,(anonymous_41)
FNDA:0,(anonymous_42)
FNDA:0,(anonymous_43)
FNDA:0,(anonymous_44)
FNDA:0,(anonymous_45)
FNDA:0,(anonymous_46)
FNDA:0,(anonymous_47)
FNDA:0,(anonymous_48)
FNDA:0,(anonymous_49)
FNDA:0,(anonymous_50)
FNDA:0,(anonymous_51)
FNDA:0,(anonymous_52)
FNDA:0,(anonymous_53)
FNDA:0,(anonymous_54)
FNDA:0,(anonymous_55)
FNDA:0,(anonymous_56)
FNDA:0,(anonymous_57)
FNDA:0,(anonymous_58)
FNDA:0,(anonymous_59)
FNDA:0,(anonymous_60)
FNDA:0,(anonymous_61)
FNDA:0,(anonymous_62)
FNDA:0,(anonymous_63)
FNDA:0,(anonymous_64)
FNDA:0,(anonymous_65)
FNDA:0,(anonymous_66)
FNDA:0,(anonymous_67)
FNDA:0,(anonymous_68)
FNDA:0,(anonymous_69)
FNDA:0,(anonymous_70)
FNDA:0,(anonymous_71)
FNDA:0,(anonymous_72)
FNDA:0,(anonymous_73)
FNDA:0,(anonymous_74)
FNDA:0,(anonymous_75)
FNDA:0,(anonymous_76)
FNDA:0,(anonymous_77)
FNDA:0,(anonymous_78)
FNDA:0,(anonymous_79)
FNDA:0,(anonymous_80)
FNDA:0,(anonymous_81)
FNDA:0,(anonymous_82)
DA:7,0
DA:8,0
DA:15,0
DA:16,0
DA:17,0
DA:21,0
DA:24,0
DA:25,0
DA:26,0
DA:27,0
DA:28,0
DA:29,0
DA:30,0
DA:31,0
DA:32,0
DA:35,0
DA:36,0
DA:37,0
DA:39,0
DA:40,0
DA:42,0
DA:43,0
DA:44,0
DA:47,0
DA:51,0
DA:55,0
DA:58,0
DA:59,0
DA:62,0
DA:65,0
DA:69,0
DA:70,0
DA:76,0
DA:77,0
DA:78,0
DA:79,0
DA:80,0
DA:86,0
DA:87,0
DA:88,0
DA:89,0
DA:90,0
DA:93,0
DA:94,0
DA:97,0
DA:98,0
DA:103,0
DA:104,0
DA:111,0
DA:112,0
DA:114,0
DA:119,0
DA:120,0
DA:122,0
DA:124,0
DA:125,0
DA:126,0
DA:127,0
DA:128,0
DA:129,0
DA:130,0
DA:131,0
DA:132,0
DA:134,0
DA:135,0
DA:138,0
DA:139,0
DA:143,0
DA:144,0
DA:145,0
DA:148,0
DA:150,0
DA:151,0
DA:153,0
DA:155,0
DA:158,0
DA:161,0
DA:162,0
DA:165,0
DA:168,0
DA:169,0
DA:172,0
DA:176,0
DA:177,0
DA:179,0
DA:180,0
DA:181,0
DA:182,0
DA:184,0
DA:185,0
DA:190,0
DA:191,0
DA:199,0
DA:203,0
DA:204,0
DA:205,0
DA:206,0
DA:207,0
DA:208,0
DA:211,0
DA:216,0
DA:217,0
DA:218,0
DA:219,0
DA:220,0
DA:223,0
DA:224,0
DA:225,0
DA:234,0
DA:235,0
DA:236,0
DA:240,0
DA:241,0
DA:253,0
DA:254,0
DA:266,0
DA:274,0
DA:314,0
DA:324,0
DA:327,0
DA:340,0
DA:350,0
DA:356,0
DA:377,0
DA:383,0
DA:389,0
DA:395,0
DA:450,0
DA:451,0
DA:455,0
DA:467,0
DA:468,0
DA:485,0
DA:486,0
DA:495,0
DA:510,0
DA:522,0
DA:535,0
DA:552,0
DA:553,0
DA:561,0
DA:570,0
DA:575,0
DA:587,0
DA:596,0
DA:606,0
DA:619,0
DA:627,0
DA:632,0
DA:644,0
DA:653,0
DA:663,0
DA:676,0
DA:684,0
DA:689,0
DA:701,0
DA:710,0
DA:720,0
DA:731,0
DA:732,0
DA:742,0
DA:756,0
DA:768,0
DA:783,0
DA:791,0
DA:796,0
DA:807,0
DA:823,0
DA:833,0
DA:844,0
DA:845,0
DA:854,0
DA:862,0
DA:876,0
DA:886,0
DA:894,0
DA:900,0
DA:901,0
DA:902,0
DA:916,0
DA:917,0
DA:918,0
DA:929,0
DA:930,0
DA:931,0
DA:946,0
DA:948,0
LF:187
LH:0
BRDA:40,0,0,0
BRDA:40,0,1,0
BRDA:43,1,0,0
BRDA:43,1,1,0
BRDA:76,2,0,0
BRDA:76,2,1,0
BRDA:89,3,0,0
BRDA:89,3,1,0
BRDA:93,4,0,0
BRDA:93,4,1,0
BRDA:103,5,0,0
BRDA:106,6,0,0
BRDA:106,6,1,0
BRDA:120,7,0,0
BRDA:120,7,1,0
BRDA:124,8,0,0
BRDA:124,8,1,0
BRDA:127,9,0,0
BRDA:127,9,1,0
BRDA:128,10,0,0
BRDA:128,10,1,0
BRDA:129,11,0,0
BRDA:129,11,1,0
BRDA:130,12,0,0
BRDA:130,12,1,0
BRDA:131,13,0,0
BRDA:131,13,1,0
BRDA:144,14,0,0
BRDA:144,14,1,0
BRDA:153,15,0,0
BRDA:153,15,1,0
BRDA:161,16,0,0
BRDA:161,16,1,0
BRDA:162,17,0,0
BRDA:162,17,1,0
BRDA:162,18,0,0
BRDA:162,18,1,0
BRDA:177,19,0,0
BRDA:177,19,1,0
BRDA:205,20,0,0
BRDA:205,20,1,0
BRDA:211,21,0,0
BRDA:211,21,1,0
BRDA:211,22,0,0
BRDA:211,22,1,0
BRDA:217,23,0,0
BRDA:217,23,1,0
BRDA:219,24,0,0
BRDA:219,24,1,0
BRDA:223,25,0,0
BRDA:223,25,1,0
BRDA:225,26,0,0
BRDA:225,26,1,0
BRDA:225,27,0,0
BRDA:225,27,1,0
BRDA:235,28,0,0
BRDA:235,28,1,0
BRDA:235,29,0,0
BRDA:235,29,1,0
BRDA:240,30,0,0
BRDA:240,30,1,0
BRDA:240,31,0,0
BRDA:240,31,1,0
BRDA:253,32,0,0
BRDA:253,32,1,0
BRDA:292,33,0,0
BRDA:292,33,1,0
BRDA:296,34,0,0
BRDA:296,34,1,0
BRDA:301,35,0,0
BRDA:301,35,1,0
BRDA:309,36,0,0
BRDA:309,36,1,0
BRDA:336,37,0,0
BRDA:336,37,1,0
BRDA:371,38,0,0
BRDA:371,38,1,0
BRDA:372,39,0,0
BRDA:372,39,1,0
BRDA:376,40,0,0
BRDA:376,40,1,0
BRDA:382,41,0,0
BRDA:382,41,1,0
BRDA:388,42,0,0
BRDA:388,42,1,0
BRDA:394,43,0,0
BRDA:394,43,1,0
BRDA:402,44,0,0
BRDA:402,44,1,0
BRDA:410,45,0,0
BRDA:410,45,1,0
BRDA:420,46,0,0
BRDA:420,46,1,0
BRDA:431,47,0,0
BRDA:431,47,1,0
BRDA:449,48,0,0
BRDA:449,48,1,0
BRDA:496,49,0,0
BRDA:496,49,1,0
BRDA:500,50,0,0
BRDA:500,50,1,0
BRDA:511,51,0,0
BRDA:511,51,1,0
BRDA:514,52,0,0
BRDA:514,52,1,0
BRDA:523,53,0,0
BRDA:523,53,1,0
BRDA:527,54,0,0
BRDA:527,54,1,0
BRDA:536,55,0,0
BRDA:536,55,1,0
BRDA:546,56,0,0
BRDA:546,56,1,0
BRDA:567,57,0,0
BRDA:567,57,1,0
BRDA:569,58,0,0
BRDA:569,58,1,0
BRDA:605,59,0,0
BRDA:605,59,1,0
BRDA:626,60,0,0
BRDA:626,60,1,0
BRDA:662,61,0,0
BRDA:662,61,1,0
BRDA:683,62,0,0
BRDA:683,62,1,0
BRDA:719,63,0,0
BRDA:719,63,1,0
BRDA:741,64,0,0
BRDA:741,64,1,0
BRDA:755,65,0,0
BRDA:755,65,1,0
BRDA:767,66,0,0
BRDA:767,66,1,0
BRDA:790,67,0,0
BRDA:790,67,1,0
BRDA:832,68,0,0
BRDA:832,68,1,0
BRDA:853,69,0,0
BRDA:853,69,1,0
BRDA:861,70,0,0
BRDA:861,70,1,0
BRDA:875,71,0,0
BRDA:875,71,1,0
BRDA:893,72,0,0
BRDA:893,72,1,0
BRDA:900,73,0,0
BRDA:900,73,1,0
BRDA:914,74,0,0
BRDA:914,74,1,0
BRDA:916,75,0,0
BRDA:916,75,1,0
BRDA:927,76,0,0
BRDA:927,76,1,0
BRDA:929,77,0,0
BRDA:929,77,1,0
BRDA:945,78,0,0
BRDA:945,78,1,0
BRF:157
BRH:0
end_of_record
TN:
SF:src/components/AssetEditorTest.js
FN:7,(anonymous_0)
FN:25,(anonymous_1)
FN:63,(anonymous_2)
FNF:3
FNH:0
FNDA:0,(anonymous_0)
FNDA:0,(anonymous_1)
FNDA:0,(anonymous_2)
DA:7,0
DA:8,0
DA:10,0
DA:13,0
DA:19,0
DA:25,0
DA:26,0
DA:27,0
DA:30,0
DA:32,0
DA:63,0
LF:11
LH:0
BRDA:85,0,0,0
BRDA:85,0,1,0
BRF:2
BRH:0
end_of_record
TN:
SF:src/components/BPMNEditor.js
FN:8,(anonymous_0)
FN:22,(anonymous_1)
FN:24,(anonymous_2)
FN:43,(anonymous_3)
FN:46,(anonymous_4)
FN:59,(anonymous_5)
FN:60,(anonymous_6)
FN:82,(anonymous_7)
FN:132,(anonymous_8)
FN:134,(anonymous_9)
FN:137,(anonymous_10)
FN:140,(anonymous_11)
FN:147,(anonymous_12)
FN:156,(anonymous_13)
FN:165,(anonymous_14)
FN:218,(anonymous_15)
FN:225,(anonymous_16)
FN:363,(anonymous_17)
FN:367,(anonymous_18)
FNF:19
FNH:0
FNDA:0,(anonymous_0)
FNDA:0,(anonymous_1)
FNDA:0,(anonymous_2)
FNDA:0,(anonymous_3)
FNDA:0,(anonymous_4)
FNDA:0,(anonymous_5)
FNDA:0,(anonymous_6)
FNDA:0,(anonymous_7)
FNDA:0,(anonymous_8)
FNDA:0,(anonymous_9)
FNDA:0,(anonymous_10)
FNDA:0,(anonymous_11)
FNDA:0,(anonymous_12)
FNDA:0,(anonymous_13)
FNDA:0,(anonymous_14)
FNDA:0,(anonymous_15)
FNDA:0,(anonymous_16)
FNDA:0,(anonymous_17)
FNDA:0,(anonymous_18)
DA:8,0
DA:9,0
DA:10,0
DA:11,0
DA:12,0
DA:14,0
DA:15,0
DA:16,0
DA:17,0
DA:18,0
DA:19,0
DA:22,0
DA:24,0
DA:25,0
DA:26,0
DA:27,0
DA:30,0
DA:32,0
DA:38,0
DA:39,0
DA:42,0
DA:43,0
DA:46,0
DA:47,0
DA:48,0
DA:49,0
DA:51,0
DA:53,0
DA:59,0
DA:60,0
DA:61,0
DA:62,0
DA:63,0
DA:66,0
DA:67,0
DA:68,0
DA:71,0
DA:72,0
DA:73,0
DA:74,0
DA:81,0
DA:82,0
DA:85,0
DA:86,0
DA:87,0
DA:89,0
DA:95,0
DA:119,0
DA:120,0
DA:122,0
DA:123,0
DA:124,0
DA:128,0
DA:132,0
DA:133,0
DA:134,0
DA:136,0
DA:138,0
DA:141,0
DA:145,0
DA:147,0
DA:148,0
DA:149,0
DA:156,0
DA:157,0
DA:158,0
DA:160,0
DA:165,0
DA:166,0
DA:167,0
DA:170,0
DA:172,0
DA:175,0
DA:176,0
DA:179,0
DA:180,0
DA:181,0
DA:186,0
DA:188,0
DA:192,0
DA:205,0
DA:206,0
DA:210,0
DA:212,0
DA:213,0
DA:218,0
DA:219,0
DA:220,0
DA:221,0
DA:222,0
DA:225,0
DA:226,0
DA:228,0
DA:229,0
DA:232,0
DA:236,0
DA:237,0
DA:238,0
DA:239,0
DA:240,0
DA:244,0
DA:245,0
DA:246,0
DA:247,0
DA:248,0
DA:249,0
DA:250,0
DA:253,0
DA:258,0
DA:259,0
DA:300,0
DA:303,0
DA:304,0
DA:306,0
DA:308,0
DA:309,0
DA:310,0
DA:315,0
DA:316,0
DA:317,0
DA:321,0
DA:322,0
DA:323,0
DA:327,0
DA:329,0
DA:364,0
DA:367,0
LF:127
LH:0
BRDA:25,0,0,0
BRDA:25,0,1,0
BRDA:25,1,0,0
BRDA:25,1,1,0
BRDA:25,1,2,0
BRDA:38,2,0,0
BRDA:38,2,1,0
BRDA:47,3,0,0
BRDA:47,3,1,0
BRDA:61,4,0,0
BRDA:61,4,1,0
BRDA:61,5,0,0
BRDA:61,5,1,0
BRDA:71,6,0,0
BRDA:71,6,1,0
BRDA:75,7,0,0
BRDA:75,7,1,0
BRDA:81,8,0,0
BRDA:81,8,1,0
BRDA:83,9,0,0
BRDA:83,9,1,0
BRDA:133,10,0,0
BRDA:133,10,1,0
BRDA:148,11,0,0
BRDA:148,11,1,0
BRDA:158,12,0,0
BRDA:158,12,1,0
BRDA:166,13,0,0
BRDA:166,13,1,0
BRDA:166,14,0,0
BRDA:166,14,1,0
BRDA:166,14,2,0
BRDA:175,15,0,0
BRDA:175,15,1,0
BRDA:175,16,0,0
BRDA:175,16,1,0
BRDA:182,17,0,0
BRDA:182,17,1,0
BRDA:193,18,0,0
BRDA:193,18,1,0
BRDA:200,19,0,0
BRDA:200,19,1,0
BRDA:201,20,0,0
BRDA:201,20,1,0
BRDA:228,21,0,0
BRDA:228,21,1,0
BRDA:228,22,0,0
BRDA:228,22,1,0
BRDA:236,23,0,0
BRDA:236,23,1,0
BRDA:245,24,0,0
BRDA:245,24,1,0
BRDA:245,25,0,0
BRDA:245,25,1,0
BRDA:248,26,0,0
BRDA:248,26,1,0
BRDA:258,27,0,0
BRDA:258,27,1,0
BRDA:321,28,0,0
BRDA:321,28,1,0
BRDA:321,29,0,0
BRDA:321,29,1,0
BRDA:334,30,0,0
BRDA:334,30,1,0
BRDA:352,31,0,0
BRDA:352,31,1,0
BRDA:352,32,0,0
BRDA:352,32,1,0
BRDA:357,33,0,0
BRDA:357,33,1,0
BRDA:366,34,0,0
BRDA:366,34,1,0
BRDA:381,35,0,0
BRDA:381,35,1,0
BRF:74
BRH:0
end_of_record
TN:
SF:src/components/BPMNPreview.js
FN:6,(anonymous_0)
FN:12,(anonymous_1)
FN:13,(anonymous_2)
FN:172,(anonymous_3)
FNF:4
FNH:0
FNDA:0,(anonymous_0)
FNDA:0,(anonymous_1)
FNDA:0,(anonymous_2)
FNDA:0,(anonymous_3)
DA:6,0
DA:7,0
DA:8,0
DA:9,0
DA:10,0
DA:12,0
DA:13,0
DA:14,0
DA:16,0
DA:17,0
DA:18,0
DA:21,0
DA:22,0
DA:25,0
DA:26,0
DA:27,0
DA:28,0
DA:32,0
DA:34,0
DA:35,0
DA:85,0
DA:86,0
DA:88,0
DA:90,0
DA:91,0
DA:143,0
DA:144,0
DA:146,0
DA:148,0
DA:151,0
DA:154,0
DA:155,0
DA:157,0
DA:159,0
DA:160,0
DA:161,0
DA:165,0
DA:166,0
DA:167,0
DA:172,0
DA:173,0
DA:174,0
DA:175,0
DA:177,0
DA:179,0
DA:184,0
DA:185,0
DA:187,0
DA:190,0
DA:193,0
DA:194,0
DA:204,0
DA:205,0
DA:214,0
LF:54
LH:0
BRDA:14,0,0,0
BRDA:14,0,1,0
BRDA:14,1,0,0
BRDA:14,1,1,0
BRDA:14,1,2,0
BRDA:21,2,0,0
BRDA:21,2,1,0
BRDA:25,3,0,0
BRDA:25,3,1,0
BRDA:27,4,0,0
BRDA:27,4,1,0
BRDA:28,5,0,0
BRDA:28,5,1,0
BRDA:32,6,0,0
BRDA:32,6,1,0
BRDA:173,7,0,0
BRDA:173,7,1,0
BRDA:184,8,0,0
BRDA:184,8,1,0
BRDA:184,9,0,0
BRDA:184,9,1,0
BRDA:184,9,2,0
BRDA:193,10,0,0
BRDA:193,10,1,0
BRDA:204,11,0,0
BRDA:204,11,1,0
BRF:26
BRH:0
end_of_record
TN:
SF:src/components/BPMNPreview_old.js
FN:6,(anonymous_0)
FN:12,(anonymous_1)
FN:13,(anonymous_2)
FN:89,(anonymous_3)
FN:111,(anonymous_4)
FN:114,(anonymous_5)
FN:115,(anonymous_6)
FNF:7
FNH:0
FNDA:0,(anonymous_0)
FNDA:0,(anonymous_1)
FNDA:0,(anonymous_2)
FNDA:0,(anonymous_3)
FNDA:0,(anonymous_4)
FNDA:0,(anonymous_5)
FNDA:0,(anonymous_6)
DA:6,0
DA:7,0
DA:8,0
DA:9,0
DA:10,0
DA:12,0
DA:13,0
DA:14,0
DA:16,0
DA:17,0
DA:18,0
DA:21,0
DA:22,0
DA:25,0
DA:26,0
DA:27,0
DA:30,0
DA:80,0
DA:86,0
DA:89,0
DA:90,0
DA:91,0
DA:94,0
DA:97,0
DA:98,0
DA:100,0
DA:101,0
DA:103,0
DA:104,0
DA:105,0
DA:110,0
DA:111,0
DA:114,0
DA:115,0
DA:116,0
DA:117,0
DA:118,0
DA:120,0
DA:122,0
DA:127,0
LF:40
LH:0
BRDA:14,0,0,0
BRDA:14,0,1,0
BRDA:14,1,0,0
BRDA:14,1,1,0
BRDA:14,1,2,0
BRDA:21,2,0,0
BRDA:21,2,1,0
BRDA:25,3,0,0
BRDA:25,3,1,0
BRDA:27,4,0,0
BRDA:27,4,1,0
BRDA:116,5,0,0
BRDA:116,5,1,0
BRDA:129,6,0,0
BRDA:129,6,1,0
BRDA:134,7,0,0
BRDA:134,7,1,0
BRF:17
BRH:0
end_of_record
TN:
SF:src/components/BPMNSource.js
FN:7,(anonymous_0)
FN:22,(anonymous_1)
FN:23,(anonymous_2)
FN:40,(anonymous_3)
FN:41,(anonymous_4)
FN:84,(anonymous_5)
FN:91,(anonymous_6)
FN:100,(anonymous_7)
FN:112,(anonymous_8)
FN:123,(anonymous_9)
FN:139,(anonymous_10)
FN:151,(anonymous_11)
FN:175,(anonymous_12)
FN:179,(anonymous_13)
FN:183,(anonymous_14)
FN:235,(anonymous_15)
FNF:16
FNH:0
FNDA:0,(anonymous_0)
FNDA:0,(anonymous_1)
FNDA:0,(anonymous_2)
FNDA:0,(anonymous_3)
FNDA:0,(anonymous_4)
FNDA:0,(anonymous_5)
FNDA:0,(anonymous_6)
FNDA:0,(anonymous_7)
FNDA:0,(anonymous_8)
FNDA:0,(anonymous_9)
FNDA:0,(anonymous_10)
FNDA:0,(anonymous_11)
FNDA:0,(anonymous_12)
FNDA:0,(anonymous_13)
FNDA:0,(anonymous_14)
FNDA:0,(anonymous_15)
DA:7,0
DA:8,0
DA:9,0
DA:11,0
DA:14,0
DA:16,0
DA:17,0
DA:18,0
DA:19,0
DA:22,0
DA:23,0
DA:24,0
DA:25,0
DA:27,0
DA:28,0
DA:30,0
DA:31,0
DA:36,0
DA:40,0
DA:41,0
DA:42,0
DA:43,0
DA:46,0
DA:47,0
DA:48,0
DA:50,0
DA:51,0
DA:52,0
DA:54,0
DA:57,0
DA:59,0
DA:61,0
DA:62,0
DA:64,0
DA:67,0
DA:68,0
DA:69,0
DA:70,0
DA:71,0
DA:72,0
DA:74,0
DA:77,0
DA:81,0
DA:84,0
DA:85,0
DA:86,0
DA:88,0
DA:89,0
DA:90,0
DA:91,0
DA:92,0
DA:95,0
DA:96,0
DA:100,0
DA:101,0
DA:102,0
DA:103,0
DA:104,0
DA:105,0
DA:106,0
DA:107,0
DA:108,0
DA:109,0
DA:112,0
DA:113,0
DA:123,0
DA:124,0
DA:125,0
DA:128,0
DA:131,0
DA:132,0
DA:134,0
DA:136,0
DA:139,0
DA:140,0
DA:141,0
DA:144,0
DA:145,0
DA:147,0
DA:151,0
DA:152,0
DA:153,0
DA:157,0
DA:158,0
DA:170,0
DA:175,0
DA:179,0
DA:183,0
DA:235,0
LF:89
LH:0
BRDA:11,0,0,0
BRDA:11,0,1,0
BRDA:24,1,0,0
BRDA:24,1,1,0
BRDA:24,2,0,0
BRDA:24,2,1,0
BRDA:27,3,0,0
BRDA:27,3,1,0
BRDA:28,4,0,0
BRDA:28,4,1,0
BRDA:42,5,0,0
BRDA:42,5,1,0
BRDA:42,6,0,0
BRDA:42,6,1,0
BRDA:50,7,0,0
BRDA:50,7,1,0
BRDA:52,8,0,0
BRDA:52,8,1,0
BRDA:67,9,0,0
BRDA:67,9,1,0
BRDA:69,10,0,0
BRDA:69,10,1,0
BRDA:71,11,0,0
BRDA:71,11,1,0
BRDA:124,12,0,0
BRDA:124,12,1,0
BRDA:125,13,0,0
BRDA:125,13,1,0
BRDA:140,14,0,0
BRDA:140,14,1,0
BRDA:141,15,0,0
BRDA:141,15,1,0
BRDA:152,16,0,0
BRDA:152,16,1,0
BRDA:152,17,0,0
BRDA:152,17,1,0
BRDA:152,17,2,0
BRDA:157,18,0,0
BRDA:157,18,1,0
BRDA:157,19,0,0
BRDA:157,19,1,0
BRDA:157,19,2,0
BRDA:225,20,0,0
BRDA:225,20,1,0
BRDA:230,21,0,0
BRDA:230,21,1,0
BRDA:259,22,0,0
BRDA:259,22,1,0
BRDA:289,23,0,0
BRDA:289,23,1,0
BRDA:290,24,0,0
BRDA:290,24,1,0
BRF:52
BRH:0
end_of_record
TN:
SF:src/components/BPMNViewer.js
FN:8,(anonymous_0)
FN:36,(anonymous_1)
FN:50,(anonymous_2)
FN:51,(anonymous_3)
FN:68,(anonymous_4)
FN:244,(anonymous_5)
FN:252,(anonymous_6)
FN:253,(anonymous_7)
FN:298,(anonymous_8)
FN:331,(anonymous_9)
FN:339,(anonymous_10)
FN:354,(anonymous_11)
FN:366,(anonymous_12)
FN:390,(anonymous_13)
FN:401,(anonymous_14)
FN:413,(anonymous_15)
FN:418,(anonymous_16)
FN:419,(anonymous_17)
FN:426,(anonymous_18)
FN:433,(anonymous_19)
FN:439,(anonymous_20)
FN:441,(anonymous_21)
FN:466,(anonymous_22)
FN:544,(anonymous_23)
FN:550,(anonymous_24)
FNF:25
FNH:0
FNDA:0,(anonymous_0)
FNDA:0,(anonymous_1)
FNDA:0,(anonymous_2)
FNDA:0,(anonymous_3)
FNDA:0,(anonymous_4)
FNDA:0,(anonymous_5)
FNDA:0,(anonymous_6)
FNDA:0,(anonymous_7)
FNDA:0,(anonymous_8)
FNDA:0,(anonymous_9)
FNDA:0,(anonymous_10)
FNDA:0,(anonymous_11)
FNDA:0,(anonymous_12)
FNDA:0,(anonymous_13)
FNDA:0,(anonymous_14)
FNDA:0,(anonymous_15)
FNDA:0,(anonymous_16)
FNDA:0,(anonymous_17)
FNDA:0,(anonymous_18)
FNDA:0,(anonymous_19)
FNDA:0,(anonymous_20)
FNDA:0,(anonymous_21)
FNDA:0,(anonymous_22)
FNDA:0,(anonymous_23)
FNDA:0,(anonymous_24)
DA:8,0
DA:9,0
DA:10,0
DA:11,0
DA:12,0
DA:15,0
DA:17,0
DA:18,0
DA:20,0
DA:23,0
DA:24,0
DA:25,0
DA:26,0
DA:28,0
DA:36,0
DA:37,0
DA:43,0
DA:44,0
DA:45,0
DA:46,0
DA:47,0
DA:50,0
DA:51,0
DA:52,0
DA:53,0
DA:55,0
DA:56,0
DA:58,0
DA:59,0
DA:64,0
DA:68,0
DA:69,0
DA:78,0
DA:79,0
DA:84,0
DA:88,0
DA:89,0
DA:90,0
DA:91,0
DA:92,0
DA:93,0
DA:95,0
DA:114,0
DA:115,0
DA:118,0
DA:120,0
DA:122,0
DA:123,0
DA:124,0
DA:174,0
DA:178,0
DA:179,0
DA:182,0
DA:183,0
DA:188,0
DA:189,0
DA:192,0
DA:193,0
DA:197,0
DA:198,0
DA:201,0
DA:202,0
DA:203,0
DA:204,0
DA:206,0
DA:209,0
DA:211,0
DA:212,0
DA:228,0
DA:229,0
DA:230,0
DA:231,0
DA:232,0
DA:233,0
DA:234,0
DA:235,0
DA:237,0
DA:240,0
DA:244,0
DA:245,0
DA:246,0
DA:247,0
DA:252,0
DA:253,0
DA:254,0
DA:262,0
DA:263,0
DA:265,0
DA:267,0
DA:268,0
DA:276,0
DA:279,0
DA:280,0
DA:282,0
DA:284,0
DA:285,0
DA:293,0
DA:294,0
DA:295,0
DA:298,0
DA:299,0
DA:300,0
DA:301,0
DA:302,0
DA:305,0
DA:306,0
DA:308,0
DA:309,0
DA:310,0
DA:315,0
DA:316,0
DA:320,0
DA:331,0
DA:332,0
DA:334,0
DA:335,0
DA:336,0
DA:337,0
DA:338,0
DA:339,0
DA:341,0
DA:342,0
DA:343,0
DA:347,0
DA:348,0
DA:349,0
DA:351,0
DA:354,0
DA:355,0
DA:356,0
DA:357,0
DA:359,0
DA:361,0
DA:366,0
DA:367,0
DA:368,0
DA:369,0
DA:372,0
DA:373,0
DA:374,0
DA:378,0
DA:390,0
DA:391,0
DA:401,0
DA:402,0
DA:403,0
DA:406,0
DA:407,0
DA:409,0
DA:413,0
DA:414,0
DA:418,0
DA:419,0
DA:421,0
DA:426,0
DA:427,0
DA:428,0
DA:430,0
DA:433,0
DA:434,0
DA:439,0
DA:441,0
DA:442,0
DA:445,0
DA:447,0
DA:449,0
DA:450,0
DA:454,0
DA:455,0
DA:460,0
DA:466,0
DA:467,0
DA:469,0
DA:470,0
DA:472,0
DA:474,0
DA:477,0
DA:544,0
DA:550,0
LF:179
LH:0
BRDA:20,0,0,0
BRDA:20,0,1,0
BRDA:23,1,0,0
BRDA:23,1,1,0
BRDA:24,2,0,0
BRDA:24,2,1,0
BRDA:25,3,0,0
BRDA:25,3,1,0
BRDA:37,4,0,0
BRDA:37,4,1,0
BRDA:52,5,0,0
BRDA:52,5,1,0
BRDA:52,6,0,0
BRDA:52,6,1,0
BRDA:55,7,0,0
BRDA:55,7,1,0
BRDA:56,8,0,0
BRDA:56,8,1,0
BRDA:72,9,0,0
BRDA:72,9,1,0
BRDA:78,10,0,0
BRDA:78,10,1,0
BRDA:78,11,0,0
BRDA:78,11,1,0
BRDA:78,11,2,0
BRDA:88,12,0,0
BRDA:88,12,1,0
BRDA:90,13,0,0
BRDA:90,13,1,0
BRDA:118,14,0,0
BRDA:118,14,1,0
BRDA:120,15,0,0
BRDA:120,15,1,0
BRDA:178,16,0,0
BRDA:178,16,1,0
BRDA:178,17,0,0
BRDA:178,17,1,0
BRDA:182,18,0,0
BRDA:182,18,1,0
BRDA:182,19,0,0
BRDA:182,19,1,0
BRDA:188,20,0,0
BRDA:188,20,1,0
BRDA:188,21,0,0
BRDA:188,21,1,0
BRDA:192,22,0,0
BRDA:192,22,1,0
BRDA:192,23,0,0
BRDA:192,23,1,0
BRDA:228,24,0,0
BRDA:228,24,1,0
BRDA:230,25,0,0
BRDA:230,25,1,0
BRDA:232,26,0,0
BRDA:232,26,1,0
BRDA:234,27,0,0
BRDA:234,27,1,0
BRDA:245,28,0,0
BRDA:245,28,1,0
BRDA:257,29,0,0
BRDA:257,29,1,0
BRDA:262,30,0,0
BRDA:262,30,1,0
BRDA:262,31,0,0
BRDA:262,31,1,0
BRDA:262,31,2,0
BRDA:289,32,0,0
BRDA:289,32,1,0
BRDA:293,33,0,0
BRDA:293,33,1,0
BRDA:299,34,0,0
BRDA:299,34,1,0
BRDA:299,35,0,0
BRDA:299,35,1,0
BRDA:324,36,0,0
BRDA:324,36,1,0
BRDA:325,37,0,0
BRDA:325,37,1,0
BRDA:326,38,0,0
BRDA:326,38,1,0
BRDA:331,39,0,0
BRDA:334,40,0,0
BRDA:334,40,1,0
BRDA:337,41,0,0
BRDA:337,41,1,0
BRDA:347,42,0,0
BRDA:347,42,1,0
BRDA:355,43,0,0
BRDA:355,43,1,0
BRDA:367,44,0,0
BRDA:367,44,1,0
BRDA:372,45,0,0
BRDA:372,45,1,0
BRDA:374,46,0,0
BRDA:374,46,1,0
BRDA:406,47,0,0
BRDA:406,47,1,0
BRDA:427,48,0,0
BRDA:427,48,1,0
BRDA:445,49,0,0
BRDA:445,49,1,0
BRDA:447,50,0,0
BRDA:447,50,1,0
BRDA:447,51,0,0
BRDA:447,51,1,0
BRDA:447,51,2,0
BRDA:447,51,3,0
BRDA:447,51,4,0
BRDA:447,51,5,0
BRDA:454,52,0,0
BRDA:454,52,1,0
BRDA:454,53,0,0
BRDA:454,53,1,0
BRDA:454,53,2,0
BRDA:469,54,0,0
BRDA:469,54,1,0
BRDA:469,55,0,0
BRDA:469,55,1,0
BRDA:469,55,2,0
BRDA:470,56,0,0
BRDA:470,56,1,0
BRDA:470,57,0,0
BRDA:470,57,1,0
BRDA:470,57,2,0
BRDA:470,57,3,0
BRDA:479,58,0,0
BRDA:479,58,1,0
BRDA:479,59,0,0
BRDA:479,59,1,0
BRDA:498,60,0,0
BRDA:498,60,1,0
BRDA:505,61,0,0
BRDA:505,61,1,0
BRDA:513,62,0,0
BRDA:513,62,1,0
BRDA:525,63,0,0
BRDA:525,63,1,0
BRDA:538,64,0,0
BRDA:538,64,1,0
BRDA:565,65,0,0
BRDA:565,65,1,0
BRDA:565,66,0,0
BRDA:565,66,1,0
BRDA:576,67,0,0
BRDA:576,67,1,0
BRDA:580,68,0,0
BRDA:580,68,1,0
BRDA:584,69,0,0
BRDA:584,69,1,0
BRDA:588,70,0,0
BRDA:588,70,1,0
BRDA:589,71,0,0
BRDA:589,71,1,0
BRDA:593,72,0,0
BRDA:593,72,1,0
BRDA:593,73,0,0
BRDA:593,73,1,0
BRF:157
BRH:0
end_of_record
TN:
SF:src/components/BPMNViewerEnhanced.js
FN:126,(anonymous_0)
FN:145,(anonymous_1)
FN:151,(anonymous_2)
FN:162,(anonymous_3)
FN:179,(anonymous_4)
FN:180,(anonymous_5)
FN:196,(anonymous_6)
FN:204,(anonymous_7)
FN:240,(anonymous_8)
FN:273,(anonymous_9)
FN:311,(anonymous_10)
FN:324,(anonymous_11)
FN:333,(anonymous_12)
FN:342,(anonymous_13)
FN:350,(anonymous_14)
FN:358,(anonymous_15)
FN:378,(anonymous_16)
FN:401,(anonymous_17)
FN:412,(anonymous_18)
FN:418,(anonymous_19)
FN:456,(anonymous_20)
FN:460,(anonymous_21)
FN:464,(anonymous_22)
FNF:23
FNH:0
FNDA:0,(anonymous_0)
FNDA:0,(anonymous_1)
FNDA:0,(anonymous_2)
FNDA:0,(anonymous_3)
FNDA:0,(anonymous_4)
FNDA:0,(anonymous_5)
FNDA:0,(anonymous_6)
FNDA:0,(anonymous_7)
FNDA:0,(anonymous_8)
FNDA:0,(anonymous_9)
FNDA:0,(anonymous_10)
FNDA:0,(anonymous_11)
FNDA:0,(anonymous_12)
FNDA:0,(anonymous_13)
FNDA:0,(anonymous_14)
FNDA:0,(anonymous_15)
FNDA:0,(anonymous_16)
FNDA:0,(anonymous_17)
FNDA:0,(anonymous_18)
FNDA:0,(anonymous_19)
FNDA:0,(anonymous_20)
FNDA:0,(anonymous_21)
FNDA:0,(anonymous_22)
DA:7,0
DA:126,0
DA:127,0
DA:128,0
DA:129,0
DA:130,0
DA:131,0
DA:133,0
DA:135,0
DA:136,0
DA:138,0
DA:139,0
DA:140,0
DA:141,0
DA:142,0
DA:145,0
DA:146,0
DA:147,0
DA:149,0
DA:151,0
DA:152,0
DA:153,0
DA:158,0
DA:160,0
DA:162,0
DA:163,0
DA:164,0
DA:165,0
DA:167,0
DA:168,0
DA:174,0
DA:179,0
DA:180,0
DA:181,0
DA:182,0
DA:183,0
DA:184,0
DA:186,0
DA:187,0
DA:192,0
DA:196,0
DA:197,0
DA:199,0
DA:200,0
DA:201,0
DA:204,0
DA:205,0
DA:206,0
DA:207,0
DA:210,0
DA:211,0
DA:212,0
DA:214,0
DA:216,0
DA:220,0
DA:221,0
DA:224,0
DA:225,0
DA:228,0
DA:229,0
DA:232,0
DA:240,0
DA:242,0
DA:246,0
DA:249,0
DA:252,0
DA:253,0
DA:254,0
DA:255,0
DA:256,0
DA:257,0
DA:260,0
DA:263,0
DA:266,0
DA:268,0
DA:271,0
DA:273,0
DA:274,0
DA:278,0
DA:279,0
DA:282,0
DA:284,0
DA:285,0
DA:287,0
DA:290,0
DA:291,0
DA:292,0
DA:293,0
DA:294,0
DA:295,0
DA:296,0
DA:297,0
DA:298,0
DA:300,0
DA:303,0
DA:304,0
DA:309,0
DA:311,0
DA:312,0
DA:313,0
DA:314,0
DA:316,0
DA:318,0
DA:324,0
DA:325,0
DA:326,0
DA:327,0
DA:328,0
DA:329,0
DA:333,0
DA:334,0
DA:335,0
DA:336,0
DA:337,0
DA:338,0
DA:342,0
DA:343,0
DA:344,0
DA:345,0
DA:346,0
DA:350,0
DA:351,0
DA:352,0
DA:353,0
DA:354,0
DA:358,0
DA:359,0
DA:360,0
DA:361,0
DA:362,0
DA:363,0
DA:364,0
DA:365,0
DA:366,0
DA:367,0
DA:368,0
DA:369,0
DA:370,0
DA:372,0
DA:373,0
DA:378,0
DA:379,0
DA:380,0
DA:381,0
DA:384,0
DA:385,0
DA:386,0
DA:390,0
DA:401,0
DA:402,0
DA:403,0
DA:404,0
DA:407,0
DA:410,0
DA:412,0
DA:413,0
DA:418,0
DA:419,0
DA:428,0
DA:429,0
DA:430,0
DA:433,0
DA:456,0
DA:460,0
DA:464,0
LF:165
LH:0
BRDA:133,0,0,0
BRDA:133,0,1,0
BRDA:149,1,0,0
BRDA:149,1,1,0
BRDA:152,2,0,0
BRDA:152,2,1,0
BRDA:152,3,0,0
BRDA:152,3,1,0
BRDA:152,3,2,0
BRDA:163,4,0,0
BRDA:163,4,1,0
BRDA:163,5,0,0
BRDA:163,5,1,0
BRDA:163,5,2,0
BRDA:181,6,0,0
BRDA:181,6,1,0
BRDA:181,7,0,0
BRDA:181,7,1,0
BRDA:183,8,0,0
BRDA:183,8,1,0
BRDA:184,9,0,0
BRDA:184,9,1,0
BRDA:199,10,0,0
BRDA:199,10,1,0
BRDA:199,11,0,0
BRDA:199,11,1,0
BRDA:199,11,2,0
BRDA:210,12,0,0
BRDA:210,12,1,0
BRDA:220,13,0,0
BRDA:220,13,1,0
BRDA:224,14,0,0
BRDA:224,14,1,0
BRDA:228,15,0,0
BRDA:228,15,1,0
BRDA:228,16,0,0
BRDA:228,16,1,0
BRDA:252,17,0,0
BRDA:252,17,1,0
BRDA:252,18,0,0
BRDA:252,18,1,0
BRDA:255,19,0,0
BRDA:255,19,1,0
BRDA:291,20,0,0
BRDA:291,20,1,0
BRDA:293,21,0,0
BRDA:293,21,1,0
BRDA:295,22,0,0
BRDA:295,22,1,0
BRDA:297,23,0,0
BRDA:297,23,1,0
BRDA:312,24,0,0
BRDA:312,24,1,0
BRDA:325,25,0,0
BRDA:325,25,1,0
BRDA:334,26,0,0
BRDA:334,26,1,0
BRDA:343,27,0,0
BRDA:343,27,1,0
BRDA:351,28,0,0
BRDA:351,28,1,0
BRDA:359,29,0,0
BRDA:359,29,1,0
BRDA:379,30,0,0
BRDA:379,30,1,0
BRDA:384,31,0,0
BRDA:384,31,1,0
BRDA:386,32,0,0
BRDA:386,32,1,0
BRDA:410,33,0,0
BRDA:410,33,1,0
BRDA:428,34,0,0
BRDA:428,34,1,0
BRDA:428,35,0,0
BRDA:428,35,1,0
BRDA:428,35,2,0
BRDA:442,36,0,0
BRDA:442,36,1,0
BRDA:528,37,0,0
BRDA:528,37,1,0
BRDA:542,38,0,0
BRDA:542,38,1,0
BRDA:548,39,0,0
BRDA:548,39,1,0
BRDA:567,40,0,0
BRDA:567,40,1,0
BRDA:579,41,0,0
BRDA:579,41,1,0
BRDA:585,42,0,0
BRDA:585,42,1,0
BRDA:589,43,0,0
BRDA:589,43,1,0
BRDA:595,44,0,0
BRDA:595,44,1,0
BRDA:648,45,0,0
BRDA:648,45,1,0
BRDA:649,46,0,0
BRDA:649,46,1,0
BRDA:676,47,0,0
BRDA:676,47,1,0
BRF:100
BRH:0
end_of_record
TN:
SF:src/components/BPMNViewerTestComponent.js
FN:5,(anonymous_0)
FN:8,(anonymous_1)
FNF:2
FNH:0
FNDA:0,(anonymous_0)
FNDA:0,(anonymous_1)
DA:5,0
DA:6,0
DA:8,0
DA:10,0
DA:34,0
DA:37,0
LF:6
LH:0
BRF:0
BRH:0
end_of_record
TN:
SF:src/components/BranchListing.js
FN:7,(anonymous_0)
FN:32,(anonymous_1)
FN:39,(anonymous_2)
FN:46,(anonymous_3)
FN:66,(anonymous_4)
FN:80,(anonymous_5)
FN:83,(anonymous_6)
FN:106,(anonymous_7)
FN:110,(anonymous_8)
FN:117,(anonymous_9)
FN:122,(anonymous_10)
FN:137,(anonymous_11)
FN:146,(anonymous_12)
FN:162,(anonymous_13)
FN:183,(anonymous_14)
FN:201,(anonymous_15)
FN:202,(anonymous_16)
FN:215,(anonymous_17)
FN:216,(anonymous_18)
FN:343,(anonymous_19)
FN:344,(anonymous_20)
FN:369,(anonymous_21)
FN:370,(anonymous_22)
FN:385,(anonymous_23)
FN:498,(anonymous_24)
FN:500,(anonymous_25)
FN:511,(anonymous_26)
FN:520,(anonymous_27)
FN:588,(anonymous_28)
FN:597,(anonymous_29)
FN:617,(anonymous_30)
FN:623,(anonymous_31)
FN:636,(anonymous_32)
FN:641,(anonymous_33)
FN:667,(anonymous_34)
FN:735,(anonymous_35)
FN:770,(anonymous_36)
FN:785,(anonymous_37)
FN:793,(anonymous_38)
FN:815,(anonymous_39)
FN:853,(anonymous_40)
FN:876,(anonymous_41)
FN:876,(anonymous_42)
FN:885,(anonymous_43)
FN:936,(anonymous_44)
FN:974,(anonymous_45)
FN:984,(anonymous_46)
FN:1017,(anonymous_47)
FNF:48
FNH:0
FNDA:0,(anonymous_0)
FNDA:0,(anonymous_1)
FNDA:0,(anonymous_2)
FNDA:0,(anonymous_3)
FNDA:0,(anonymous_4)
FNDA:0,(anonymous_5)
FNDA:0,(anonymous_6)
FNDA:0,(anonymous_7)
FNDA:0,(anonymous_8)
FNDA:0,(anonymous_9)
FNDA:0,(anonymous_10)
FNDA:0,(anonymous_11)
FNDA:0,(anonymous_12)
FNDA:0,(anonymous_13)
FNDA:0,(anonymous_14)
FNDA:0,(anonymous_15)
FNDA:0,(anonymous_16)
FNDA:0,(anonymous_17)
FNDA:0,(anonymous_18)
FNDA:0,(anonymous_19)
FNDA:0,(anonymous_20)
FNDA:0,(anonymous_21)
FNDA:0,(anonymous_22)
FNDA:0,(anonymous_23)
FNDA:0,(anonymous_24)
FNDA:0,(anonymous_25)
FNDA:0,(anonymous_26)
FNDA:0,(anonymous_27)
FNDA:0,(anonymous_28)
FNDA:0,(anonymous_29)
FNDA:0,(anonymous_30)
FNDA:0,(anonymous_31)
FNDA:0,(anonymous_32)
FNDA:0,(anonymous_33)
FNDA:0,(anonymous_34)
FNDA:0,(anonymous_35)
FNDA:0,(anonymous_36)
FNDA:0,(anonymous_37)
FNDA:0,(anonymous_38)
FNDA:0,(anonymous_39)
FNDA:0,(anonymous_40)
FNDA:0,(anonymous_41)
FNDA:0,(anonymous_42)
FNDA:0,(anonymous_43)
FNDA:0,(anonymous_44)
FNDA:0,(anonymous_45)
FNDA:0,(anonymous_46)
FNDA:0,(anonymous_47)
DA:7,0
DA:8,0
DA:9,0
DA:10,0
DA:11,0
DA:12,0
DA:13,0
DA:14,0
DA:15,0
DA:16,0
DA:17,0
DA:18,0
DA:19,0
DA:20,0
DA:21,0
DA:22,0
DA:23,0
DA:24,0
DA:25,0
DA:26,0
DA:27,0
DA:29,0
DA:32,0
DA:33,0
DA:34,0
DA:36,0
DA:39,0
DA:40,0
DA:41,0
DA:42,0
DA:46,0
DA:47,0
DA:49,0
DA:50,0
DA:60,0
DA:61,0
DA:64,0
DA:66,0
DA:74,0
DA:75,0
DA:80,0
DA:81,0
DA:83,0
DA:85,0
DA:86,0
DA:101,0
DA:102,0
DA:106,0
DA:109,0
DA:110,0
DA:112,0
DA:114,0
DA:115,0
DA:117,0
DA:122,0
DA:123,0
DA:125,0
DA:126,0
DA:128,0
DA:129,0
DA:132,0
DA:133,0
DA:137,0
DA:138,0
DA:139,0
DA:140,0
DA:141,0
DA:146,0
DA:147,0
DA:148,0
DA:149,0
DA:150,0
DA:151,0
DA:152,0
DA:154,0
DA:157,0
DA:162,0
DA:163,0
DA:164,0
DA:167,0
DA:168,0
DA:169,0
DA:173,0
DA:174,0
DA:175,0
DA:178,0
DA:179,0
DA:183,0
DA:184,0
DA:185,0
DA:187,0
DA:190,0
DA:191,0
DA:192,0
DA:193,0
DA:194,0
DA:195,0
DA:196,0
DA:201,0
DA:202,0
DA:203,0
DA:205,0
DA:208,0
DA:209,0
DA:210,0
DA:215,0
DA:216,0
DA:217,0
DA:219,0
DA:221,0
DA:224,0
DA:225,0
DA:226,0
DA:232,0
DA:343,0
DA:344,0
DA:345,0
DA:346,0
DA:349,0
DA:350,0
DA:353,0
DA:354,0
DA:355,0
DA:357,0
DA:360,0
DA:361,0
DA:362,0
DA:363,0
DA:365,0
DA:368,0
DA:369,0
DA:372,0
DA:373,0
DA:385,0
DA:386,0
DA:387,0
DA:402,0
DA:403,0
DA:406,0
DA:409,0
DA:410,0
DA:413,0
DA:414,0
DA:417,0
DA:418,0
DA:419,0
DA:443,0
DA:485,0
DA:486,0
DA:487,0
DA:490,0
DA:494,0
DA:498,0
DA:499,0
DA:500,0
DA:501,0
DA:504,0
DA:505,0
DA:506,0
DA:511,0
DA:512,0
DA:515,0
DA:516,0
DA:517,0
DA:520,0
DA:521,0
DA:523,0
DA:525,0
DA:526,0
DA:537,0
DA:538,0
DA:552,0
DA:588,0
DA:599,0
DA:617,0
DA:623,0
DA:636,0
DA:641,0
DA:668,0
DA:669,0
DA:671,0
DA:735,0
DA:771,0
DA:772,0
DA:786,0
DA:787,0
DA:794,0
DA:795,0
DA:816,0
DA:817,0
DA:819,0
DA:854,0
DA:876,0
DA:885,0
DA:936,0
DA:974,0
DA:984,0
DA:1017,0
LF:198
LH:0
BRDA:47,0,0,0
BRDA:47,0,1,0
BRDA:60,1,0,0
BRDA:60,1,1,0
BRDA:69,2,0,0
BRDA:69,2,1,0
BRDA:81,3,0,0
BRDA:81,3,1,0
BRDA:81,4,0,0
BRDA:81,4,1,0
BRDA:101,5,0,0
BRDA:101,5,1,0
BRDA:123,6,0,0
BRDA:123,6,1,0
BRDA:123,7,0,0
BRDA:123,7,1,0
BRDA:139,8,0,0
BRDA:139,8,1,0
BRDA:149,9,0,0
BRDA:149,9,1,0
BRDA:151,10,0,0
BRDA:151,10,1,0
BRDA:203,11,0,0
BRDA:203,11,1,0
BRDA:203,11,2,0
BRDA:217,12,0,0
BRDA:217,12,1,0
BRDA:217,12,2,0
BRDA:217,12,3,0
BRDA:354,13,0,0
BRDA:354,13,1,0
BRDA:360,14,0,0
BRDA:360,14,1,0
BRDA:362,15,0,0
BRDA:362,15,1,0
BRDA:378,16,0,0
BRDA:378,16,1,0
BRDA:409,17,0,0
BRDA:409,17,1,0
BRDA:417,18,0,0
BRDA:417,18,1,0
BRDA:417,19,0,0
BRDA:417,19,1,0
BRDA:499,20,0,0
BRDA:499,20,1,0
BRDA:499,21,0,0
BRDA:499,21,1,0
BRDA:501,22,0,0
BRDA:501,22,1,0
BRDA:512,23,0,0
BRDA:512,23,1,0
BRDA:525,24,0,0
BRDA:525,24,1,0
BRDA:537,25,0,0
BRDA:537,25,1,0
BRDA:568,26,0,0
BRDA:568,26,1,0
BRDA:616,27,0,0
BRDA:616,27,1,0
BRDA:622,28,0,0
BRDA:622,28,1,0
BRDA:629,29,0,0
BRDA:629,29,1,0
BRDA:647,30,0,0
BRDA:647,30,1,0
BRDA:655,31,0,0
BRDA:655,31,1,0
BRDA:657,32,0,0
BRDA:657,32,1,0
BRDA:679,33,0,0
BRDA:679,33,1,0
BRDA:681,34,0,0
BRDA:681,34,1,0
BRDA:682,35,0,0
BRDA:682,35,1,0
BRDA:683,36,0,0
BRDA:683,36,1,0
BRDA:695,37,0,0
BRDA:695,37,1,0
BRDA:703,38,0,0
BRDA:703,38,1,0
BRDA:709,39,0,0
BRDA:709,39,1,0
BRDA:762,40,0,0
BRDA:762,40,1,0
BRDA:806,41,0,0
BRDA:806,41,1,0
BRDA:808,42,0,0
BRDA:808,42,1,0
BRDA:825,43,0,0
BRDA:825,43,1,0
BRDA:827,44,0,0
BRDA:827,44,1,0
BRDA:829,45,0,0
BRDA:829,45,1,0
BRDA:830,46,0,0
BRDA:830,46,1,0
BRDA:831,47,0,0
BRDA:831,47,1,0
BRDA:846,48,0,0
BRDA:846,48,1,0
BRDA:849,49,0,0
BRDA:849,49,1,0
BRDA:851,50,0,0
BRDA:851,50,1,0
BRDA:851,51,0,0
BRDA:851,51,1,0
BRDA:875,52,0,0
BRDA:875,52,1,0
BRDA:886,53,0,0
BRDA:886,53,1,0
BRDA:889,54,0,0
BRDA:889,54,1,0
BRDA:896,55,0,0
BRDA:896,55,1,0
BRDA:904,56,0,0
BRDA:904,56,1,0
BRDA:910,57,0,0
BRDA:910,57,1,0
BRDA:970,58,0,0
BRDA:970,58,1,0
BRDA:1014,59,0,0
BRDA:1014,59,1,0
BRF:123
BRH:0
end_of_record
TN:
SF:src/components/BranchSelector.js
FN:5,(anonymous_0)
FN:21,(anonymous_1)
FN:22,(anonymous_2)
FN:52,(anonymous_3)
FN:53,(anonymous_4)
FN:81,(anonymous_5)
FN:82,(anonymous_6)
FN:101,(anonymous_7)
FN:107,(anonymous_8)
FN:120,(anonymous_9)
FN:176,(anonymous_10)
FN:179,(anonymous_11)
FN:188,(anonymous_12)
FN:203,(anonymous_13)
FN:219,(anonymous_14)
FN:235,(anonymous_15)
FNF:16
FNH:0
FNDA:0,(anonymous_0)
FNDA:0,(anonymous_1)
FNDA:0,(anonymous_2)
FNDA:0,(anonymous_3)
FNDA:0,(anonymous_4)
FNDA:0,(anonymous_5)
FNDA:0,(anonymous_6)
FNDA:0,(anonymous_7)
FNDA:0,(anonymous_8)
FNDA:0,(anonymous_9)
FNDA:0,(anonymous_10)
FNDA:0,(anonymous_11)
FNDA:0,(anonymous_12)
FNDA:0,(anonymous_13)
FNDA:0,(anonymous_14)
FNDA:0,(anonymous_15)
DA:5,0
DA:11,0
DA:12,0
DA:13,0
DA:14,0
DA:15,0
DA:16,0
DA:17,0
DA:18,0
DA:21,0
DA:22,0
DA:24,0
DA:25,0
DA:26,0
DA:30,0
DA:31,0
DA:32,0
DA:33,0
DA:34,0
DA:35,0
DA:37,0
DA:39,0
DA:40,0
DA:43,0
DA:46,0
DA:49,0
DA:52,0
DA:53,0
DA:54,0
DA:57,0
DA:58,0
DA:63,0
DA:70,0
DA:71,0
DA:72,0
DA:74,0
DA:75,0
DA:77,0
DA:80,0
DA:81,0
DA:82,0
DA:84,0
DA:85,0
DA:89,0
DA:90,0
DA:92,0
DA:96,0
DA:97,0
DA:101,0
DA:102,0
DA:103,0
DA:107,0
DA:108,0
DA:109,0
DA:110,0
DA:114,0
DA:115,0
DA:116,0
DA:117,0
DA:120,0
DA:121,0
DA:122,0
DA:125,0
DA:126,0
DA:127,0
DA:129,0
DA:130,0
DA:132,0
DA:135,0
DA:136,0
DA:139,0
DA:142,0
DA:143,0
DA:145,0
DA:146,0
DA:148,0
DA:152,0
DA:153,0
DA:161,0
DA:162,0
DA:170,0
DA:176,0
DA:180,0
DA:188,0
DA:204,0
DA:205,0
DA:206,0
DA:219,0
DA:236,0
DA:237,0
DA:238,0
LF:91
LH:0
BRDA:9,0,0,0
BRDA:24,1,0,0
BRDA:24,1,1,0
BRDA:30,2,0,0
BRDA:30,2,1,0
BRDA:31,3,0,0
BRDA:31,3,1,0
BRDA:34,4,0,0
BRDA:34,4,1,0
BRDA:54,5,0,0
BRDA:54,5,1,0
BRDA:57,6,0,0
BRDA:57,6,1,0
BRDA:74,7,0,0
BRDA:74,7,1,0
BRDA:80,8,0,0
BRDA:80,8,1,0
BRDA:81,9,0,0
BRDA:81,9,1,0
BRDA:81,9,2,0
BRDA:84,10,0,0
BRDA:84,10,1,0
BRDA:84,11,0,0
BRDA:84,11,1,0
BRDA:96,12,0,0
BRDA:96,12,1,0
BRDA:102,13,0,0
BRDA:102,13,1,0
BRDA:108,14,0,0
BRDA:108,14,1,0
BRDA:115,15,0,0
BRDA:115,15,1,0
BRDA:120,16,0,0
BRDA:120,16,1,0
BRDA:129,17,0,0
BRDA:129,17,1,0
BRDA:130,18,0,0
BRDA:130,18,1,0
BRDA:152,19,0,0
BRDA:152,19,1,0
BRDA:161,20,0,0
BRDA:161,20,1,0
BRDA:175,21,0,0
BRDA:175,21,1,0
BRDA:182,22,0,0
BRDA:182,22,1,0
BRDA:196,23,0,0
BRDA:196,23,1,0
BRDA:226,24,0,0
BRDA:226,24,1,0
BRDA:228,25,0,0
BRDA:228,25,1,0
BRDA:246,26,0,0
BRDA:246,26,1,0
BRDA:248,27,0,0
BRDA:248,27,1,0
BRF:56
BRH:0
end_of_record
TN:
SF:src/components/BusinessProcessSelection.js
FN:10,(anonymous_0)
FN:45,(anonymous_1)
FN:46,(anonymous_2)
FN:63,(anonymous_3)
FN:64,(anonymous_4)
FN:204,(anonymous_5)
FN:228,(anonymous_6)
FN:246,(anonymous_7)
FN:281,(anonymous_8)
FN:284,(anonymous_9)
FN:329,(anonymous_10)
FN:352,(anonymous_11)
FN:360,(anonymous_12)
FN:369,(anonymous_13)
FNF:14
FNH:0
FNDA:0,(anonymous_0)
FNDA:0,(anonymous_1)
FNDA:0,(anonymous_2)
FNDA:0,(anonymous_3)
FNDA:0,(anonymous_4)
FNDA:0,(anonymous_5)
FNDA:0,(anonymous_6)
FNDA:0,(anonymous_7)
FNDA:0,(anonymous_8)
FNDA:0,(anonymous_9)
FNDA:0,(anonymous_10)
FNDA:0,(anonymous_11)
FNDA:0,(anonymous_12)
FNDA:0,(anonymous_13)
DA:10,0
DA:11,0
DA:12,0
DA:21,0
DA:24,0
DA:37,0
DA:39,0
DA:40,0
DA:41,0
DA:42,0
DA:45,0
DA:46,0
DA:47,0
DA:48,0
DA:50,0
DA:51,0
DA:53,0
DA:54,0
DA:59,0
DA:63,0
DA:64,0
DA:65,0
DA:66,0
DA:67,0
DA:70,0
DA:71,0
DA:72,0
DA:75,0
DA:84,0
DA:91,0
DA:92,0
DA:93,0
DA:95,0
DA:104,0
DA:105,0
DA:117,0
DA:120,0
DA:121,0
DA:122,0
DA:146,0
DA:148,0
DA:151,0
DA:153,0
DA:156,0
DA:157,0
DA:158,0
DA:182,0
DA:183,0
DA:184,0
DA:188,0
DA:189,0
DA:190,0
DA:191,0
DA:193,0
DA:196,0
DA:197,0
DA:201,0
DA:204,0
DA:205,0
DA:207,0
DA:208,0
DA:211,0
DA:212,0
DA:213,0
DA:214,0
DA:216,0
DA:225,0
DA:228,0
DA:229,0
DA:230,0
DA:231,0
DA:232,0
DA:234,0
DA:243,0
DA:246,0
DA:247,0
DA:248,0
DA:249,0
DA:250,0
DA:252,0
DA:260,0
DA:263,0
DA:264,0
DA:274,0
DA:275,0
DA:281,0
DA:284,0
DA:293,0
DA:294,0
DA:295,0
DA:298,0
DA:330,0
DA:352,0
DA:360,0
DA:369,0
LF:95
LH:0
BRDA:37,0,0,0
BRDA:37,0,1,0
BRDA:47,1,0,0
BRDA:47,1,1,0
BRDA:47,2,0,0
BRDA:47,2,1,0
BRDA:50,3,0,0
BRDA:50,3,1,0
BRDA:51,4,0,0
BRDA:51,4,1,0
BRDA:65,5,0,0
BRDA:65,5,1,0
BRDA:91,6,0,0
BRDA:91,6,1,0
BRDA:93,7,0,0
BRDA:93,7,1,0
BRDA:101,8,0,0
BRDA:101,8,1,0
BRDA:120,9,0,0
BRDA:120,9,1,0
BRDA:120,10,0,0
BRDA:120,10,1,0
BRDA:156,11,0,0
BRDA:156,11,1,0
BRDA:156,12,0,0
BRDA:156,12,1,0
BRDA:188,13,0,0
BRDA:188,13,1,0
BRDA:188,14,0,0
BRDA:188,14,1,0
BRDA:190,15,0,0
BRDA:190,15,1,0
BRDA:205,16,0,0
BRDA:205,16,1,0
BRDA:211,17,0,0
BRDA:211,17,1,0
BRDA:213,18,0,0
BRDA:213,18,1,0
BRDA:229,19,0,0
BRDA:229,19,1,0
BRDA:231,20,0,0
BRDA:231,20,1,0
BRDA:247,21,0,0
BRDA:247,21,1,0
BRDA:249,22,0,0
BRDA:249,22,1,0
BRDA:263,23,0,0
BRDA:263,23,1,0
BRDA:274,24,0,0
BRDA:274,24,1,0
BRDA:293,25,0,0
BRDA:293,25,1,0
BRDA:293,26,0,0
BRDA:293,26,1,0
BRDA:312,27,0,0
BRDA:312,27,1,0
BRDA:317,28,0,0
BRDA:317,28,1,0
BRDA:321,29,0,0
BRDA:321,29,1,0
BRDA:359,30,0,0
BRDA:359,30,1,0
BRDA:361,31,0,0
BRDA:361,31,1,0
BRF:64
BRH:0
end_of_record
TN:
SF:src/components/CollaborationModal.js
FN:4,(anonymous_0)
FN:113,(anonymous_1)
FN:114,(anonymous_2)
FN:117,(anonymous_3)
FN:118,(anonymous_4)
FN:121,(anonymous_5)
FN:125,(anonymous_6)
FN:160,(anonymous_7)
FN:164,(anonymous_8)
FNF:9
FNH:0
FNDA:0,(anonymous_0)
FNDA:0,(anonymous_1)
FNDA:0,(anonymous_2)
FNDA:0,(anonymous_3)
FNDA:0,(anonymous_4)
FNDA:0,(anonymous_5)
FNDA:0,(anonymous_6)
FNDA:0,(anonymous_7)
FNDA:0,(anonymous_8)
DA:4,0
DA:5,0
DA:7,0
DA:113,0
DA:114,0
DA:117,0
DA:118,0
DA:121,0
DA:122,0
DA:125,0
DA:126,0
DA:127,0
DA:131,0
DA:161,0
DA:164,0
LF:15
LH:0
BRDA:126,0,0,0
BRDA:126,0,1,0
BRDA:163,1,0,0
BRDA:163,1,1,0
BRF:4
BRH:0
end_of_record
TN:
SF:src/components/CommitsSlider.js
FN:5,(anonymous_0)
FN:18,(anonymous_1)
FN:34,(anonymous_2)
FN:52,(anonymous_3)
FN:57,(anonymous_4)
FN:64,(anonymous_5)
FN:70,(anonymous_6)
FN:77,(anonymous_7)
FN:93,(anonymous_8)
FN:130,(anonymous_9)
FNF:10
FNH:0
FNDA:0,(anonymous_0)
FNDA:0,(anonymous_1)
FNDA:0,(anonymous_2)
FNDA:0,(anonymous_3)
FNDA:0,(anonymous_4)
FNDA:0,(anonymous_5)
FNDA:0,(anonymous_6)
FNDA:0,(anonymous_7)
FNDA:0,(anonymous_8)
FNDA:0,(anonymous_9)
DA:5,1
DA:6,0
DA:7,0
DA:8,0
DA:9,0
DA:10,0
DA:11,0
DA:13,0
DA:14,0
DA:15,0
DA:18,0
DA:19,0
DA:21,0
DA:22,0
DA:24,0
DA:25,0
DA:31,0
DA:33,0
DA:34,0
DA:36,0
DA:40,0
DA:41,0
DA:43,0
DA:44,0
DA:45,0
DA:47,0
DA:52,0
DA:53,0
DA:57,0
DA:58,0
DA:59,0
DA:64,0
DA:65,0
DA:66,0
DA:70,0
DA:71,0
DA:72,0
DA:77,0
DA:78,0
DA:79,0
DA:80,0
DA:81,0
DA:83,0
DA:84,0
DA:85,0
DA:86,0
DA:88,0
DA:93,0
DA:94,0
DA:95,0
DA:98,0
DA:99,0
DA:107,0
DA:131,0
LF:54
LH:1
BRDA:13,0,0,0
BRDA:13,0,1,0
BRDA:15,1,0,0
BRDA:15,1,1,0
BRDA:15,1,2,0
BRDA:18,2,0,0
BRDA:18,3,0,0
BRDA:19,4,0,0
BRDA:19,4,1,0
BRDA:33,5,0,0
BRDA:33,5,1,0
BRDA:58,6,0,0
BRDA:58,6,1,0
BRDA:58,7,0,0
BRDA:58,7,1,0
BRDA:65,8,0,0
BRDA:65,8,1,0
BRDA:71,9,0,0
BRDA:71,9,1,0
BRDA:83,10,0,0
BRDA:83,10,1,0
BRDA:85,11,0,0
BRDA:85,11,1,0
BRDA:93,12,0,0
BRDA:94,13,0,0
BRDA:94,13,1,0
BRDA:98,14,0,0
BRDA:98,14,1,0
BRDA:134,15,0,0
BRDA:134,15,1,0
BRDA:134,15,2,0
BRDA:135,16,0,0
BRDA:135,16,1,0
BRDA:140,17,0,0
BRDA:140,17,1,0
BRDA:170,18,0,0
BRDA:170,18,1,0
BRDA:177,19,0,0
BRDA:177,19,1,0
BRDA:190,20,0,0
BRDA:190,20,1,0
BRDA:190,20,2,0
BRF:42
BRH:0
end_of_record
TN:
SF:src/components/ComponentEditor.js
FN:8,(anonymous_0)
FN:24,(anonymous_1)
FN:37,(anonymous_2)
FN:41,(anonymous_3)
FN:87,(anonymous_4)
FN:105,(anonymous_5)
FN:109,(anonymous_6)
FN:193,(anonymous_7)
FN:199,(anonymous_8)
FNF:9
FNH:0
FNDA:0,(anonymous_0)
FNDA:0,(anonymous_1)
FNDA:0,(anonymous_2)
FNDA:0,(anonymous_3)
FNDA:0,(anonymous_4)
FNDA:0,(anonymous_5)
FNDA:0,(anonymous_6)
FNDA:0,(anonymous_7)
FNDA:0,(anonymous_8)
DA:8,0
DA:9,0
DA:12,0
DA:13,0
DA:21,0
DA:24,0
DA:25,0
DA:26,0
DA:27,0
DA:28,0
DA:31,0
DA:32,0
DA:33,0
DA:35,0
DA:37,0
DA:38,0
DA:41,0
DA:42,0
DA:46,0
DA:87,0
DA:88,0
DA:89,0
DA:90,0
DA:91,0
DA:93,0
DA:96,0
DA:99,0
DA:100,0
DA:101,0
DA:102,0
DA:105,0
DA:106,0
DA:109,0
DA:110,0
DA:114,0
DA:115,0
DA:118,0
DA:119,0
DA:121,0
DA:156,0
DA:157,0
DA:161,0
DA:193,0
DA:199,0
LF:44
LH:0
BRDA:12,0,0,0
BRDA:12,0,1,0
BRDA:31,1,0,0
BRDA:31,1,1,0
BRDA:55,2,0,0
BRDA:55,2,1,0
BRDA:55,3,0,0
BRDA:55,3,1,0
BRDA:60,4,0,0
BRDA:60,4,1,0
BRDA:60,4,2,0
BRDA:77,5,0,0
BRDA:77,5,1,0
BRDA:78,6,0,0
BRDA:78,6,1,0
BRDA:93,7,0,0
BRDA:93,7,1,0
BRDA:99,8,0,0
BRDA:99,8,1,0
BRDA:99,9,0,0
BRDA:99,9,1,0
BRDA:101,10,0,0
BRDA:101,10,1,0
BRDA:101,11,0,0
BRDA:101,11,1,0
BRDA:114,12,0,0
BRDA:114,12,1,0
BRDA:114,13,0,0
BRDA:114,13,1,0
BRDA:115,14,0,0
BRDA:115,14,1,0
BRDA:174,15,0,0
BRDA:174,15,1,0
BRDA:175,16,0,0
BRDA:175,16,1,0
BRDA:180,17,0,0
BRDA:180,17,1,0
BRDA:183,18,0,0
BRDA:183,18,1,0
BRF:39
BRH:0
end_of_record
TN:
SF:src/components/ContextualHelpMascot.js
FN:9,(anonymous_0)
FN:19,(anonymous_1)
FN:40,(anonymous_2)
FN:46,(anonymous_3)
FN:53,(anonymous_4)
FN:60,(anonymous_5)
FN:66,(anonymous_6)
FN:72,(anonymous_7)
FN:77,(anonymous_8)
FN:82,(anonymous_9)
FN:96,(anonymous_10)
FN:100,(anonymous_11)
FN:111,(anonymous_12)
FN:177,(anonymous_13)
FN:181,(anonymous_14)
FNF:15
FNH:4
FNDA:38,(anonymous_0)
FNDA:13,(anonymous_1)
FNDA:13,(anonymous_2)
FNDA:13,(anonymous_3)
FNDA:0,(anonymous_4)
FNDA:0,(anonymous_5)
FNDA:0,(anonymous_6)
FNDA:0,(anonymous_7)
FNDA:0,(anonymous_8)
FNDA:0,(anonymous_9)
FNDA:0,(anonymous_10)
FNDA:0,(anonymous_11)
FNDA:0,(anonymous_12)
FNDA:0,(anonymous_13)
FNDA:0,(anonymous_14)
DA:9,2
DA:10,38
DA:11,38
DA:12,38
DA:13,38
DA:14,38
DA:15,38
DA:16,38
DA:19,38
DA:20,13
DA:21,13
DA:22,8
DA:25,5
DA:26,5
DA:27,5
DA:28,5
DA:32,5
DA:35,5
DA:40,38
DA:41,13
DA:42,13
DA:46,38
DA:47,13
DA:48,13
DA:49,13
DA:50,13
DA:53,38
DA:54,0
DA:58,38
DA:60,38
DA:61,0
DA:62,0
DA:66,38
DA:67,0
DA:68,0
DA:72,38
DA:73,0
DA:74,0
DA:77,38
DA:78,0
DA:79,0
DA:82,38
DA:84,0
DA:85,0
DA:86,0
DA:87,0
DA:90,0
DA:91,0
DA:92,0
DA:96,38
DA:97,0
DA:100,38
DA:101,0
DA:103,0
DA:104,0
DA:106,0
DA:107,0
DA:108,0
DA:109,0
DA:111,0
DA:112,0
DA:115,0
DA:116,0
DA:119,0
DA:120,0
DA:122,0
DA:131,38
DA:178,0
DA:181,0
LF:69
LH:36
BRDA:9,0,0,0
BRDA:9,1,0,0
BRDA:9,2,0,38
BRDA:21,3,0,8
BRDA:21,3,1,5
BRDA:27,4,0,5
BRDA:27,4,1,0
BRDA:41,5,0,13
BRDA:41,5,1,0
BRDA:42,6,0,13
BRDA:42,6,1,0
BRDA:47,7,0,13
BRDA:47,7,1,13
BRDA:49,8,0,0
BRDA:49,8,1,13
BRDA:58,9,0,38
BRDA:58,9,1,0
BRDA:61,10,0,0
BRDA:61,10,1,0
BRDA:67,11,0,0
BRDA:67,11,1,0
BRDA:74,12,0,0
BRDA:74,12,1,0
BRDA:84,13,0,0
BRDA:84,13,1,0
BRDA:84,14,0,0
BRDA:84,14,1,0
BRDA:101,15,0,0
BRDA:101,15,1,0
BRDA:108,16,0,0
BRDA:108,16,1,0
BRDA:147,17,0,38
BRDA:147,17,1,0
BRDA:154,18,0,38
BRDA:154,18,1,38
BRDA:155,19,0,0
BRDA:155,19,1,38
BRDA:161,20,0,38
BRDA:161,20,1,0
BRDA:164,21,0,0
BRDA:164,21,1,0
BRDA:174,22,0,0
BRDA:174,22,1,0
BRDA:183,23,0,0
BRDA:183,23,1,0
BRDA:201,24,0,0
BRDA:201,24,1,0
BRDA:206,25,0,0
BRDA:206,25,1,0
BRDA:207,26,0,0
BRDA:207,26,1,0
BRDA:213,27,0,0
BRDA:213,27,1,0
BRDA:224,28,0,0
BRDA:224,28,1,0
BRDA:239,29,0,0
BRDA:239,29,1,0
BRDA:244,30,0,0
BRDA:244,30,1,0
BRDA:245,31,0,0
BRDA:245,31,1,0
BRDA:251,32,0,0
BRDA:251,32,1,0
BRDA:262,33,0,0
BRDA:262,33,1,0
BRDA:276,34,0,38
BRDA:276,34,1,0
BRF:67
BRH:16
end_of_record
TN:
SF:src/components/CoreDataDictionaryViewer.js
FN:7,(anonymous_0)
FN:15,(anonymous_1)
FN:38,(anonymous_2)
FN:50,(anonymous_3)
FN:74,(anonymous_4)
FN:78,(anonymous_5)
FN:98,(anonymous_6)
FN:99,(anonymous_7)
FN:112,(anonymous_8)
FN:143,(anonymous_9)
FN:144,(anonymous_10)
FN:171,(anonymous_11)
FN:212,(anonymous_12)
FN:213,(anonymous_13)
FN:238,(anonymous_14)
FN:262,(anonymous_15)
FN:306,(anonymous_16)
FN:310,(anonymous_17)
FN:377,(anonymous_18)
FN:437,(anonymous_19)
FN:452,(anonymous_20)
FN:458,(anonymous_21)
FN:488,(anonymous_22)
FN:551,(anonymous_23)
FN:560,(anonymous_24)
FN:586,(anonymous_25)
FNF:26
FNH:0
FNDA:0,(anonymous_0)
FNDA:0,(anonymous_1)
FNDA:0,(anonymous_2)
FNDA:0,(anonymous_3)
FNDA:0,(anonymous_4)
FNDA:0,(anonymous_5)
FNDA:0,(anonymous_6)
FNDA:0,(anonymous_7)
FNDA:0,(anonymous_8)
FNDA:0,(anonymous_9)
FNDA:0,(anonymous_10)
FNDA:0,(anonymous_11)
FNDA:0,(anonymous_12)
FNDA:0,(anonymous_13)
FNDA:0,(anonymous_14)
FNDA:0,(anonymous_15)
FNDA:0,(anonymous_16)
FNDA:0,(anonymous_17)
FNDA:0,(anonymous_18)
FNDA:0,(anonymous_19)
FNDA:0,(anonymous_20)
FNDA:0,(anonymous_21)
FNDA:0,(anonymous_22)
FNDA:0,(anonymous_23)
FNDA:0,(anonymous_24)
FNDA:0,(anonymous_25)
DA:7,0
DA:8,0
DA:15,0
DA:16,0
DA:17,0
DA:20,0
DA:21,0
DA:23,0
DA:24,0
DA:25,0
DA:26,0
DA:27,0
DA:28,0
DA:29,0
DA:30,0
DA:31,0
DA:32,0
DA:33,0
DA:34,0
DA:35,0
DA:38,0
DA:39,0
DA:40,0
DA:42,0
DA:43,0
DA:45,0
DA:50,0
DA:51,0
DA:54,0
DA:56,0
DA:57,0
DA:60,0
DA:61,0
DA:62,0
DA:63,0
DA:71,0
DA:74,0
DA:75,0
DA:78,0
DA:79,0
DA:81,0
DA:84,0
DA:87,0
DA:98,0
DA:99,0
DA:101,0
DA:102,0
DA:103,0
DA:104,0
DA:106,0
DA:107,0
DA:108,0
DA:112,0
DA:113,0
DA:114,0
DA:115,0
DA:118,0
DA:119,0
DA:121,0
DA:122,0
DA:124,0
DA:128,0
DA:129,0
DA:130,0
DA:133,0
DA:134,0
DA:142,0
DA:143,0
DA:144,0
DA:151,0
DA:153,0
DA:155,0
DA:157,0
DA:162,0
DA:163,0
DA:171,0
DA:172,0
DA:173,0
DA:181,0
DA:182,0
DA:188,0
DA:189,0
DA:191,0
DA:192,0
DA:195,0
DA:196,0
DA:199,0
DA:201,0
DA:202,0
DA:204,0
DA:205,0
DA:206,0
DA:211,0
DA:212,0
DA:213,0
DA:214,0
DA:215,0
DA:218,0
DA:219,0
DA:220,0
DA:221,0
DA:223,0
DA:227,0
DA:228,0
DA:230,0
DA:234,0
DA:238,0
DA:239,0
DA:240,0
DA:241,0
DA:242,0
DA:244,0
DA:245,0
DA:246,0
DA:248,0
DA:255,0
DA:257,0
DA:258,0
DA:262,0
DA:263,0
DA:264,0
DA:265,0
DA:268,0
DA:269,0
DA:270,0
DA:273,0
DA:274,0
DA:284,0
DA:306,0
DA:310,0
DA:377,0
DA:437,0
DA:453,0
DA:459,0
DA:489,0
DA:552,0
DA:560,0
DA:586,0
LF:138
LH:0
BRDA:39,0,0,0
BRDA:39,0,1,0
BRDA:39,0,2,0
BRDA:40,1,0,0
BRDA:40,1,1,0
BRDA:42,2,0,0
BRDA:42,2,1,0
BRDA:42,3,0,0
BRDA:42,3,1,0
BRDA:61,4,0,0
BRDA:61,4,1,0
BRDA:79,5,0,0
BRDA:79,5,1,0
BRDA:79,6,0,0
BRDA:79,6,1,0
BRDA:81,7,0,0
BRDA:81,7,1,0
BRDA:103,8,0,0
BRDA:103,8,1,0
BRDA:103,8,2,0
BRDA:104,9,0,0
BRDA:104,9,1,0
BRDA:106,10,0,0
BRDA:106,10,1,0
BRDA:106,11,0,0
BRDA:106,11,1,0
BRDA:106,11,2,0
BRDA:106,11,3,0
BRDA:143,12,0,0
BRDA:143,12,1,0
BRDA:153,13,0,0
BRDA:153,13,1,0
BRDA:171,14,0,0
BRDA:171,14,1,0
BRDA:172,15,0,0
BRDA:172,15,1,0
BRDA:199,16,0,0
BRDA:199,16,1,0
BRDA:218,17,0,0
BRDA:218,17,1,0
BRDA:244,18,0,0
BRDA:244,18,1,0
BRDA:244,18,2,0
BRDA:245,19,0,0
BRDA:245,19,1,0
BRDA:268,20,0,0
BRDA:268,20,1,0
BRDA:268,21,0,0
BRDA:268,21,1,0
BRDA:273,22,0,0
BRDA:273,22,1,0
BRDA:293,23,0,0
BRDA:293,23,1,0
BRDA:293,24,0,0
BRDA:293,24,1,0
BRDA:298,25,0,0
BRDA:298,25,1,0
BRDA:332,26,0,0
BRDA:332,26,1,0
BRDA:340,27,0,0
BRDA:340,27,1,0
BRDA:371,28,0,0
BRDA:371,28,1,0
BRDA:396,29,0,0
BRDA:396,29,1,0
BRDA:399,30,0,0
BRDA:399,30,1,0
BRDA:401,31,0,0
BRDA:401,31,1,0
BRDA:429,32,0,0
BRDA:429,32,1,0
BRDA:453,33,0,0
BRDA:453,33,1,0
BRDA:453,33,2,0
BRDA:453,33,3,0
BRDA:483,34,0,0
BRDA:483,34,1,0
BRDA:544,35,0,0
BRDA:544,35,1,0
BRDA:584,36,0,0
BRDA:584,36,1,0
BRDA:584,36,2,0
BRF:82
BRH:0
end_of_record
TN:
SF:src/components/DAKActionSelection.js
FN:7,(anonymous_0)
FN:15,(anonymous_1)
FN:50,(anonymous_2)
FN:77,(anonymous_3)
FN:81,(anonymous_4)
FNF:5
FNH:0
FNDA:0,(anonymous_0)
FNDA:0,(anonymous_1)
FNDA:0,(anonymous_2)
FNDA:0,(anonymous_3)
FNDA:0,(anonymous_4)
DA:7,0
DA:8,0
DA:15,0
DA:16,0
DA:17,0
DA:18,0
DA:21,0
DA:26,0
DA:50,0
DA:52,0
DA:57,0
DA:60,0
DA:61,0
DA:64,0
DA:78,0
DA:81,0
LF:16
LH:0
BRDA:21,0,0,0
BRDA:21,0,1,0
BRDA:31,1,0,0
BRDA:31,1,1,0
BRDA:38,2,0,0
BRDA:38,2,1,0
BRDA:45,3,0,0
BRDA:45,3,1,0
BRDA:60,4,0,0
BRDA:60,4,1,0
BRDA:93,5,0,0
BRDA:93,5,1,0
BRDA:99,6,0,0
BRDA:99,6,1,0
BRDA:106,7,0,0
BRDA:106,7,1,0
BRF:16
BRH:0
end_of_record
TN:
SF:src/components/DAKConfiguration.js
FN:6,(anonymous_0)
FN:32,(anonymous_1)
FN:97,(anonymous_2)
FN:98,(anonymous_3)
FN:107,(anonymous_4)
FN:110,(anonymous_5)
FN:113,(anonymous_6)
FN:120,(anonymous_7)
FN:122,(anonymous_8)
FN:129,(anonymous_9)
FN:130,(anonymous_10)
FN:132,(anonymous_11)
FN:136,(anonymous_12)
FN:138,(anonymous_13)
FN:144,(anonymous_14)
FN:154,(anonymous_15)
FN:190,(anonymous_16)
FN:214,(anonymous_17)
FN:218,(anonymous_18)
FN:222,(anonymous_19)
FN:262,(anonymous_20)
FN:275,(anonymous_21)
FN:287,(anonymous_22)
FN:297,(anonymous_23)
FN:302,(anonymous_24)
FN:313,(anonymous_25)
FN:313,(anonymous_26)
FN:317,(anonymous_27)
FN:339,(anonymous_28)
FN:353,(anonymous_29)
FN:368,(anonymous_30)
FN:381,(anonymous_31)
FN:397,(anonymous_32)
FN:409,(anonymous_33)
FN:425,(anonymous_34)
FN:436,(anonymous_35)
FNF:36
FNH:0
FNDA:0,(anonymous_0)
FNDA:0,(anonymous_1)
FNDA:0,(anonymous_2)
FNDA:0,(anonymous_3)
FNDA:0,(anonymous_4)
FNDA:0,(anonymous_5)
FNDA:0,(anonymous_6)
FNDA:0,(anonymous_7)
FNDA:0,(anonymous_8)
FNDA:0,(anonymous_9)
FNDA:0,(anonymous_10)
FNDA:0,(anonymous_11)
FNDA:0,(anonymous_12)
FNDA:0,(anonymous_13)
FNDA:0,(anonymous_14)
FNDA:0,(anonymous_15)
FNDA:0,(anonymous_16)
FNDA:0,(anonymous_17)
FNDA:0,(anonymous_18)
FNDA:0,(anonymous_19)
FNDA:0,(anonymous_20)
FNDA:0,(anonymous_21)
FNDA:0,(anonymous_22)
FNDA:0,(anonymous_23)
FNDA:0,(anonymous_24)
FNDA:0,(anonymous_25)
FNDA:0,(anonymous_26)
FNDA:0,(anonymous_27)
FNDA:0,(anonymous_28)
FNDA:0,(anonymous_29)
FNDA:0,(anonymous_30)
FNDA:0,(anonymous_31)
FNDA:0,(anonymous_32)
FNDA:0,(anonymous_33)
FNDA:0,(anonymous_34)
FNDA:0,(anonymous_35)
DA:6,0
DA:7,0
DA:8,0
DA:10,0
DA:12,0
DA:29,0
DA:30,0
DA:32,0
DA:33,0
DA:35,0
DA:37,0
DA:38,0
DA:39,0
DA:40,0
DA:42,0
DA:44,0
DA:47,0
DA:48,0
DA:49,0
DA:50,0
DA:52,0
DA:54,0
DA:57,0
DA:58,0
DA:59,0
DA:60,0
DA:62,0
DA:64,0
DA:67,0
DA:68,0
DA:70,0
DA:72,0
DA:75,0
DA:76,0
DA:78,0
DA:80,0
DA:83,0
DA:84,0
DA:86,0
DA:88,0
DA:91,0
DA:94,0
DA:97,0
DA:98,0
DA:104,0
DA:105,0
DA:106,0
DA:107,0
DA:109,0
DA:110,0
DA:111,0
DA:113,0
DA:117,0
DA:120,0
DA:121,0
DA:122,0
DA:129,0
DA:130,0
DA:132,0
DA:136,0
DA:137,0
DA:138,0
DA:139,0
DA:141,0
DA:144,0
DA:145,0
DA:146,0
DA:147,0
DA:150,0
DA:152,0
DA:154,0
DA:157,0
DA:172,0
DA:183,0
DA:184,0
DA:186,0
DA:190,0
DA:191,0
DA:200,0
DA:201,0
DA:202,0
DA:205,0
DA:210,0
DA:214,0
DA:218,0
DA:222,0
DA:262,0
DA:275,0
DA:287,0
DA:298,0
DA:302,0
DA:313,0
DA:314,0
DA:317,0
DA:339,0
DA:353,0
DA:368,0
DA:381,0
DA:397,0
DA:409,0
DA:425,0
DA:436,0
LF:102
LH:0
BRDA:10,0,0,0
BRDA:10,0,1,0
BRDA:24,1,0,0
BRDA:24,1,1,0
BRDA:24,1,2,0
BRDA:25,2,0,0
BRDA:25,2,1,0
BRDA:25,2,2,0
BRDA:26,3,0,0
BRDA:26,3,1,0
BRDA:35,4,0,0
BRDA:35,4,1,0
BRDA:35,4,2,0
BRDA:35,4,3,0
BRDA:35,4,4,0
BRDA:35,4,5,0
BRDA:35,4,6,0
BRDA:37,5,0,0
BRDA:37,5,1,0
BRDA:37,6,0,0
BRDA:37,6,1,0
BRDA:39,7,0,0
BRDA:39,7,1,0
BRDA:47,8,0,0
BRDA:47,8,1,0
BRDA:47,9,0,0
BRDA:47,9,1,0
BRDA:49,10,0,0
BRDA:49,10,1,0
BRDA:57,11,0,0
BRDA:57,11,1,0
BRDA:57,12,0,0
BRDA:57,12,1,0
BRDA:59,13,0,0
BRDA:59,13,1,0
BRDA:67,14,0,0
BRDA:67,14,1,0
BRDA:67,15,0,0
BRDA:67,15,1,0
BRDA:75,16,0,0
BRDA:75,16,1,0
BRDA:75,17,0,0
BRDA:75,17,1,0
BRDA:83,18,0,0
BRDA:83,18,1,0
BRDA:83,19,0,0
BRDA:83,19,1,0
BRDA:104,20,0,0
BRDA:104,20,1,0
BRDA:105,21,0,0
BRDA:105,21,1,0
BRDA:109,22,0,0
BRDA:109,22,1,0
BRDA:121,23,0,0
BRDA:121,23,1,0
BRDA:121,24,0,0
BRDA:121,24,1,0
BRDA:141,25,0,0
BRDA:141,25,1,0
BRDA:145,26,0,0
BRDA:145,26,1,0
BRDA:200,27,0,0
BRDA:200,27,1,0
BRDA:200,28,0,0
BRDA:200,28,1,0
BRDA:200,28,2,0
BRDA:200,28,3,0
BRDA:264,29,0,0
BRDA:264,29,1,0
BRDA:266,30,0,0
BRDA:266,30,1,0
BRDA:341,31,0,0
BRDA:341,31,1,0
BRDA:343,32,0,0
BRDA:343,32,1,0
BRDA:355,33,0,0
BRDA:355,33,1,0
BRDA:357,34,0,0
BRDA:357,34,1,0
BRDA:370,35,0,0
BRDA:370,35,1,0
BRDA:372,36,0,0
BRDA:372,36,1,0
BRDA:384,37,0,0
BRDA:384,37,1,0
BRDA:386,38,0,0
BRDA:386,38,1,0
BRDA:411,39,0,0
BRDA:411,39,1,0
BRDA:413,40,0,0
BRDA:413,40,1,0
BRDA:447,41,0,0
BRDA:447,41,1,0
BRDA:449,42,0,0
BRDA:449,42,1,0
BRF:95
BRH:0
end_of_record
TN:
SF:src/components/DAKDashboard.js
FN:14,(anonymous_0)
FN:22,(anonymous_1)
FN:41,(anonymous_2)
FN:42,(anonymous_3)
FN:167,(anonymous_4)
FN:182,(anonymous_5)
FN:196,(anonymous_6)
FN:199,(anonymous_7)
FN:200,(anonymous_8)
FN:214,(anonymous_9)
FN:221,(anonymous_10)
FN:222,(anonymous_11)
FN:242,(anonymous_12)
FN:243,(anonymous_13)
FN:250,(anonymous_14)
FN:424,(anonymous_15)
FN:552,(anonymous_16)
FN:555,(anonymous_17)
FN:598,(anonymous_18)
FN:605,(anonymous_19)
FN:612,(anonymous_20)
FN:630,(anonymous_21)
FN:634,(anonymous_22)
FN:649,(anonymous_23)
FN:675,(anonymous_24)
FN:679,(anonymous_25)
FN:694,(anonymous_26)
FN:731,(anonymous_27)
FN:773,(anonymous_28)
FNF:29
FNH:10
FNDA:9,(anonymous_0)
FNDA:27,(anonymous_1)
FNDA:18,(anonymous_2)
FNDA:18,(anonymous_3)
FNDA:9,(anonymous_4)
FNDA:0,(anonymous_5)
FNDA:0,(anonymous_6)
FNDA:0,(anonymous_7)
FNDA:0,(anonymous_8)
FNDA:18,(anonymous_9)
FNDA:9,(anonymous_10)
FNDA:9,(anonymous_11)
FNDA:9,(anonymous_12)
FNDA:0,(anonymous_13)
FNDA:9,(anonymous_14)
FNDA:0,(anonymous_15)
FNDA:0,(anonymous_16)
FNDA:0,(anonymous_17)
FNDA:0,(anonymous_18)
FNDA:0,(anonymous_19)
FNDA:0,(anonymous_20)
FNDA:0,(anonymous_21)
FNDA:0,(anonymous_22)
FNDA:0,(anonymous_23)
FNDA:0,(anonymous_24)
FNDA:0,(anonymous_25)
FNDA:0,(anonymous_26)
FNDA:0,(anonymous_27)
FNDA:0,(anonymous_28)
DA:14,1
DA:15,9
DA:22,1
DA:23,27
DA:24,27
DA:25,27
DA:26,27
DA:29,27
DA:30,27
DA:31,27
DA:32,27
DA:33,27
DA:34,27
DA:35,27
DA:36,27
DA:37,27
DA:38,27
DA:41,27
DA:42,18
DA:43,18
DA:44,18
DA:45,18
DA:46,18
DA:49,18
DA:51,18
DA:52,0
DA:54,0
DA:55,0
DA:60,0
DA:63,0
DA:71,0
DA:80,0
DA:81,0
DA:82,0
DA:83,0
DA:84,0
DA:86,18
DA:87,18
DA:88,18
DA:93,0
DA:94,0
DA:95,0
DA:96,0
DA:98,0
DA:100,0
DA:105,0
DA:109,0
DA:110,0
DA:111,0
DA:112,0
DA:114,0
DA:116,0
DA:121,0
DA:125,0
DA:127,0
DA:128,0
DA:129,0
DA:134,0
DA:138,0
DA:139,0
DA:140,0
DA:141,0
DA:143,0
DA:144,0
DA:147,0
DA:150,0
DA:151,0
DA:152,0
DA:154,0
DA:155,0
DA:156,0
DA:159,0
DA:163,18
DA:167,27
DA:168,9
DA:169,0
DA:170,0
DA:171,0
DA:172,0
DA:174,0
DA:175,0
DA:176,0
DA:182,27
DA:183,0
DA:185,0
DA:186,0
DA:187,0
DA:190,0
DA:196,0
DA:199,0
DA:200,0
DA:202,0
DA:208,0
DA:209,0
DA:214,27
DA:215,18
DA:216,0
DA:221,27
DA:222,9
DA:223,9
DA:224,0
DA:225,0
DA:229,0
DA:231,0
DA:232,0
DA:235,9
DA:238,9
DA:242,27
DA:243,9
DA:244,0
DA:245,0
DA:249,9
DA:250,9
DA:251,9
DA:258,27
DA:361,27
DA:424,27
DA:425,0
DA:433,0
DA:434,0
DA:435,0
DA:436,0
DA:440,0
DA:441,0
DA:445,0
DA:446,0
DA:447,0
DA:448,0
DA:452,0
DA:453,0
DA:457,0
DA:458,0
DA:459,0
DA:463,0
DA:464,0
DA:465,0
DA:469,0
DA:470,0
DA:471,0
DA:472,0
DA:474,0
DA:478,0
DA:479,0
DA:483,0
DA:484,0
DA:485,0
DA:486,0
DA:488,0
DA:492,0
DA:493,0
DA:497,0
DA:498,0
DA:499,0
DA:500,0
DA:504,0
DA:505,0
DA:509,0
DA:510,0
DA:511,0
DA:512,0
DA:516,0
DA:517,0
DA:521,0
DA:524,0
DA:525,0
DA:529,0
DA:534,27
DA:535,9
DA:545,18
DA:546,18
DA:552,0
DA:555,0
DA:564,0
DA:565,0
DA:566,0
DA:569,0
DA:598,0
DA:605,0
DA:612,0
DA:631,0
DA:634,0
DA:650,0
DA:676,0
DA:679,0
DA:695,0
DA:731,0
DA:773,0
LF:187
LH:51
BRDA:29,0,0,27
BRDA:29,0,1,27
BRDA:30,1,0,27
BRDA:30,1,1,27
BRDA:31,2,0,27
BRDA:31,2,1,0
BRDA:36,3,0,27
BRDA:36,3,1,27
BRDA:36,3,2,0
BRDA:43,4,0,18
BRDA:43,4,1,0
BRDA:43,5,0,18
BRDA:43,5,1,0
BRDA:43,5,2,18
BRDA:43,5,3,18
BRDA:49,6,0,18
BRDA:49,6,1,0
BRDA:51,7,0,0
BRDA:51,7,1,18
BRDA:54,8,0,0
BRDA:54,8,1,0
BRDA:75,9,0,0
BRDA:75,9,1,0
BRDA:82,10,0,0
BRDA:82,10,1,0
BRDA:125,11,0,0
BRDA:125,11,1,0
BRDA:127,12,0,0
BRDA:127,12,1,0
BRDA:138,13,0,0
BRDA:138,13,1,0
BRDA:168,14,0,0
BRDA:168,14,1,9
BRDA:170,15,0,0
BRDA:170,15,1,0
BRDA:172,16,0,0
BRDA:172,16,1,0
BRDA:172,17,0,0
BRDA:172,17,1,0
BRDA:174,18,0,0
BRDA:174,18,1,0
BRDA:183,19,0,0
BRDA:183,19,1,0
BRDA:186,20,0,0
BRDA:186,20,1,0
BRDA:215,21,0,0
BRDA:215,21,1,18
BRDA:215,22,0,18
BRDA:215,22,1,0
BRDA:223,23,0,0
BRDA:223,23,1,9
BRDA:223,24,0,9
BRDA:223,24,1,0
BRDA:226,25,0,0
BRDA:226,25,1,0
BRDA:244,26,0,0
BRDA:244,26,1,0
BRDA:244,27,0,0
BRDA:244,27,1,0
BRDA:311,28,0,27
BRDA:311,28,1,27
BRDA:433,29,0,0
BRDA:433,29,1,0
BRDA:434,30,0,0
BRDA:434,30,1,0
BRDA:436,31,0,0
BRDA:436,31,1,0
BRDA:445,32,0,0
BRDA:445,32,1,0
BRDA:446,33,0,0
BRDA:446,33,1,0
BRDA:448,34,0,0
BRDA:448,34,1,0
BRDA:457,35,0,0
BRDA:457,35,1,0
BRDA:463,36,0,0
BRDA:463,36,1,0
BRDA:469,37,0,0
BRDA:469,37,1,0
BRDA:470,38,0,0
BRDA:470,38,1,0
BRDA:470,38,2,0
BRDA:471,39,0,0
BRDA:471,39,1,0
BRDA:474,40,0,0
BRDA:474,40,1,0
BRDA:483,41,0,0
BRDA:483,41,1,0
BRDA:484,42,0,0
BRDA:484,42,1,0
BRDA:484,42,2,0
BRDA:485,43,0,0
BRDA:485,43,1,0
BRDA:488,44,0,0
BRDA:488,44,1,0
BRDA:497,45,0,0
BRDA:497,45,1,0
BRDA:498,46,0,0
BRDA:498,46,1,0
BRDA:500,47,0,0
BRDA:500,47,1,0
BRDA:509,48,0,0
BRDA:509,48,1,0
BRDA:510,49,0,0
BRDA:510,49,1,0
BRDA:512,50,0,0
BRDA:512,50,1,0
BRDA:521,51,0,0
BRDA:521,51,1,0
BRDA:534,52,0,9
BRDA:534,52,1,18
BRDA:545,53,0,18
BRDA:545,53,1,0
BRDA:564,54,0,0
BRDA:564,54,1,0
BRDA:564,55,0,0
BRDA:564,55,1,0
BRDA:577,56,0,0
BRDA:577,56,1,0
BRDA:585,57,0,0
BRDA:585,57,1,0
BRDA:585,57,2,0
BRDA:597,58,0,0
BRDA:597,58,1,0
BRDA:604,59,0,0
BRDA:604,59,1,0
BRDA:611,60,0,0
BRDA:611,60,1,0
BRDA:620,61,0,0
BRDA:620,61,1,0
BRDA:665,62,0,0
BRDA:665,62,1,0
BRDA:710,63,0,0
BRDA:710,63,1,0
BRDA:724,64,0,0
BRDA:724,64,1,0
BRDA:760,65,0,0
BRDA:760,65,1,0
BRF:138
BRH:23
end_of_record
TN:
SF:src/components/DAKDashboardWithFramework.js
FN:9,(anonymous_0)
FN:17,(anonymous_1)
FN:27,(anonymous_2)
FN:28,(anonymous_3)
FN:51,(anonymous_4)
FN:58,(anonymous_5)
FN:59,(anonymous_6)
FN:69,(anonymous_7)
FN:70,(anonymous_8)
FN:84,(anonymous_9)
FN:96,(anonymous_10)
FN:231,(anonymous_11)
FN:232,(anonymous_12)
FN:271,(anonymous_13)
FN:277,(anonymous_14)
FN:283,(anonymous_15)
FN:292,(anonymous_16)
FN:296,(anonymous_17)
FN:313,(anonymous_18)
FN:317,(anonymous_19)
FN:346,(anonymous_20)
FN:353,(anonymous_21)
FNF:22
FNH:0
FNDA:0,(anonymous_0)
FNDA:0,(anonymous_1)
FNDA:0,(anonymous_2)
FNDA:0,(anonymous_3)
FNDA:0,(anonymous_4)
FNDA:0,(anonymous_5)
FNDA:0,(anonymous_6)
FNDA:0,(anonymous_7)
FNDA:0,(anonymous_8)
FNDA:0,(anonymous_9)
FNDA:0,(anonymous_10)
FNDA:0,(anonymous_11)
FNDA:0,(anonymous_12)
FNDA:0,(anonymous_13)
FNDA:0,(anonymous_14)
FNDA:0,(anonymous_15)
FNDA:0,(anonymous_16)
FNDA:0,(anonymous_17)
FNDA:0,(anonymous_18)
FNDA:0,(anonymous_19)
FNDA:0,(anonymous_20)
FNDA:0,(anonymous_21)
DA:9,0
DA:10,0
DA:17,0
DA:18,0
DA:20,0
DA:21,0
DA:22,0
DA:23,0
DA:24,0
DA:27,0
DA:28,0
DA:29,0
DA:30,0
DA:31,0
DA:32,0
DA:35,0
DA:37,0
DA:38,0
DA:40,0
DA:41,0
DA:43,0
DA:47,0
DA:51,0
DA:52,0
DA:53,0
DA:58,0
DA:59,0
DA:60,0
DA:61,0
DA:64,0
DA:65,0
DA:68,0
DA:69,0
DA:70,0
DA:71,0
DA:75,0
DA:77,0
DA:81,0
DA:84,0
DA:85,0
DA:86,0
DA:96,0
DA:97,0
DA:98,0
DA:109,0
DA:231,0
DA:232,0
DA:234,0
DA:271,0
DA:277,0
DA:283,0
DA:293,0
DA:296,0
DA:314,0
DA:317,0
DA:346,0
DA:353,0
LF:57
LH:0
BRDA:29,0,0,0
BRDA:29,0,1,0
BRDA:29,1,0,0
BRDA:29,1,1,0
BRDA:52,2,0,0
BRDA:52,2,1,0
BRDA:52,3,0,0
BRDA:52,3,1,0
BRDA:52,3,2,0
BRDA:60,4,0,0
BRDA:60,4,1,0
BRDA:60,5,0,0
BRDA:60,5,1,0
BRDA:71,6,0,0
BRDA:71,6,1,0
BRDA:85,7,0,0
BRDA:85,7,1,0
BRDA:85,8,0,0
BRDA:85,8,1,0
BRDA:97,9,0,0
BRDA:97,9,1,0
BRDA:97,10,0,0
BRDA:97,10,1,0
BRDA:240,11,0,0
BRDA:240,11,1,0
BRDA:244,12,0,0
BRDA:244,12,1,0
BRDA:250,13,0,0
BRDA:250,13,1,0
BRDA:259,14,0,0
BRDA:259,14,1,0
BRDA:270,15,0,0
BRDA:270,15,1,0
BRDA:276,16,0,0
BRDA:276,16,1,0
BRDA:282,17,0,0
BRDA:282,17,1,0
BRDA:290,18,0,0
BRDA:290,18,1,0
BRDA:301,19,0,0
BRDA:301,19,1,0
BRDA:311,20,0,0
BRDA:311,20,1,0
BRDA:322,21,0,0
BRDA:322,21,1,0
BRDA:332,22,0,0
BRDA:332,22,1,0
BRDA:344,23,0,0
BRDA:344,23,1,0
BRDA:350,24,0,0
BRDA:350,24,1,0
BRDA:351,25,0,0
BRDA:351,25,1,0
BRF:53
BRH:0
end_of_record
TN:
SF:src/components/DAKSelection.js
FN:9,(anonymous_0)
FN:17,(anonymous_1)
FN:39,(anonymous_2)
FN:75,(anonymous_3)
FN:90,(anonymous_4)
FN:124,(anonymous_5)
FN:200,(anonymous_6)
FN:203,(anonymous_7)
FN:208,(anonymous_8)
FN:208,(anonymous_9)
FN:226,(anonymous_10)
FN:232,(anonymous_11)
FN:234,(anonymous_12)
FN:247,(anonymous_13)
FN:259,(anonymous_14)
FN:273,(anonymous_15)
FN:287,(anonymous_16)
FN:294,(anonymous_17)
FN:310,(anonymous_18)
FN:330,(anonymous_19)
FN:345,(anonymous_20)
FN:346,(anonymous_21)
FN:353,(anonymous_22)
FN:354,(anonymous_23)
FN:356,(anonymous_24)
FN:360,(anonymous_25)
FN:366,(anonymous_26)
FN:374,(anonymous_27)
FN:391,(anonymous_28)
FN:392,(anonymous_29)
FN:403,(anonymous_30)
FN:412,(anonymous_31)
FN:442,(anonymous_32)
FN:449,(anonymous_33)
FN:459,(anonymous_34)
FN:479,(anonymous_35)
FN:489,(anonymous_36)
FN:495,(anonymous_37)
FN:521,(anonymous_38)
FN:563,(anonymous_39)
FN:567,(anonymous_40)
FN:571,(anonymous_41)
FN:576,(anonymous_42)
FN:700,(anonymous_43)
FN:726,(anonymous_44)
FN:730,(anonymous_45)
FN:751,(anonymous_46)
FN:805,(anonymous_47)
FN:809,(anonymous_48)
FN:830,(anonymous_49)
FNF:50
FNH:0
FNDA:0,(anonymous_0)
FNDA:0,(anonymous_1)
FNDA:0,(anonymous_2)
FNDA:0,(anonymous_3)
FNDA:0,(anonymous_4)
FNDA:0,(anonymous_5)
FNDA:0,(anonymous_6)
FNDA:0,(anonymous_7)
FNDA:0,(anonymous_8)
FNDA:0,(anonymous_9)
FNDA:0,(anonymous_10)
FNDA:0,(anonymous_11)
FNDA:0,(anonymous_12)
FNDA:0,(anonymous_13)
FNDA:0,(anonymous_14)
FNDA:0,(anonymous_15)
FNDA:0,(anonymous_16)
FNDA:0,(anonymous_17)
FNDA:0,(anonymous_18)
FNDA:0,(anonymous_19)
FNDA:0,(anonymous_20)
FNDA:0,(anonymous_21)
FNDA:0,(anonymous_22)
FNDA:0,(anonymous_23)
FNDA:0,(anonymous_24)
FNDA:0,(anonymous_25)
FNDA:0,(anonymous_26)
FNDA:0,(anonymous_27)
FNDA:0,(anonymous_28)
FNDA:0,(anonymous_29)
FNDA:0,(anonymous_30)
FNDA:0,(anonymous_31)
FNDA:0,(anonymous_32)
FNDA:0,(anonymous_33)
FNDA:0,(anonymous_34)
FNDA:0,(anonymous_35)
FNDA:0,(anonymous_36)
FNDA:0,(anonymous_37)
FNDA:0,(anonymous_38)
FNDA:0,(anonymous_39)
FNDA:0,(anonymous_40)
FNDA:0,(anonymous_41)
FNDA:0,(anonymous_42)
FNDA:0,(anonymous_43)
FNDA:0,(anonymous_44)
FNDA:0,(anonymous_45)
FNDA:0,(anonymous_46)
FNDA:0,(anonymous_47)
FNDA:0,(anonymous_48)
FNDA:0,(anonymous_49)
DA:9,0
DA:10,0
DA:17,0
DA:18,0
DA:19,0
DA:20,0
DA:21,0
DA:24,0
DA:25,0
DA:26,0
DA:27,0
DA:29,0
DA:30,0
DA:31,0
DA:32,0
DA:33,0
DA:34,0
DA:35,0
DA:36,0
DA:39,0
DA:41,0
DA:42,0
DA:43,0
DA:47,0
DA:48,0
DA:49,0
DA:53,0
DA:54,0
DA:55,0
DA:59,0
DA:60,0
DA:61,0
DA:65,0
DA:66,0
DA:70,0
DA:75,0
DA:76,0
DA:79,0
DA:80,0
DA:82,0
DA:83,0
DA:84,0
DA:87,0
DA:90,0
DA:91,0
DA:93,0
DA:100,0
DA:107,0
DA:115,0
DA:124,0
DA:125,0
DA:126,0
DA:127,0
DA:131,0
DA:200,0
DA:203,0
DA:204,0
DA:205,0
DA:207,0
DA:208,0
DA:210,0
DA:212,0
DA:213,0
DA:216,0
DA:226,0
DA:229,0
DA:232,0
DA:233,0
DA:234,0
DA:238,0
DA:247,0
DA:248,0
DA:249,0
DA:250,0
DA:254,0
DA:258,0
DA:259,0
DA:260,0
DA:261,0
DA:262,0
DA:265,0
DA:267,0
DA:268,0
DA:269,0
DA:273,0
DA:274,0
DA:275,0
DA:276,0
DA:277,0
DA:278,0
DA:279,0
DA:281,0
DA:282,0
DA:283,0
DA:285,0
DA:287,0
DA:294,0
DA:310,0
DA:311,0
DA:316,0
DA:317,0
DA:318,0
DA:320,0
DA:324,0
DA:326,0
DA:327,0
DA:328,0
DA:330,0
DA:331,0
DA:334,0
DA:335,0
DA:336,0
DA:337,0
DA:341,0
DA:344,0
DA:345,0
DA:346,0
DA:349,0
DA:354,0
DA:356,0
DA:357,0
DA:359,0
DA:360,0
DA:362,0
DA:367,0
DA:368,0
DA:371,0
DA:373,0
DA:374,0
DA:377,0
DA:382,0
DA:384,0
DA:385,0
DA:391,0
DA:392,0
DA:393,0
DA:394,0
DA:395,0
DA:400,0
DA:402,0
DA:403,0
DA:404,0
DA:405,0
DA:406,0
DA:409,0
DA:411,0
DA:412,0
DA:413,0
DA:414,0
DA:415,0
DA:421,0
DA:423,0
DA:425,0
DA:427,0
DA:428,0
DA:429,0
DA:430,0
DA:434,0
DA:442,0
DA:443,0
DA:446,0
DA:447,0
DA:449,0
DA:450,0
DA:455,0
DA:456,0
DA:458,0
DA:459,0
DA:460,0
DA:462,0
DA:463,0
DA:464,0
DA:466,0
DA:469,0
DA:471,0
DA:472,0
DA:473,0
DA:479,0
DA:481,0
DA:482,0
DA:486,0
DA:489,0
DA:490,0
DA:493,0
DA:495,0
DA:496,0
DA:497,0
DA:498,0
DA:499,0
DA:508,0
DA:509,0
DA:521,0
DA:522,0
DA:523,0
DA:524,0
DA:527,0
DA:529,0
DA:531,0
DA:532,0
DA:533,0
DA:534,0
DA:543,0
DA:553,0
DA:563,0
DA:564,0
DA:567,0
DA:568,0
DA:571,0
DA:573,0
DA:576,0
DA:577,0
DA:584,0
DA:585,0
DA:588,0
DA:590,0
DA:701,0
DA:727,0
DA:730,0
DA:752,0
DA:806,0
DA:809,0
DA:831,0
LF:222
LH:0
BRDA:24,0,0,0
BRDA:24,0,1,0
BRDA:27,1,0,0
BRDA:27,1,1,0
BRDA:41,2,0,0
BRDA:41,2,1,0
BRDA:41,3,0,0
BRDA:41,3,1,0
BRDA:47,4,0,0
BRDA:47,4,1,0
BRDA:47,5,0,0
BRDA:47,5,1,0
BRDA:53,6,0,0
BRDA:53,6,1,0
BRDA:53,7,0,0
BRDA:53,7,1,0
BRDA:59,8,0,0
BRDA:59,8,1,0
BRDA:59,9,0,0
BRDA:59,9,1,0
BRDA:59,9,2,0
BRDA:65,10,0,0
BRDA:65,10,1,0
BRDA:65,11,0,0
BRDA:65,11,1,0
BRDA:76,12,0,0
BRDA:76,12,1,0
BRDA:79,13,0,0
BRDA:79,13,1,0
BRDA:82,14,0,0
BRDA:82,14,1,0
BRDA:82,15,0,0
BRDA:82,15,1,0
BRDA:91,16,0,0
BRDA:91,16,1,0
BRDA:91,16,2,0
BRDA:91,16,3,0
BRDA:126,17,0,0
BRDA:126,17,1,0
BRDA:126,18,0,0
BRDA:126,18,1,0
BRDA:273,19,0,0
BRDA:273,20,0,0
BRDA:285,21,0,0
BRDA:285,21,1,0
BRDA:304,22,0,0
BRDA:304,22,1,0
BRDA:316,23,0,0
BRDA:316,23,1,0
BRDA:316,24,0,0
BRDA:316,24,1,0
BRDA:318,25,0,0
BRDA:318,25,1,0
BRDA:324,26,0,0
BRDA:324,26,1,0
BRDA:324,27,0,0
BRDA:324,27,1,0
BRDA:326,28,0,0
BRDA:326,28,1,0
BRDA:334,29,0,0
BRDA:334,29,1,0
BRDA:335,30,0,0
BRDA:335,30,1,0
BRDA:351,31,0,0
BRDA:351,31,1,0
BRDA:357,32,0,0
BRDA:357,32,1,0
BRDA:371,33,0,0
BRDA:371,33,1,0
BRDA:371,34,0,0
BRDA:371,34,1,0
BRDA:382,35,0,0
BRDA:382,35,1,0
BRDA:400,36,0,0
BRDA:400,36,1,0
BRDA:409,37,0,0
BRDA:409,37,1,0
BRDA:409,38,0,0
BRDA:409,38,1,0
BRDA:436,39,0,0
BRDA:436,39,1,0
BRDA:469,40,0,0
BRDA:469,40,1,0
BRDA:469,41,0,0
BRDA:469,41,1,0
BRDA:481,42,0,0
BRDA:481,42,1,0
BRDA:481,43,0,0
BRDA:481,43,1,0
BRDA:481,43,2,0
BRDA:481,43,3,0
BRDA:493,44,0,0
BRDA:493,44,1,0
BRDA:497,45,0,0
BRDA:497,45,1,0
BRDA:522,46,0,0
BRDA:522,46,1,0
BRDA:529,47,0,0
BRDA:529,47,1,0
BRDA:532,48,0,0
BRDA:532,48,1,0
BRDA:584,49,0,0
BRDA:584,49,1,0
BRDA:584,50,0,0
BRDA:584,50,1,0
BRDA:584,50,2,0
BRDA:584,50,3,0
BRDA:601,51,0,0
BRDA:601,51,1,0
BRDA:608,52,0,0
BRDA:608,52,1,0
BRDA:608,52,2,0
BRDA:610,53,0,0
BRDA:610,53,1,0
BRDA:619,54,0,0
BRDA:619,54,1,0
BRDA:624,55,0,0
BRDA:624,55,1,0
BRDA:624,55,2,0
BRDA:633,56,0,0
BRDA:633,56,1,0
BRDA:633,57,0,0
BRDA:633,57,1,0
BRDA:648,58,0,0
BRDA:648,58,1,0
BRDA:648,58,2,0
BRDA:648,58,3,0
BRDA:648,58,4,0
BRDA:665,59,0,0
BRDA:665,59,1,0
BRDA:670,60,0,0
BRDA:670,60,1,0
BRDA:676,61,0,0
BRDA:676,61,1,0
BRDA:699,62,0,0
BRDA:699,62,1,0
BRDA:729,63,0,0
BRDA:729,63,1,0
BRDA:735,64,0,0
BRDA:735,64,1,0
BRDA:737,65,0,0
BRDA:737,65,1,0
BRDA:740,66,0,0
BRDA:740,66,1,0
BRDA:741,67,0,0
BRDA:741,67,1,0
BRDA:742,68,0,0
BRDA:742,68,1,0
BRDA:748,69,0,0
BRDA:748,69,1,0
BRDA:751,70,0,0
BRDA:751,70,1,0
BRDA:754,71,0,0
BRDA:754,71,1,0
BRDA:754,72,0,0
BRDA:754,72,1,0
BRDA:755,73,0,0
BRDA:755,73,1,0
BRDA:762,74,0,0
BRDA:762,74,1,0
BRDA:766,75,0,0
BRDA:766,75,1,0
BRDA:774,76,0,0
BRDA:774,76,1,0
BRDA:784,77,0,0
BRDA:784,77,1,0
BRDA:792,78,0,0
BRDA:792,78,1,0
BRDA:796,79,0,0
BRDA:796,79,1,0
BRDA:808,80,0,0
BRDA:808,80,1,0
BRDA:814,81,0,0
BRDA:814,81,1,0
BRDA:816,82,0,0
BRDA:816,82,1,0
BRDA:819,83,0,0
BRDA:819,83,1,0
BRDA:820,84,0,0
BRDA:820,84,1,0
BRDA:821,85,0,0
BRDA:821,85,1,0
BRDA:827,86,0,0
BRDA:827,86,1,0
BRDA:830,87,0,0
BRDA:830,87,1,0
BRDA:833,88,0,0
BRDA:833,88,1,0
BRDA:833,89,0,0
BRDA:833,89,1,0
BRDA:834,90,0,0
BRDA:834,90,1,0
BRDA:841,91,0,0
BRDA:841,91,1,0
BRDA:845,92,0,0
BRDA:845,92,1,0
BRDA:853,93,0,0
BRDA:853,93,1,0
BRDA:863,94,0,0
BRDA:863,94,1,0
BRDA:872,95,0,0
BRDA:872,95,1,0
BRF:202
BRH:0
end_of_record
TN:
SF:src/components/DAKStatusBox.js
FN:7,(anonymous_0)
FN:22,(anonymous_1)
FN:27,(anonymous_2)
FN:40,(anonymous_3)
FN:49,(anonymous_4)
FN:56,(anonymous_5)
FN:61,(anonymous_6)
FNF:7
FNH:0
FNDA:0,(anonymous_0)
FNDA:0,(anonymous_1)
FNDA:0,(anonymous_2)
FNDA:0,(anonymous_3)
FNDA:0,(anonymous_4)
FNDA:0,(anonymous_5)
FNDA:0,(anonymous_6)
DA:7,1
DA:8,0
DA:9,0
DA:17,0
DA:18,0
DA:19,0
DA:22,0
DA:23,0
DA:24,0
DA:27,0
DA:29,0
DA:30,0
DA:31,0
DA:39,0
DA:40,0
DA:49,0
DA:50,0
DA:51,0
DA:56,0
DA:57,0
DA:61,0
DA:62,0
DA:63,0
DA:66,0
DA:67,0
DA:68,0
DA:70,0
DA:80,0
DA:82,0
LF:29
LH:1
BRDA:17,0,0,0
BRDA:17,0,1,0
BRDA:19,1,0,0
BRDA:19,1,1,0
BRDA:19,1,2,0
BRDA:23,2,0,0
BRDA:23,2,1,0
BRDA:50,3,0,0
BRDA:50,3,1,0
BRDA:50,4,0,0
BRDA:50,4,1,0
BRDA:62,5,0,0
BRDA:62,5,1,0
BRDA:62,6,0,0
BRDA:62,6,1,0
BRDA:89,7,0,0
BRDA:89,7,1,0
BRDA:113,8,0,0
BRDA:113,8,1,0
BRDA:118,9,0,0
BRDA:118,9,1,0
BRDA:120,10,0,0
BRDA:120,10,1,0
BRDA:125,11,0,0
BRDA:125,11,1,0
BRDA:133,12,0,0
BRDA:133,12,1,0
BRF:27
BRH:0
end_of_record
TN:
SF:src/components/DAKStatusBox_old.js
FN:8,(anonymous_0)
FN:25,(anonymous_1)
FN:30,(anonymous_2)
FN:43,(anonymous_3)
FN:52,(anonymous_4)
FN:59,(anonymous_5)
FN:64,(anonymous_6)
FN:69,(anonymous_7)
FN:80,(anonymous_8)
FN:87,(anonymous_9)
FN:94,(anonymous_10)
FN:102,(anonymous_11)
FN:105,(anonymous_12)
FN:113,(anonymous_13)
FN:211,(anonymous_14)
FN:226,(anonymous_15)
FN:334,(anonymous_16)
FN:419,(anonymous_17)
FNF:18
FNH:0
FNDA:0,(anonymous_0)
FNDA:0,(anonymous_1)
FNDA:0,(anonymous_2)
FNDA:0,(anonymous_3)
FNDA:0,(anonymous_4)
FNDA:0,(anonymous_5)
FNDA:0,(anonymous_6)
FNDA:0,(anonymous_7)
FNDA:0,(anonymous_8)
FNDA:0,(anonymous_9)
FNDA:0,(anonymous_10)
FNDA:0,(anonymous_11)
FNDA:0,(anonymous_12)
FNDA:0,(anonymous_13)
FNDA:0,(anonymous_14)
FNDA:0,(anonymous_15)
FNDA:0,(anonymous_16)
FNDA:0,(anonymous_17)
DA:8,0
DA:9,0
DA:10,0
DA:11,0
DA:12,0
DA:20,0
DA:21,0
DA:22,0
DA:25,0
DA:26,0
DA:27,0
DA:30,0
DA:32,0
DA:33,0
DA:34,0
DA:42,0
DA:43,0
DA:52,0
DA:53,0
DA:54,0
DA:59,0
DA:60,0
DA:64,0
DA:65,0
DA:69,0
DA:70,0
DA:73,0
DA:76,0
DA:80,0
DA:81,0
DA:82,0
DA:87,0
DA:88,0
DA:89,0
DA:94,0
DA:95,0
DA:96,0
DA:98,0
DA:102,0
DA:103,0
DA:105,0
DA:113,0
DA:114,0
DA:115,0
DA:118,0
DA:119,0
DA:120,0
DA:121,0
DA:122,0
DA:124,0
DA:134,0
DA:135,0
DA:136,0
DA:138,0
DA:212,0
DA:227,0
DA:228,0
DA:335,0
DA:336,0
DA:419,0
LF:60
LH:0
BRDA:20,0,0,0
BRDA:20,0,1,0
BRDA:22,1,0,0
BRDA:22,1,1,0
BRDA:22,1,2,0
BRDA:26,2,0,0
BRDA:26,2,1,0
BRDA:53,3,0,0
BRDA:53,3,1,0
BRDA:53,4,0,0
BRDA:53,4,1,0
BRDA:81,5,0,0
BRDA:81,5,1,0
BRDA:88,6,0,0
BRDA:88,6,1,0
BRDA:95,7,0,0
BRDA:95,7,1,0
BRDA:103,8,0,0
BRDA:103,8,1,0
BRDA:103,9,0,0
BRDA:103,9,1,0
BRDA:114,10,0,0
BRDA:114,10,1,0
BRDA:114,11,0,0
BRDA:114,11,1,0
BRDA:122,12,0,0
BRDA:122,12,1,0
BRDA:135,13,0,0
BRDA:135,13,1,0
BRDA:136,14,0,0
BRDA:136,14,1,0
BRDA:145,15,0,0
BRDA:145,15,1,0
BRDA:151,16,0,0
BRDA:151,16,1,0
BRDA:153,17,0,0
BRDA:153,17,1,0
BRDA:157,18,0,0
BRDA:157,18,1,0
BRDA:159,19,0,0
BRDA:159,19,1,0
BRDA:163,20,0,0
BRDA:163,20,1,0
BRDA:165,21,0,0
BRDA:165,21,1,0
BRDA:173,22,0,0
BRDA:173,22,1,0
BRDA:173,23,0,0
BRDA:173,23,1,0
BRDA:175,24,0,0
BRDA:175,24,1,0
BRDA:177,25,0,0
BRDA:177,25,1,0
BRDA:178,26,0,0
BRDA:178,26,1,0
BRDA:179,27,0,0
BRDA:179,27,1,0
BRDA:186,28,0,0
BRDA:186,28,1,0
BRDA:192,29,0,0
BRDA:192,29,1,0
BRDA:194,30,0,0
BRDA:194,30,1,0
BRDA:199,31,0,0
BRDA:199,31,1,0
BRDA:209,32,0,0
BRDA:209,32,1,0
BRDA:257,33,0,0
BRDA:257,33,1,0
BRDA:257,33,2,0
BRDA:262,34,0,0
BRDA:262,34,1,0
BRDA:267,35,0,0
BRDA:267,35,1,0
BRDA:272,36,0,0
BRDA:272,36,1,0
BRDA:279,37,0,0
BRDA:279,37,1,0
BRDA:292,38,0,0
BRDA:292,38,1,0
BRDA:292,38,2,0
BRDA:336,39,0,0
BRDA:336,39,1,0
BRDA:351,40,0,0
BRDA:351,40,1,0
BRDA:368,41,0,0
BRDA:368,41,1,0
BRDA:368,41,2,0
BRDA:384,42,0,0
BRDA:384,42,1,0
BRDA:384,42,2,0
BRDA:404,43,0,0
BRDA:404,43,1,0
BRF:93
BRH:0
end_of_record
TN:
SF:src/components/DashboardRedirect.js
FN:9,(anonymous_0)
FN:12,(anonymous_1)
FNF:2
FNH:0
FNDA:0,(anonymous_0)
FNDA:0,(anonymous_1)
DA:9,0
DA:10,0
DA:12,0
DA:14,0
DA:17,0
LF:5
LH:0
BRF:0
BRH:0
end_of_record
TN:
SF:src/components/DecisionSupportLogicView.js
FN:8,(anonymous_0)
FN:16,(anonymous_1)
FN:36,(anonymous_2)
FN:37,(anonymous_3)
FN:57,(anonymous_4)
FN:125,(anonymous_5)
FN:140,(anonymous_6)
FN:145,(anonymous_7)
FN:215,(anonymous_8)
FN:395,(anonymous_9)
FN:488,(anonymous_10)
FN:491,(anonymous_11)
FN:498,(anonymous_12)
FN:512,(anonymous_13)
FN:521,(anonymous_14)
FN:530,(anonymous_15)
FN:553,(anonymous_16)
FN:559,(anonymous_17)
FN:584,(anonymous_18)
FN:589,(anonymous_19)
FN:598,(anonymous_20)
FN:610,(anonymous_21)
FN:615,(anonymous_22)
FN:616,(anonymous_23)
FN:623,(anonymous_24)
FN:630,(anonymous_25)
FN:655,(anonymous_26)
FN:658,(anonymous_27)
FN:692,(anonymous_28)
FN:699,(anonymous_29)
FN:740,(anonymous_30)
FN:754,(anonymous_31)
FN:757,(anonymous_32)
FN:760,(anonymous_33)
FN:764,(anonymous_34)
FN:767,(anonymous_35)
FN:773,(anonymous_36)
FN:788,(anonymous_37)
FN:798,(anonymous_38)
FN:805,(anonymous_39)
FN:844,(anonymous_40)
FN:866,(anonymous_41)
FN:878,(anonymous_42)
FN:953,(anonymous_43)
FN:954,(anonymous_44)
FN:959,(anonymous_45)
FN:978,(anonymous_46)
FN:996,(anonymous_47)
FN:1008,(anonymous_48)
FN:1009,(anonymous_49)
FN:1020,(anonymous_50)
FN:1032,(anonymous_51)
FN:1040,(anonymous_52)
FNF:53
FNH:0
FNDA:0,(anonymous_0)
FNDA:0,(anonymous_1)
FNDA:0,(anonymous_2)
FNDA:0,(anonymous_3)
FNDA:0,(anonymous_4)
FNDA:0,(anonymous_5)
FNDA:0,(anonymous_6)
FNDA:0,(anonymous_7)
FNDA:0,(anonymous_8)
FNDA:0,(anonymous_9)
FNDA:0,(anonymous_10)
FNDA:0,(anonymous_11)
FNDA:0,(anonymous_12)
FNDA:0,(anonymous_13)
FNDA:0,(anonymous_14)
FNDA:0,(anonymous_15)
FNDA:0,(anonymous_16)
FNDA:0,(anonymous_17)
FNDA:0,(anonymous_18)
FNDA:0,(anonymous_19)
FNDA:0,(anonymous_20)
FNDA:0,(anonymous_21)
FNDA:0,(anonymous_22)
FNDA:0,(anonymous_23)
FNDA:0,(anonymous_24)
FNDA:0,(anonymous_25)
FNDA:0,(anonymous_26)
FNDA:0,(anonymous_27)
FNDA:0,(anonymous_28)
FNDA:0,(anonymous_29)
FNDA:0,(anonymous_30)
FNDA:0,(anonymous_31)
FNDA:0,(anonymous_32)
FNDA:0,(anonymous_33)
FNDA:0,(anonymous_34)
FNDA:0,(anonymous_35)
FNDA:0,(anonymous_36)
FNDA:0,(anonymous_37)
FNDA:0,(anonymous_38)
FNDA:0,(anonymous_39)
FNDA:0,(anonymous_40)
FNDA:0,(anonymous_41)
FNDA:0,(anonymous_42)
FNDA:0,(anonymous_43)
FNDA:0,(anonymous_44)
FNDA:0,(anonymous_45)
FNDA:0,(anonymous_46)
FNDA:0,(anonymous_47)
FNDA:0,(anonymous_48)
FNDA:0,(anonymous_49)
FNDA:0,(anonymous_50)
FNDA:0,(anonymous_51)
FNDA:0,(anonymous_52)
DA:8,0
DA:9,0
DA:16,0
DA:17,0
DA:18,0
DA:21,0
DA:22,0
DA:23,0
DA:24,0
DA:25,0
DA:26,0
DA:27,0
DA:28,0
DA:29,0
DA:30,0
DA:31,0
DA:32,0
DA:33,0
DA:36,0
DA:37,0
DA:38,0
DA:40,0
DA:41,0
DA:44,0
DA:47,0
DA:50,0
DA:51,0
DA:53,0
DA:57,0
DA:58,0
DA:60,0
DA:61,0
DA:63,0
DA:64,0
DA:72,0
DA:73,0
DA:74,0
DA:76,0
DA:78,0
DA:81,0
DA:84,0
DA:85,0
DA:112,0
DA:113,0
DA:116,0
DA:117,0
DA:121,0
DA:125,0
DA:126,0
DA:127,0
DA:128,0
DA:131,0
DA:132,0
DA:140,0
DA:141,0
DA:145,0
DA:146,0
DA:149,0
DA:150,0
DA:151,0
DA:157,0
DA:162,0
DA:174,0
DA:176,0
DA:180,0
DA:184,0
DA:187,0
DA:200,0
DA:202,0
DA:206,0
DA:207,0
DA:211,0
DA:215,0
DA:217,0
DA:218,0
DA:219,0
DA:220,0
DA:221,0
DA:223,0
DA:224,0
DA:225,0
DA:228,0
DA:230,0
DA:232,0
DA:233,0
DA:234,0
DA:235,0
DA:236,0
DA:238,0
DA:239,0
DA:243,0
DA:247,0
DA:248,0
DA:249,0
DA:250,0
DA:252,0
DA:253,0
DA:255,0
DA:256,0
DA:258,0
DA:259,0
DA:260,0
DA:263,0
DA:265,0
DA:266,0
DA:268,0
DA:269,0
DA:271,0
DA:274,0
DA:277,0
DA:278,0
DA:279,0
DA:281,0
DA:289,0
DA:291,0
DA:293,0
DA:294,0
DA:295,0
DA:297,0
DA:298,0
DA:299,0
DA:303,0
DA:304,0
DA:305,0
DA:306,0
DA:308,0
DA:309,0
DA:310,0
DA:313,0
DA:314,0
DA:317,0
DA:318,0
DA:319,0
DA:321,0
DA:322,0
DA:323,0
DA:327,0
DA:328,0
DA:329,0
DA:330,0
DA:332,0
DA:333,0
DA:334,0
DA:337,0
DA:338,0
DA:341,0
DA:343,0
DA:344,0
DA:345,0
DA:346,0
DA:347,0
DA:348,0
DA:349,0
DA:353,0
DA:354,0
DA:359,0
DA:361,0
DA:362,0
DA:363,0
DA:364,0
DA:365,0
DA:366,0
DA:367,0
DA:371,0
DA:372,0
DA:380,0
DA:381,0
DA:382,0
DA:383,0
DA:384,0
DA:388,0
DA:395,0
DA:397,0
DA:488,0
DA:489,0
DA:491,0
DA:492,0
DA:498,0
DA:499,0
DA:500,0
DA:502,0
DA:503,0
DA:505,0
DA:509,0
DA:512,0
DA:513,0
DA:514,0
DA:516,0
DA:517,0
DA:521,0
DA:522,0
DA:530,0
DA:531,0
DA:532,0
DA:533,0
DA:534,0
DA:537,0
DA:538,0
DA:539,0
DA:540,0
DA:541,0
DA:547,0
DA:548,0
DA:549,0
DA:551,0
DA:553,0
DA:554,0
DA:555,0
DA:559,0
DA:560,0
DA:561,0
DA:564,0
DA:572,0
DA:573,0
DA:584,0
DA:585,0
DA:589,0
DA:590,0
DA:592,0
DA:598,0
DA:599,0
DA:600,0
DA:603,0
DA:604,0
DA:606,0
DA:610,0
DA:611,0
DA:615,0
DA:616,0
DA:618,0
DA:623,0
DA:624,0
DA:625,0
DA:627,0
DA:630,0
DA:631,0
DA:637,0
DA:638,0
DA:648,0
DA:649,0
DA:655,0
DA:658,0
DA:667,0
DA:692,0
DA:699,0
DA:740,0
DA:754,0
DA:757,0
DA:760,0
DA:764,0
DA:767,0
DA:774,0
DA:788,0
DA:799,0
DA:800,0
DA:801,0
DA:805,0
DA:823,0
DA:844,0
DA:867,0
DA:878,0
DA:953,0
DA:954,0
DA:959,0
DA:979,0
DA:996,0
DA:1008,0
DA:1009,0
DA:1020,0
DA:1033,0
DA:1040,0
LF:271
LH:0
BRDA:38,0,0,0
BRDA:38,0,1,0
BRDA:38,1,0,0
BRDA:38,1,1,0
BRDA:60,2,0,0
BRDA:60,2,1,0
BRDA:74,3,0,0
BRDA:74,3,1,0
BRDA:78,4,0,0
BRDA:78,4,1,0
BRDA:78,5,0,0
BRDA:78,5,1,0
BRDA:78,5,2,0
BRDA:78,5,3,0
BRDA:78,5,4,0
BRDA:78,5,5,0
BRDA:84,6,0,0
BRDA:84,6,1,0
BRDA:84,7,0,0
BRDA:84,7,1,0
BRDA:84,7,2,0
BRDA:113,8,0,0
BRDA:113,8,1,0
BRDA:127,9,0,0
BRDA:127,9,1,0
BRDA:141,10,0,0
BRDA:141,10,1,0
BRDA:180,11,0,0
BRDA:180,11,1,0
BRDA:180,12,0,0
BRDA:180,12,1,0
BRDA:180,12,2,0
BRDA:228,13,0,0
BRDA:228,13,1,0
BRDA:230,14,0,0
BRDA:230,14,1,0
BRDA:232,15,0,0
BRDA:232,15,1,0
BRDA:232,16,0,0
BRDA:232,16,1,0
BRDA:233,17,0,0
BRDA:233,17,1,0
BRDA:235,18,0,0
BRDA:235,18,1,0
BRDA:255,19,0,0
BRDA:255,19,1,0
BRDA:255,20,0,0
BRDA:255,20,1,0
BRDA:255,20,2,0
BRDA:256,21,0,0
BRDA:256,21,1,0
BRDA:265,22,0,0
BRDA:265,22,1,0
BRDA:266,23,0,0
BRDA:266,23,1,0
BRDA:266,24,0,0
BRDA:266,24,1,0
BRDA:266,24,2,0
BRDA:277,25,0,0
BRDA:277,25,1,0
BRDA:291,26,0,0
BRDA:291,26,1,0
BRDA:293,27,0,0
BRDA:293,27,1,0
BRDA:298,28,0,0
BRDA:298,28,1,0
BRDA:298,29,0,0
BRDA:298,29,1,0
BRDA:303,30,0,0
BRDA:303,30,1,0
BRDA:303,31,0,0
BRDA:303,31,1,0
BRDA:305,32,0,0
BRDA:305,32,1,0
BRDA:313,33,0,0
BRDA:313,33,1,0
BRDA:317,34,0,0
BRDA:317,34,1,0
BRDA:322,35,0,0
BRDA:322,35,1,0
BRDA:322,36,0,0
BRDA:322,36,1,0
BRDA:327,37,0,0
BRDA:327,37,1,0
BRDA:327,38,0,0
BRDA:327,38,1,0
BRDA:329,39,0,0
BRDA:329,39,1,0
BRDA:337,40,0,0
BRDA:337,40,1,0
BRDA:341,41,0,0
BRDA:341,41,1,0
BRDA:345,42,0,0
BRDA:345,42,1,0
BRDA:347,43,0,0
BRDA:347,43,1,0
BRDA:353,44,0,0
BRDA:353,44,1,0
BRDA:353,45,0,0
BRDA:353,45,1,0
BRDA:359,46,0,0
BRDA:359,46,1,0
BRDA:363,47,0,0
BRDA:363,47,1,0
BRDA:365,48,0,0
BRDA:365,48,1,0
BRDA:371,49,0,0
BRDA:371,49,1,0
BRDA:371,50,0,0
BRDA:371,50,1,0
BRDA:380,51,0,0
BRDA:380,51,1,0
BRDA:380,52,0,0
BRDA:380,52,1,0
BRDA:381,53,0,0
BRDA:381,53,1,0
BRDA:383,54,0,0
BRDA:383,54,1,0
BRDA:489,55,0,0
BRDA:489,55,1,0
BRDA:492,56,0,0
BRDA:492,56,1,0
BRDA:492,56,2,0
BRDA:499,57,0,0
BRDA:499,57,1,0
BRDA:500,58,0,0
BRDA:500,58,1,0
BRDA:502,59,0,0
BRDA:502,59,1,0
BRDA:513,60,0,0
BRDA:513,60,1,0
BRDA:514,61,0,0
BRDA:514,61,1,0
BRDA:537,62,0,0
BRDA:537,62,1,0
BRDA:539,63,0,0
BRDA:539,63,1,0
BRDA:585,64,0,0
BRDA:585,64,1,0
BRDA:585,65,0,0
BRDA:585,65,1,0
BRDA:592,66,0,0
BRDA:592,66,1,0
BRDA:592,66,2,0
BRDA:592,66,3,0
BRDA:603,67,0,0
BRDA:603,67,1,0
BRDA:624,68,0,0
BRDA:624,68,1,0
BRDA:637,69,0,0
BRDA:637,69,1,0
BRDA:648,70,0,0
BRDA:648,70,1,0
BRDA:669,71,0,0
BRDA:669,71,1,0
BRDA:669,72,0,0
BRDA:669,72,1,0
BRDA:683,73,0,0
BRDA:683,73,1,0
BRDA:691,74,0,0
BRDA:691,74,1,0
BRDA:698,75,0,0
BRDA:698,75,1,0
BRDA:711,76,0,0
BRDA:711,76,1,0
BRDA:719,77,0,0
BRDA:719,77,1,0
BRDA:725,78,0,0
BRDA:725,78,1,0
BRDA:746,79,0,0
BRDA:746,79,1,0
BRDA:755,80,0,0
BRDA:755,80,1,0
BRDA:755,81,0,0
BRDA:755,81,1,0
BRDA:758,82,0,0
BRDA:758,82,1,0
BRDA:758,83,0,0
BRDA:758,83,1,0
BRDA:761,84,0,0
BRDA:761,84,1,0
BRDA:761,85,0,0
BRDA:761,85,1,0
BRDA:765,86,0,0
BRDA:765,86,1,0
BRDA:765,87,0,0
BRDA:765,87,1,0
BRDA:768,88,0,0
BRDA:768,88,1,0
BRDA:768,89,0,0
BRDA:768,89,1,0
BRDA:778,90,0,0
BRDA:778,90,1,0
BRDA:785,91,0,0
BRDA:785,91,1,0
BRDA:797,92,0,0
BRDA:797,92,1,0
BRDA:800,93,0,0
BRDA:800,93,1,0
BRDA:834,94,0,0
BRDA:834,94,1,0
BRDA:834,94,2,0
BRDA:840,95,0,0
BRDA:840,95,1,0
BRDA:840,95,2,0
BRDA:856,96,0,0
BRDA:856,96,1,0
BRDA:895,97,0,0
BRDA:895,97,1,0
BRDA:897,98,0,0
BRDA:897,98,1,0
BRDA:911,99,0,0
BRDA:911,99,1,0
BRDA:930,100,0,0
BRDA:930,100,1,0
BRDA:934,101,0,0
BRDA:934,101,1,0
BRDA:944,102,0,0
BRDA:944,102,1,0
BRDA:944,103,0,0
BRDA:944,103,1,0
BRDA:952,104,0,0
BRDA:952,104,1,0
BRDA:965,105,0,0
BRDA:965,105,1,0
BRDA:985,106,0,0
BRDA:985,106,1,0
BRDA:1007,107,0,0
BRDA:1007,107,1,0
BRF:229
BRH:0
end_of_record
TN:
SF:src/components/DocumentationViewer.js
FN:7,(anonymous_0)
FN:31,(anonymous_1)
FN:38,(anonymous_2)
FN:39,(anonymous_3)
FN:92,(anonymous_4)
FN:97,(anonymous_5)
FN:99,(anonymous_6)
FN:100,(anonymous_7)
FN:100,(anonymous_8)
FN:103,(anonymous_9)
FN:108,(anonymous_10)
FN:110,(anonymous_11)
FN:161,(anonymous_12)
FN:178,(anonymous_13)
FN:181,(anonymous_14)
FN:189,(anonymous_15)
FN:190,(anonymous_16)
FN:195,(anonymous_17)
FN:196,(anonymous_18)
FN:203,(anonymous_19)
FN:207,(anonymous_20)
FNF:21
FNH:0
FNDA:0,(anonymous_0)
FNDA:0,(anonymous_1)
FNDA:0,(anonymous_2)
FNDA:0,(anonymous_3)
FNDA:0,(anonymous_4)
FNDA:0,(anonymous_5)
FNDA:0,(anonymous_6)
FNDA:0,(anonymous_7)
FNDA:0,(anonymous_8)
FNDA:0,(anonymous_9)
FNDA:0,(anonymous_10)
FNDA:0,(anonymous_11)
FNDA:0,(anonymous_12)
FNDA:0,(anonymous_13)
FNDA:0,(anonymous_14)
FNDA:0,(anonymous_15)
FNDA:0,(anonymous_16)
FNDA:0,(anonymous_17)
FNDA:0,(anonymous_18)
FNDA:0,(anonymous_19)
FNDA:0,(anonymous_20)
DA:7,0
DA:9,0
DA:26,0
DA:29,0
DA:31,0
DA:32,0
DA:33,0
DA:34,0
DA:35,0
DA:36,0
DA:38,0
DA:39,0
DA:40,0
DA:41,0
DA:43,0
DA:44,0
DA:47,0
DA:49,0
DA:50,0
DA:51,0
DA:53,0
DA:55,0
DA:56,0
DA:57,0
DA:60,0
DA:61,0
DA:62,0
DA:66,0
DA:67,0
DA:68,0
DA:73,0
DA:75,0
DA:76,0
DA:79,0
DA:80,0
DA:82,0
DA:83,0
DA:85,0
DA:89,0
DA:92,0
DA:94,0
DA:97,0
DA:98,0
DA:99,0
DA:100,0
DA:102,0
DA:103,0
DA:104,0
DA:106,0
DA:108,0
DA:109,0
DA:110,0
DA:111,0
DA:113,0
DA:116,0
DA:117,0
DA:121,0
DA:138,0
[...]
BRDA:761,10,4,0
BRF:22
BRH:5
end_of_record
TN:
SF:src/services/localStorageService.js
FN:7,(anonymous_0)
FN:16,(anonymous_1)
FN:31,(anonymous_2)
FN:42,(anonymous_3)
FN:69,(anonymous_4)
FN:90,(anonymous_5)
FN:105,(anonymous_6)
FN:114,(anonymous_7)
FN:123,(anonymous_8)
FN:133,(anonymous_9)
FN:160,(anonymous_10)
FN:188,(anonymous_11)
FN:197,(anonymous_12)
FN:219,(anonymous_13)
FNF:14
FNH:1
FNDA:2,(anonymous_0)
FNDA:0,(anonymous_1)
FNDA:0,(anonymous_2)
FNDA:0,(anonymous_3)
FNDA:0,(anonymous_4)
FNDA:0,(anonymous_5)
FNDA:0,(anonymous_6)
FNDA:0,(anonymous_7)
FNDA:0,(anonymous_8)
FNDA:0,(anonymous_9)
FNDA:0,(anonymous_10)
FNDA:0,(anonymous_11)
FNDA:0,(anonymous_12)
FNDA:0,(anonymous_13)
DA:8,2
DA:9,2
DA:17,0
DA:18,0
DA:19,0
DA:21,0
DA:22,0
DA:32,0
DA:33,0
DA:43,0
DA:45,0
DA:46,0
DA:47,0
DA:50,0
DA:51,0
DA:56,0
DA:58,0
DA:60,0
DA:61,0
DA:70,0
DA:71,0
DA:72,0
DA:73,0
DA:75,0
DA:76,0
DA:77,0
DA:79,0
DA:81,0
DA:82,0
DA:91,0
DA:92,0
DA:93,0
DA:95,0
DA:96,0
DA:106,0
DA:107,0
DA:115,0
DA:116,0
DA:124,0
DA:125,0
DA:134,0
DA:135,0
DA:137,0
DA:138,0
DA:145,0
DA:152,0
DA:161,0
DA:162,0
DA:164,0
DA:165,0
DA:169,0
DA:170,0
DA:172,0
DA:173,0
DA:175,0
DA:176,0
DA:178,0
DA:180,0
DA:181,0
DA:189,0
DA:190,0
DA:198,0
DA:199,0
DA:201,0
DA:202,0
DA:203,0
DA:205,0
DA:220,0
DA:222,0
DA:223,0
DA:224,0
DA:226,0
DA:231,2
LF:73
LH:3
BRDA:19,0,0,0
BRDA:19,0,1,0
BRDA:33,1,0,0
BRDA:33,1,1,0
BRDA:42,2,0,0
BRDA:93,3,0,0
BRDA:93,3,1,0
BRDA:107,4,0,0
BRDA:107,4,1,0
BRDA:133,5,0,0
BRDA:137,6,0,0
BRDA:137,6,1,0
BRDA:164,7,0,0
BRDA:164,7,1,0
BRDA:164,8,0,0
BRDA:164,8,1,0
BRDA:220,9,0,0
BRDA:220,9,1,0
BRF:18
BRH:0
end_of_record
TN:
SF:src/services/profileSubscriptionService.js
FN:11,(anonymous_0)
FN:20,(anonymous_1)
FN:26,(anonymous_2)
FN:57,(anonymous_3)
FN:72,(anonymous_4)
FN:80,(anonymous_5)
FN:114,(anonymous_6)
FN:121,(anonymous_7)
FN:149,(anonymous_8)
FN:152,(anonymous_9)
FN:160,(anonymous_10)
FN:163,(anonymous_11)
FN:170,(anonymous_12)
FN:195,(anonymous_13)
FN:217,(anonymous_14)
FN:219,(anonymous_15)
FN:235,(anonymous_16)
FN:236,(anonymous_17)
FN:249,(anonymous_18)
FN:256,(anonymous_19)
FN:280,(anonymous_20)
FN:300,(anonymous_21)
FN:311,(anonymous_22)
FN:325,(anonymous_23)
FN:326,(anonymous_24)
FN:344,(anonymous_25)
FNF:26
FNH:21
FNDA:3,(anonymous_0)
FNDA:48,(anonymous_1)
FNDA:0,(anonymous_2)
FNDA:65,(anonymous_3)
FNDA:17,(anonymous_4)
FNDA:15,(anonymous_5)
FNDA:5,(anonymous_6)
FNDA:3,(anonymous_7)
FNDA:6,(anonymous_8)
FNDA:4,(anonymous_9)
FNDA:10,(anonymous_10)
FNDA:10,(anonymous_11)
FNDA:12,(anonymous_12)
FNDA:3,(anonymous_13)
FNDA:2,(anonymous_14)
FNDA:0,(anonymous_15)
FNDA:1,(anonymous_16)
FNDA:1,(anonymous_17)
FNDA:0,(anonymous_18)
FNDA:0,(anonymous_19)
FNDA:1,(anonymous_20)
FNDA:0,(anonymous_21)
FNDA:4,(anonymous_22)
FNDA:2,(anonymous_23)
FNDA:3,(anonymous_24)
FNDA:2,(anonymous_25)
DA:12,3
DA:13,3
DA:21,48
DA:22,48
DA:23,47
DA:26,47
DA:27,47
DA:35,47
DA:38,47
DA:40,1
DA:42,1
DA:58,65
DA:59,65
DA:61,0
DA:62,0
DA:73,17
DA:74,2
DA:77,15
DA:80,15
DA:81,15
DA:83,0
DA:89,0
DA:90,0
DA:94,15
DA:104,15
DA:105,15
DA:106,15
DA:115,5
DA:116,2
DA:119,3
DA:120,3
DA:121,3
DA:123,3
DA:124,2
DA:127,1
DA:130,1
DA:131,1
DA:132,1
DA:135,0
DA:136,0
DA:137,0
DA:139,0
DA:140,0
DA:150,6
DA:151,4
DA:152,4
DA:161,10
DA:162,10
DA:163,10
DA:171,12
DA:172,2
DA:175,10
DA:176,10
DA:177,10
DA:181,0
DA:183,0
DA:196,3
DA:197,0
DA:201,3
DA:202,0
DA:206,3
DA:207,1
DA:210,2
DA:218,2
DA:219,2
DA:221,0
DA:222,0
DA:225,0
DA:226,0
DA:227,0
DA:236,1
DA:250,0
DA:251,0
DA:254,0
DA:255,0
DA:256,0
DA:258,0
DA:259,0
DA:262,0
DA:269,0
DA:270,0
DA:272,0
DA:273,0
DA:281,1
DA:282,1
DA:290,1
DA:292,0
DA:301,0
DA:302,0
DA:312,4
DA:313,4
DA:315,3
DA:316,1
DA:321,2
DA:322,1
DA:323,1
DA:325,1
DA:326,3
DA:327,2
DA:329,0
DA:334,2
DA:338,1
DA:340,1
DA:344,2
DA:345,0
DA:355,2
DA:356,2
DA:358,2
DA:359,2
DA:365,3
LF:110
LH:74
BRDA:23,0,0,0
BRDA:23,0,1,47
BRDA:26,1,0,47
BRDA:26,1,1,0
BRDA:72,2,0,4
BRDA:73,3,0,2
BRDA:73,3,1,15
BRDA:73,4,0,17
BRDA:73,4,1,16
BRDA:81,5,0,0
BRDA:81,5,1,15
BRDA:86,6,0,0
BRDA:86,6,1,0
BRDA:96,7,0,15
BRDA:96,7,1,0
BRDA:97,8,0,15
BRDA:97,8,1,4
BRDA:98,9,0,15
BRDA:98,9,1,12
BRDA:115,10,0,2
BRDA:115,10,1,3
BRDA:123,11,0,2
BRDA:123,11,1,1
BRDA:130,12,0,1
BRDA:130,12,1,0
BRDA:150,13,0,2
BRDA:150,13,1,4
BRDA:161,14,0,0
BRDA:161,14,1,10
BRDA:163,15,0,10
BRDA:163,15,1,10
BRDA:171,16,0,2
BRDA:171,16,1,10
BRDA:171,17,0,12
BRDA:171,17,1,11
BRDA:176,18,0,10
BRDA:176,18,1,0
BRDA:181,19,0,0
BRDA:181,19,1,0
BRDA:196,20,0,0
BRDA:196,20,1,3
BRDA:196,21,0,3
BRDA:196,21,1,3
BRDA:201,22,0,0
BRDA:201,22,1,3
BRDA:206,23,0,1
BRDA:206,23,1,2
BRDA:221,24,0,0
BRDA:221,24,1,0
BRDA:222,25,0,0
BRDA:222,25,1,0
BRDA:225,26,0,0
BRDA:225,26,1,0
BRDA:226,27,0,0
BRDA:226,27,1,0
BRDA:238,28,0,1
BRDA:238,28,1,0
BRDA:250,29,0,0
BRDA:250,29,1,0
BRDA:250,30,0,0
BRDA:250,30,1,0
BRDA:258,31,0,0
BRDA:258,31,1,0
BRDA:311,32,0,3
BRDA:315,33,0,1
BRDA:315,33,1,2
BRDA:321,34,0,1
BRDA:321,34,1,1
BRDA:327,35,0,0
BRDA:327,35,1,2
BRDA:331,36,0,0
BRDA:331,36,1,0
BRDA:344,37,0,0
BRDA:344,37,1,2
BRF:74
BRH:42
end_of_record
TN:
SF:src/services/repositoryCacheService.js
FN:9,(anonymous_0)
FN:21,(anonymous_1)
FN:28,(anonymous_2)
FN:39,(anonymous_3)
FN:83,(anonymous_4)
FN:112,(anonymous_5)
FN:129,(anonymous_6)
FN:132,(anonymous_7)
FN:147,(anonymous_8)
FNF:9
FNH:9
FNDA:3,(anonymous_0)
FNDA:53,(anonymous_1)
FNDA:2,(anonymous_2)
FNDA:37,(anonymous_3)
FNDA:9,(anonymous_4)
FNDA:1,(anonymous_5)
FNDA:1,(anonymous_6)
FNDA:5,(anonymous_7)
FNDA:2,(anonymous_8)
DA:10,3
DA:11,3
DA:12,3
DA:13,3
DA:22,53
DA:29,2
DA:30,2
DA:31,2
DA:32,2
DA:40,37
DA:41,37
DA:42,37
DA:44,37
DA:46,36
DA:47,35
DA:48,35
DA:51,1
DA:54,0
DA:56,0
DA:57,0
DA:58,0
DA:61,0
DA:66,0
DA:73,2
DA:74,2
DA:75,2
DA:76,2
DA:84,9
DA:85,9
DA:86,9
DA:93,9
DA:99,9
DA:100,8
DA:102,1
DA:103,1
DA:104,1
DA:105,1
DA:113,1
DA:114,1
DA:115,1
DA:116,1
DA:117,1
DA:119,0
DA:120,0
DA:121,0
DA:122,0
DA:130,1
DA:131,1
DA:132,1
DA:133,5
DA:134,0
DA:137,1
DA:139,0
DA:140,0
DA:148,2
DA:149,2
DA:150,2
DA:153,0
DA:154,0
DA:156,0
DA:168,3
LF:61
LH:45
BRDA:21,0,0,0
BRDA:39,1,0,0
BRDA:46,2,0,35
BRDA:46,2,1,1
BRDA:54,3,0,0
BRDA:54,3,1,0
BRDA:62,4,0,0
BRDA:62,4,1,0
BRDA:83,5,0,0
BRDA:94,6,0,9
BRDA:94,6,1,4
BRDA:112,7,0,0
BRDA:133,8,0,0
BRDA:133,8,1,5
BRDA:147,9,0,0
BRDA:149,10,0,2
BRDA:149,10,1,0
BRF:17
BRH:6
end_of_record
TN:
SF:src/services/stagingGroundService.js
FN:9,(anonymous_0)
FN:18,(anonymous_1)
FN:27,(anonymous_2)
FN:37,(anonymous_3)
FN:54,(anonymous_4)
FN:67,(anonymous_5)
FN:87,(anonymous_6)
FN:91,(anonymous_7)
FN:114,(anonymous_8)
FN:116,(anonymous_9)
FN:123,(anonymous_10)
FN:132,(anonymous_11)
FN:140,(anonymous_12)
FN:148,(anonymous_13)
FN:156,(anonymous_14)
FN:179,(anonymous_15)
FN:193,(anonymous_16)
FN:195,(anonymous_17)
FN:209,(anonymous_18)
FN:225,(anonymous_19)
FN:254,(anonymous_20)
FN:277,(anonymous_21)
FN:291,(anonymous_22)
FN:295,(anonymous_23)
FN:303,(anonymous_24)
FN:305,(anonymous_25)
FN:317,(anonymous_26)
FN:325,(anonymous_27)
FN:348,(anonymous_28)
FNF:29
FNH:1
FNDA:2,(anonymous_0)
FNDA:0,(anonymous_1)
FNDA:0,(anonymous_2)
FNDA:0,(anonymous_3)
FNDA:0,(anonymous_4)
FNDA:0,(anonymous_5)
FNDA:0,(anonymous_6)
FNDA:0,(anonymous_7)
FNDA:0,(anonymous_8)
FNDA:0,(anonymous_9)
FNDA:0,(anonymous_10)
FNDA:0,(anonymous_11)
FNDA:0,(anonymous_12)
FNDA:0,(anonymous_13)
FNDA:0,(anonymous_14)
FNDA:0,(anonymous_15)
FNDA:0,(anonymous_16)
FNDA:0,(anonymous_17)
FNDA:0,(anonymous_18)
FNDA:0,(anonymous_19)
FNDA:0,(anonymous_20)
FNDA:0,(anonymous_21)
FNDA:0,(anonymous_22)
FNDA:0,(anonymous_23)
FNDA:0,(anonymous_24)
FNDA:0,(anonymous_25)
FNDA:0,(anonymous_26)
FNDA:0,(anonymous_27)
FNDA:0,(anonymous_28)
DA:10,2
DA:11,2
DA:12,2
DA:19,0
DA:20,0
DA:21,0
DA:28,0
DA:29,0
DA:31,0
DA:38,0
DA:39,0
DA:40,0
DA:41,0
DA:42,0
DA:44,0
DA:46,0
DA:47,0
DA:55,0
DA:68,0
DA:69,0
DA:70,0
DA:71,0
DA:72,0
DA:74,0
DA:75,0
DA:76,0
DA:77,0
DA:79,0
DA:80,0
DA:88,0
DA:91,0
DA:92,0
DA:102,0
DA:103,0
DA:105,0
DA:108,0
DA:115,0
DA:116,0
DA:117,0
DA:124,0
DA:125,0
DA:126,0
DA:133,0
DA:134,0
DA:141,0
DA:142,0
DA:149,0
DA:150,0
DA:157,0
DA:158,0
DA:159,0
DA:162,0
DA:168,0
DA:169,0
DA:172,0
DA:180,0
DA:181,0
DA:182,0
DA:183,0
DA:185,0
DA:186,0
DA:194,0
DA:195,0
DA:197,0
DA:198,0
DA:202,0
DA:203,0
DA:210,0
DA:211,0
DA:213,0
DA:226,0
DA:227,0
DA:230,0
DA:232,0
DA:236,0
DA:239,0
DA:240,0
DA:241,0
DA:242,0
DA:244,0
DA:248,0
DA:255,0
DA:256,0
DA:257,0
DA:260,0
DA:261,0
DA:262,0
DA:263,0
DA:264,0
DA:265,0
DA:266,0
DA:267,0
DA:271,0
DA:277,0
DA:278,0
DA:281,0
DA:283,0
DA:284,0
DA:292,0
DA:295,0
DA:296,0
DA:304,0
DA:305,0
DA:306,0
DA:307,0
DA:309,0
DA:318,0
DA:319,0
DA:322,0
DA:323,0
DA:325,0
DA:326,0
DA:327,0
DA:328,0
DA:329,0
DA:332,0
DA:338,0
DA:339,0
DA:342,0
DA:349,0
DA:350,0
DA:361,2
LF:122
LH:4
BRDA:28,0,0,0
BRDA:28,0,1,0
BRDA:28,1,0,0
BRDA:28,1,1,0
BRDA:41,2,0,0
BRDA:41,2,1,0
BRDA:87,3,0,0
BRDA:102,4,0,0
BRDA:102,4,1,0
BRDA:183,5,0,0
BRDA:183,5,1,0
BRDA:197,6,0,0
BRDA:197,6,1,0
BRDA:226,7,0,0
BRDA:226,7,1,0
BRDA:226,8,0,0
BRDA:226,8,1,0
BRDA:226,8,2,0
BRDA:230,9,0,0
BRDA:230,9,1,0
BRDA:230,10,0,0
BRDA:230,10,1,0
BRDA:239,11,0,0
BRDA:239,11,1,0
BRDA:254,12,0,0
BRDA:262,13,0,0
BRDA:262,13,1,0
BRDA:262,14,0,0
BRDA:262,14,1,0
BRDA:265,15,0,0
BRDA:265,15,1,0
BRDA:265,16,0,0
BRDA:265,16,1,0
BRDA:317,17,0,0
BRDA:318,18,0,0
BRDA:318,18,1,0
BRDA:326,19,0,0
BRDA:326,19,1,0
BRDA:326,20,0,0
BRDA:326,20,1,0
BRDA:334,21,0,0
BRDA:334,21,1,0
BRDA:339,22,0,0
BRDA:339,22,1,0
BRF:44
BRH:0
end_of_record
TN:
SF:src/services/userAccessService.js
FN:30,(anonymous_0)
FN:41,(anonymous_1)
FN:50,(anonymous_2)
FN:83,(anonymous_3)
FN:95,(anonymous_4)
FN:119,(anonymous_5)
FN:147,(anonymous_6)
FN:154,(anonymous_7)
FN:161,(anonymous_8)
FN:168,(anonymous_9)
FN:175,(anonymous_10)
FN:182,(anonymous_11)
FN:232,(anonymous_12)
FN:237,(anonymous_13)
FN:245,(anonymous_14)
FN:257,(anonymous_15)
FN:268,(anonymous_16)
FN:281,(anonymous_17)
FN:289,(anonymous_18)
FN:331,(anonymous_19)
FN:361,(anonymous_20)
FN:369,(anonymous_21)
FN:377,(anonymous_22)
FN:385,(anonymous_23)
FN:389,(anonymous_24)
FN:397,(anonymous_25)
FN:406,(anonymous_26)
FN:418,(anonymous_27)
FNF:28
FNH:6
FNDA:2,(anonymous_0)
FNDA:0,(anonymous_1)
FNDA:0,(anonymous_2)
FNDA:0,(anonymous_3)
FNDA:0,(anonymous_4)
FNDA:0,(anonymous_5)
FNDA:0,(anonymous_6)
FNDA:4,(anonymous_7)
FNDA:0,(anonymous_8)
FNDA:0,(anonymous_9)
FNDA:0,(anonymous_10)
FNDA:9,(anonymous_11)
FNDA:0,(anonymous_12)
FNDA:0,(anonymous_13)
FNDA:0,(anonymous_14)
FNDA:0,(anonymous_15)
FNDA:0,(anonymous_16)
FNDA:0,(anonymous_17)
FNDA:0,(anonymous_18)
FNDA:9,(anonymous_19)
FNDA:0,(anonymous_20)
FNDA:0,(anonymous_21)
FNDA:0,(anonymous_22)
FNDA:9,(anonymous_23)
FNDA:9,(anonymous_24)
FNDA:0,(anonymous_25)
FNDA:0,(anonymous_26)
FNDA:0,(anonymous_27)
DA:14,2
DA:23,2
DA:31,2
DA:32,2
DA:33,2
DA:34,2
DA:35,2
DA:42,0
DA:43,0
DA:44,0
DA:51,0
DA:52,0
DA:54,0
DA:56,0
DA:57,0
DA:58,0
DA:60,0
DA:61,0
DA:64,0
DA:65,0
DA:68,0
DA:73,0
DA:75,0
DA:76,0
DA:86,0
DA:87,0
DA:89,0
DA:96,0
DA:97,0
DA:98,0
DA:105,0
DA:120,0
DA:148,0
DA:155,4
DA:162,0
DA:169,0
DA:176,0
DA:183,9
DA:186,9
DA:187,8
DA:190,1
DA:192,1
DA:193,1
DA:195,1
DA:196,0
DA:198,0
DA:199,0
DA:200,0
DA:202,0
DA:203,0
DA:205,0
DA:206,0
DA:207,0
DA:208,0
DA:212,0
DA:216,0
DA:220,1
DA:222,1
DA:226,1
DA:233,0
DA:234,0
DA:237,0
DA:238,0
DA:246,0
DA:247,0
DA:248,0
DA:250,0
DA:258,0
DA:259,0
DA:261,0
DA:270,0
DA:271,0
DA:274,0
DA:275,0
DA:283,0
DA:290,0
DA:299,0
DA:301,0
DA:309,0
DA:316,0
DA:319,0
DA:332,9
DA:334,9
DA:355,9
DA:362,0
DA:363,0
DA:370,0
DA:371,0
DA:378,0
DA:379,0
DA:386,9
DA:389,9
DA:390,9
DA:398,0
DA:406,0
DA:407,0
DA:408,0
DA:410,0
DA:419,0
DA:420,0
DA:425,2
LF:101
LH:25
BRDA:52,0,0,0
BRDA:52,0,1,0
BRDA:56,1,0,0
BRDA:56,1,1,0
BRDA:89,2,0,0
BRDA:89,2,1,0
BRDA:162,3,0,0
BRDA:162,3,1,0
BRDA:182,4,0,0
BRDA:186,5,0,8
BRDA:186,5,1,1
BRDA:193,6,0,1
BRDA:193,6,1,0
BRDA:196,7,0,0
BRDA:196,7,1,0
BRDA:199,8,0,0
BRDA:199,8,1,0
BRDA:200,9,0,0
BRDA:200,9,1,0
BRDA:205,10,0,0
BRDA:205,10,1,0
BRDA:207,11,0,0
BRDA:207,11,1,0
BRDA:233,12,0,0
BRDA:233,12,1,0
BRDA:238,13,0,0
BRDA:238,13,1,0
BRDA:268,14,0,0
BRDA:270,15,0,0
BRDA:270,15,1,0
BRDA:299,16,0,0
BRDA:299,16,1,0
BRDA:299,16,2,0
BRDA:299,16,3,0
BRDA:331,17,0,0
BRDA:355,18,0,9
BRDA:355,18,1,0
BRF:37
BRH:4
end_of_record
TN:
SF:src/services/whoDigitalLibraryService.js
FN:9,(anonymous_0)
FN:27,(anonymous_1)
FN:99,(anonymous_2)
FN:136,(anonymous_3)
FN:148,(anonymous_4)
FN:166,(anonymous_5)
FN:174,(anonymous_6)
FN:179,(anonymous_7)
FN:258,(anonymous_8)
FN:269,(anonymous_9)
FN:279,(anonymous_10)
FN:291,(anonymous_11)
FN:297,(anonymous_12)
FN:316,(anonymous_13)
FN:342,(anonymous_14)
FN:409,(anonymous_15)
FN:428,(anonymous_16)
FN:593,(anonymous_17)
FNF:18
FNH:0
FNDA:0,(anonymous_0)
FNDA:0,(anonymous_1)
FNDA:0,(anonymous_2)
FNDA:0,(anonymous_3)
FNDA:0,(anonymous_4)
FNDA:0,(anonymous_5)
FNDA:0,(anonymous_6)
FNDA:0,(anonymous_7)
FNDA:0,(anonymous_8)
FNDA:0,(anonymous_9)
FNDA:0,(anonymous_10)
FNDA:0,(anonymous_11)
FNDA:0,(anonymous_12)
FNDA:0,(anonymous_13)
FNDA:0,(anonymous_14)
FNDA:0,(anonymous_15)
FNDA:0,(anonymous_16)
FNDA:0,(anonymous_17)
DA:11,0
DA:12,0
DA:13,0
DA:14,0
DA:15,0
DA:28,0
DA:29,0
DA:36,0
DA:38,0
DA:48,0
DA:50,0
DA:52,0
DA:53,0
DA:54,0
DA:56,0
DA:57,0
DA:58,0
DA:59,0
DA:60,0
DA:61,0
DA:63,0
DA:67,0
DA:68,0
DA:70,0
DA:73,0
DA:74,0
DA:76,0
DA:77,0
DA:79,0
DA:84,0
DA:87,0
DA:90,0
DA:100,0
DA:101,0
DA:103,0
DA:112,0
DA:114,0
DA:115,0
DA:116,0
DA:117,0
DA:119,0
DA:123,0
DA:124,0
DA:126,0
DA:127,0
DA:137,0
DA:138,0
DA:147,0
DA:148,0
DA:149,0
DA:152,0
DA:167,0
DA:168,0
DA:171,0
DA:174,0
DA:175,0
DA:176,0
DA:177,0
DA:178,0
DA:179,0
DA:183,0
DA:250,0
DA:259,0
DA:261,0
DA:270,0
DA:271,0
DA:280,0
DA:281,0
DA:284,0
DA:286,0
DA:289,0
DA:291,0
DA:292,0
DA:293,0
DA:295,0
DA:296,0
DA:297,0
DA:299,0
DA:304,0
DA:306,0
DA:307,0
DA:317,0
DA:320,0
DA:321,0
DA:323,0
DA:326,0
DA:330,0
DA:331,0
DA:334,0
DA:343,0
DA:411,0
DA:413,0
DA:429,0
DA:432,0
DA:536,0
DA:539,0
DA:540,0
DA:541,0
DA:546,0
DA:547,0
DA:584,0
DA:594,0
DA:596,0
DA:597,0
DA:598,0
DA:599,0
DA:600,0
DA:602,0
DA:604,0
DA:607,0
DA:610,0
DA:613,0
DA:619,0
LF:113
LH:0
BRDA:12,0,0,0
BRDA:12,0,1,0
BRDA:27,1,0,0
BRDA:27,2,0,0
BRDA:27,3,0,0
BRDA:27,4,0,0
BRDA:48,5,0,0
BRDA:48,5,1,0
BRDA:50,6,0,0
BRDA:50,6,1,0
BRDA:54,7,0,0
BRDA:54,7,1,0
BRDA:58,8,0,0
BRDA:58,8,1,0
BRDA:60,9,0,0
BRDA:60,9,1,0
BRDA:73,10,0,0
BRDA:73,10,1,0
BRDA:73,11,0,0
BRDA:73,11,1,0
BRDA:74,12,0,0
BRDA:74,12,1,0
BRDA:84,13,0,0
BRDA:84,13,1,0
BRDA:84,14,0,0
BRDA:84,14,1,0
BRDA:84,14,2,0
BRDA:112,15,0,0
BRDA:112,15,1,0
BRDA:114,16,0,0
BRDA:114,16,1,0
BRDA:116,17,0,0
BRDA:116,17,1,0
BRDA:137,18,0,0
BRDA:137,18,1,0
BRDA:137,19,0,0
BRDA:137,19,1,0
BRDA:137,19,2,0
BRDA:148,20,0,0
BRDA:148,20,1,0
BRDA:149,21,0,0
BRDA:149,21,1,0
BRDA:154,22,0,0
BRDA:154,22,1,0
BRDA:155,23,0,0
BRDA:155,23,1,0
BRDA:156,24,0,0
BRDA:156,24,1,0
BRDA:157,25,0,0
BRDA:157,25,1,0
BRDA:167,26,0,0
BRDA:167,26,1,0
BRDA:167,27,0,0
BRDA:167,27,1,0
BRDA:176,28,0,0
BRDA:176,28,1,0
BRDA:176,29,0,0
BRDA:176,29,1,0
BRDA:177,30,0,0
BRDA:177,30,1,0
BRDA:178,31,0,0
BRDA:178,31,1,0
BRDA:184,32,0,0
BRDA:184,32,1,0
BRDA:188,33,0,0
BRDA:188,33,1,0
BRDA:203,34,0,0
BRDA:203,34,1,0
BRDA:226,35,0,0
BRDA:226,35,1,0
BRDA:259,36,0,0
BRDA:259,36,1,0
BRDA:270,37,0,0
BRDA:270,37,1,0
BRDA:280,38,0,0
BRDA:280,38,1,0
BRDA:280,39,0,0
BRDA:280,39,1,0
BRDA:292,40,0,0
BRDA:292,40,1,0
BRDA:295,41,0,0
BRDA:295,41,1,0
BRDA:296,42,0,0
BRDA:296,42,1,0
BRDA:316,43,0,0
BRDA:326,44,0,0
BRDA:326,44,1,0
BRDA:326,45,0,0
BRDA:326,45,1,0
BRDA:326,45,2,0
BRDA:326,45,3,0
BRDA:409,46,0,0
BRDA:409,47,0,0
BRDA:540,48,0,0
BRDA:540,48,1,0
BRDA:540,49,0,0
BRDA:540,49,1,0
BRDA:546,50,0,0
BRDA:546,50,1,0
BRDA:593,51,0,0
BRDA:594,52,0,0
BRDA:594,52,1,0
BRDA:596,53,0,0
BRDA:596,53,1,0
BRDA:597,54,0,0
BRDA:597,54,1,0
BRDA:597,54,2,0
BRDA:598,55,0,0
BRDA:598,55,1,0
BRDA:598,55,2,0
BRDA:599,56,0,0
BRDA:599,56,1,0
BRDA:602,57,0,0
BRDA:602,57,1,0
BRDA:602,57,2,0
BRDA:602,57,3,0
BRF:116
BRH:0
end_of_record
TN:
SF:src/utils/concurrency.js
FN:16,processConcurrently
FN:33,(anonymous_1)
FN:36,(anonymous_2)
FN:78,(anonymous_3)
FN:91,(anonymous_4)
FN:102,(anonymous_5)
FN:106,(anonymous_6)
FN:113,(anonymous_7)
FNF:8
FNH:0
FNDA:0,processConcurrently
FNDA:0,(anonymous_1)
FNDA:0,(anonymous_2)
FNDA:0,(anonymous_3)
FNDA:0,(anonymous_4)
FNDA:0,(anonymous_5)
FNDA:0,(anonymous_6)
FNDA:0,(anonymous_7)
DA:22,0
DA:24,0
DA:25,0
DA:28,0
DA:29,0
DA:30,0
DA:33,0
DA:36,0
DA:37,0
DA:38,0
DA:41,0
DA:42,0
DA:45,0
DA:46,0
DA:47,0
DA:49,0
DA:52,0
DA:53,0
DA:55,0
DA:56,0
DA:60,0
DA:62,0
DA:65,0
DA:66,0
DA:68,0
DA:69,0
DA:76,0
DA:78,0
DA:81,0
DA:83,0
DA:92,0
DA:93,0
DA:94,0
DA:103,0
DA:106,0
DA:109,0
DA:110,0
DA:111,0
DA:112,0
DA:113,0
DA:118,0
DA:121,0
LF:42
LH:0
BRDA:16,0,0,0
BRDA:18,1,0,0
BRDA:19,2,0,0
BRDA:20,3,0,0
BRDA:21,4,0,0
BRDA:24,5,0,0
BRDA:24,5,1,0
BRDA:24,6,0,0
BRDA:24,6,1,0
BRDA:41,7,0,0
BRDA:41,7,1,0
BRDA:52,8,0,0
BRDA:52,8,1,0
BRDA:55,9,0,0
BRDA:55,9,1,0
BRDA:65,10,0,0
BRDA:65,10,1,0
BRDA:68,11,0,0
BRDA:68,11,1,0
BRDA:91,12,0,0
BRDA:109,13,0,0
BRDA:109,13,1,0
BRDA:112,14,0,0
BRDA:112,14,1,0
BRF:24
BRH:0
end_of_record
TN:
SF:src/utils/logger.js
FN:7,(anonymous_0)
FN:36,(anonymous_1)
FN:49,(anonymous_2)
FN:52,(anonymous_3)
FN:53,(anonymous_4)
FN:54,(anonymous_5)
FN:55,(anonymous_6)
FN:58,(anonymous_7)
FN:59,(anonymous_8)
FN:60,(anonymous_9)
FN:62,(anonymous_10)
FN:63,(anonymous_11)
FN:64,(anonymous_12)
FN:66,(anonymous_13)
FN:68,(anonymous_14)
FN:70,(anonymous_15)
FN:72,(anonymous_16)
FN:74,(anonymous_17)
FN:82,(anonymous_18)
FN:114,(anonymous_19)
FN:122,(anonymous_20)
FNF:21
FNH:9
FNDA:6,(anonymous_0)
FNDA:0,(anonymous_1)
FNDA:12,(anonymous_2)
FNDA:4,(anonymous_3)
FNDA:0,(anonymous_4)
FNDA:3,(anonymous_5)
FNDA:9,(anonymous_6)
FNDA:0,(anonymous_7)
FNDA:0,(anonymous_8)
FNDA:0,(anonymous_9)
FNDA:0,(anonymous_10)
FNDA:0,(anonymous_11)
FNDA:0,(anonymous_12)
FNDA:0,(anonymous_13)
FNDA:15,(anonymous_14)
FNDA:30,(anonymous_15)
FNDA:0,(anonymous_16)
FNDA:82,(anonymous_17)
FNDA:143,(anonymous_18)
FNDA:0,(anonymous_19)
FNDA:0,(anonymous_20)
DA:9,6
DA:12,6
DA:20,6
DA:23,6
DA:24,6
DA:25,0
DA:29,6
DA:37,0
DA:38,0
DA:39,0
DA:40,0
DA:50,12
DA:51,12
DA:52,4
DA:53,0
DA:54,3
DA:55,9
DA:58,0
DA:59,0
DA:60,0
DA:62,0
DA:63,0
DA:64,0
DA:66,0
DA:68,15
DA:70,30
DA:72,0
DA:74,82
DA:83,143
DA:84,4
DA:85,4
DA:88,4
DA:91,4
DA:93,4
DA:94,4
DA:96,0
DA:97,0
DA:99,0
DA:100,0
DA:102,0
DA:103,0
DA:105,0
DA:106,0
DA:115,0
DA:116,0
DA:123,0
DA:124,0
DA:129,6
DA:132,6
DA:133,6
LF:50
LH:24
BRDA:20,0,0,0
BRDA:20,0,1,6
BRDA:24,1,0,0
BRDA:24,1,1,6
BRDA:24,2,0,6
BRDA:24,2,1,0
BRDA:38,3,0,0
BRDA:38,3,1,0
BRDA:58,4,0,0
BRDA:58,4,1,0
BRDA:62,5,0,0
BRDA:62,5,1,0
BRDA:83,6,0,4
BRDA:83,6,1,139
BRDA:91,7,0,4
BRDA:91,7,1,0
BRDA:91,7,2,0
BRDA:91,7,3,0
BRDA:91,7,4,0
BRDA:132,8,0,6
BRDA:132,8,1,0
BRF:21
BRH:7
end_of_record
TN:
SF:src/utils/navigationUtils.js
FN:10,(anonymous_0)
FN:19,(anonymous_1)
FN:44,(anonymous_2)
FN:66,(anonymous_3)
FN:67,(anonymous_4)
FNF:5
FNH:0
FNDA:0,(anonymous_0)
FNDA:0,(anonymous_1)
FNDA:0,(anonymous_2)
FNDA:0,(anonymous_3)
FNDA:0,(anonymous_4)
DA:10,2
DA:11,0
DA:19,2
DA:20,0
DA:21,0
DA:24,0
DA:27,0
DA:28,0
DA:32,0
DA:34,0
DA:44,2
DA:45,0
DA:47,0
DA:48,0
DA:51,0
DA:52,0
DA:54,0
DA:66,2
DA:67,0
DA:68,0
LF:20
LH:4
BRDA:11,0,0,0
BRDA:11,0,1,0
BRDA:20,1,0,0
BRDA:20,1,1,0
BRDA:24,2,0,0
BRDA:24,2,1,0
BRDA:27,3,0,0
BRDA:27,3,1,0
BRDA:32,4,0,0
BRDA:32,4,1,0
BRDA:44,5,0,0
BRDA:45,6,0,0
BRDA:45,6,1,0
BRDA:51,7,0,0
BRDA:51,7,1,0
BRDA:66,8,0,0
BRF:16
BRH:0
end_of_record
TN:
SF:src/utils/repositoryCompatibilityCache.js
FN:7,(anonymous_0)
FN:18,(anonymous_1)
FN:27,(anonymous_2)
FN:37,(anonymous_3)
FN:59,(anonymous_4)
FN:70,(anonymous_5)
FN:77,(anonymous_6)
FN:90,(anonymous_7)
FN:95,(anonymous_8)
FNF:9
FNH:5
FNDA:2,(anonymous_0)
FNDA:446,(anonymous_1)
FNDA:0,(anonymous_2)
FNDA:228,(anonymous_3)
FNDA:218,(anonymous_4)
FNDA:22,(anonymous_5)
FNDA:0,(anonymous_6)
FNDA:0,(anonymous_7)
FNDA:0,(anonymous_8)
DA:8,2
DA:9,2
DA:19,446
DA:28,0
DA:38,228
DA:39,228
DA:41,228
DA:42,228
DA:45,0
DA:46,0
DA:47,0
DA:50,0
DA:60,218
DA:61,218
DA:71,22
DA:78,0
DA:79,0
DA:80,0
DA:81,0
DA:91,0
DA:92,0
DA:95,0
DA:105,2
LF:23
LH:11
BRDA:7,0,0,2
BRDA:41,1,0,228
BRDA:41,1,1,0
BRDA:45,2,0,0
BRDA:45,2,1,0
BRDA:80,3,0,0
BRDA:80,3,1,0
BRF:7
BRH:2
end_of_record
